Jul-02 14:39:28.976 [main] DEBUG nextflow.cli.Launcher - $> nextflow run ../mgs-workflow/
Jul-02 14:39:29.101 [main] DEBUG nextflow.cli.CmdRun - N E X T F L O W  ~  version 24.04.2
Jul-02 14:39:29.126 [main] DEBUG nextflow.plugin.PluginsFacade - Setting up plugin manager > mode=prod; embedded=false; plugins-dir=/home/ec2-user/.nextflow/plugins; core-plugins: nf-amazon@2.5.2,nf-azure@1.6.0,nf-cloudcache@0.4.1,nf-codecommit@0.2.0,nf-console@1.1.3,nf-ga4gh@1.3.0,nf-google@1.13.2,nf-tower@1.9.1,nf-wave@1.4.2
Jul-02 14:39:29.138 [main] INFO  o.pf4j.DefaultPluginStatusProvider - Enabled plugins: []
Jul-02 14:39:29.139 [main] INFO  o.pf4j.DefaultPluginStatusProvider - Disabled plugins: []
Jul-02 14:39:29.142 [main] INFO  org.pf4j.DefaultPluginManager - PF4J version 3.10.0 in 'deployment' mode
Jul-02 14:39:29.157 [main] INFO  org.pf4j.AbstractPluginManager - No plugins
Jul-02 14:39:29.181 [main] DEBUG nextflow.scm.AssetManager - Project manifest does not exist: ../mgs-workflow/nextflow.config (No such file or directory)
Jul-02 14:39:29.215 [main] DEBUG nextflow.config.ConfigBuilder - Found config local: /home/ec2-user/nao-harmon/cebriamendoza2021/launch/nextflow.config
Jul-02 14:39:29.220 [main] DEBUG nextflow.config.ConfigBuilder - Parsing config file: /home/ec2-user/nao-harmon/cebriamendoza2021/launch/nextflow.config
Jul-02 14:39:29.257 [main] DEBUG n.secret.LocalSecretsProvider - Secrets store: /home/ec2-user/.nextflow/secrets/store.json
Jul-02 14:39:29.261 [main] DEBUG nextflow.secret.SecretsLoader - Discovered secrets providers: [nextflow.secret.LocalSecretsProvider@466d49f0] - activable => nextflow.secret.LocalSecretsProvider@466d49f0
Jul-02 14:39:29.270 [main] DEBUG nextflow.config.ConfigBuilder - Applying config profile: `standard`
Jul-02 14:39:30.125 [main] DEBUG nextflow.cli.CmdRun - Applied DSL=2 by global default
Jul-02 14:39:30.139 [main] DEBUG nextflow.cli.CmdRun - Launching `../mgs-workflow/main.nf` [maniac_mcclintock] DSL2 - revision: 4f0145a0b4
Jul-02 14:39:30.141 [main] DEBUG nextflow.plugin.PluginsFacade - Plugins default=[nf-amazon@2.5.2]
Jul-02 14:39:30.142 [main] DEBUG nextflow.plugin.PluginsFacade - Plugins resolved requirement=[nf-amazon@2.5.2, nf-wave@1.4.2]
Jul-02 14:39:30.142 [main] DEBUG nextflow.plugin.PluginUpdater - Installing plugin nf-amazon version: 2.5.2
Jul-02 14:39:30.153 [main] INFO  org.pf4j.AbstractPluginManager - Plugin 'nf-amazon@2.5.2' resolved
Jul-02 14:39:30.153 [main] INFO  org.pf4j.AbstractPluginManager - Start plugin 'nf-amazon@2.5.2'
Jul-02 14:39:30.172 [main] DEBUG nextflow.plugin.BasePlugin - Plugin started nf-amazon@2.5.2
Jul-02 14:39:30.201 [main] DEBUG nextflow.file.FileHelper - > Added 'S3FileSystemProvider' to list of installed providers [s3]
Jul-02 14:39:30.201 [main] DEBUG nextflow.plugin.PluginUpdater - Installing plugin nf-wave version: 1.4.2
Jul-02 14:39:30.205 [main] INFO  org.pf4j.AbstractPluginManager - Plugin 'nf-wave@1.4.2' resolved
Jul-02 14:39:30.205 [main] INFO  org.pf4j.AbstractPluginManager - Start plugin 'nf-wave@1.4.2'
Jul-02 14:39:30.214 [main] DEBUG nextflow.plugin.BasePlugin - Plugin started nf-wave@1.4.2
Jul-02 14:39:30.284 [main] DEBUG nextflow.Session - Session UUID: d31d6af6-4fb0-4da0-aa4b-78b9855164c4
Jul-02 14:39:30.284 [main] DEBUG nextflow.Session - Run name: maniac_mcclintock
Jul-02 14:39:30.285 [main] DEBUG nextflow.Session - Executor pool size: 4
Jul-02 14:39:30.298 [main] DEBUG nextflow.file.FileHelper - Creating a file system instance for provider: S3FileSystemProvider
Jul-02 14:39:30.312 [main] DEBUG nextflow.cloud.aws.config.AwsConfig - AWS S3 config properties: {socket_timeout=0, max_connections=1000, connection_timeout=0, max_error_retry=10}
Jul-02 14:39:30.545 [main] DEBUG nextflow.cloud.aws.AwsClientFactory - Merging AWS credentials file '/home/ec2-user/.aws/credentials' and config file '/home/ec2-user/.aws/config'
Jul-02 14:39:30.822 [main] DEBUG nextflow.file.FilePorter - File porter settings maxRetries=3; maxTransfers=50; pollTimeout=null
Jul-02 14:39:30.828 [main] DEBUG nextflow.util.ThreadPoolBuilder - Creating thread pool 'FileTransfer' minSize=10; maxSize=12; workQueue=LinkedBlockingQueue[10000]; allowCoreThreadTimeout=false
Jul-02 14:39:30.840 [main] DEBUG nextflow.cli.CmdRun - 
  Version: 24.04.2 build 5914
  Created: 29-05-2024 06:19 UTC 
  System: Linux 6.1.92-99.174.amzn2023.x86_64
  Runtime: Groovy 4.0.21 on OpenJDK 64-Bit Server VM 17.0.10+7
  Encoding: UTF-8 (UTF-8)
  Process: 6855@ip-172-31-2-212.ec2.internal [172.31.2.212]
  CPUs: 4 - Mem: 7.5 GB (5.5 GB) - Swap: 0 (0)
Jul-02 14:39:31.113 [main] DEBUG nextflow.file.FileHelper - Can't check if specified path is NFS (1): s3://nao-harmon/cebriamendoza2021/work

Jul-02 14:39:31.114 [main] DEBUG nextflow.Session - Work-dir: s3://nao-harmon/cebriamendoza2021/work [null]
Jul-02 14:39:31.185 [main] DEBUG nextflow.executor.ExecutorFactory - Extension executors providers=[AwsBatchExecutor]
Jul-02 14:39:31.200 [main] DEBUG nextflow.Session - Observer factory: DefaultObserverFactory
Jul-02 14:39:31.205 [main] DEBUG nextflow.Session - Observer factory: WaveFactory
Jul-02 14:39:31.206 [main] DEBUG io.seqera.wave.plugin.WaveFactory - Detected Fusion enabled -- Enabling bundle project resources -- Disabling upload of remote bin directory
Jul-02 14:39:31.237 [main] DEBUG nextflow.cache.CacheFactory - Using Nextflow cache factory: nextflow.cache.DefaultCacheFactory
Jul-02 14:39:31.246 [main] DEBUG nextflow.util.CustomThreadPool - Creating default thread pool > poolSize: 5; maxThreads: 1000
Jul-02 14:39:31.304 [main] DEBUG nextflow.Session - Session start
Jul-02 14:39:31.507 [main] DEBUG nextflow.script.ScriptRunner - > Launching execution
Jul-02 14:39:34.631 [main] WARN  nextflow.NextflowMeta$Preview - WORKFLOW OUTPUT DSL IS A PREVIEW FEATURE - SYNTAX AND FUNCTIONALITY CAN CHANGE IN FUTURE RELEASES
Jul-02 14:39:35.723 [main] DEBUG nextflow.script.ProcessConfig - Config settings `withLabel:seqtk` matches labels `single,seqtk` for process with name RUN:RAW:CONCAT_GZIPPED
Jul-02 14:39:35.725 [main] DEBUG nextflow.script.ProcessConfig - Config settings `withLabel:single` matches labels `single,seqtk` for process with name RUN:RAW:CONCAT_GZIPPED
Jul-02 14:39:35.741 [main] DEBUG nextflow.executor.ExecutorFactory - << taskConfig executor: awsbatch
Jul-02 14:39:35.741 [main] DEBUG nextflow.executor.ExecutorFactory - >> processorType: 'awsbatch'
Jul-02 14:39:35.744 [main] DEBUG nextflow.executor.Executor - [warm up] executor > awsbatch (fusion enabled)
Jul-02 14:39:35.756 [main] DEBUG nextflow.util.ThrottlingExecutor - Creating throttling executor with opts: nextflow.util.ThrottlingExecutor$Options(poolName:AWSBatch-executor, limiter:RateLimiter[stableRate=50.0qps], poolSize:20, maxPoolSize:20, queueSize:5000, maxRetries:10, keepAlive:1m, autoThrottle:true, errorBurstDelay:1s, rampUpInterval:100, rampUpFactor:1.2, rampUpMaxRate:1.7976931348623157E308, backOffFactor:2.0, backOffMinRate:0.0166666667, retryDelay:1s)
Jul-02 14:39:35.761 [main] DEBUG nextflow.util.ThrottlingExecutor - Creating throttling executor with opts: nextflow.util.ThrottlingExecutor$Options(poolName:AWSBatch-reaper, limiter:RateLimiter[stableRate=50.0qps], poolSize:20, maxPoolSize:20, queueSize:5000, maxRetries:10, keepAlive:1m, autoThrottle:true, errorBurstDelay:1s, rampUpInterval:100, rampUpFactor:1.2, rampUpMaxRate:1.7976931348623157E308, backOffFactor:2.0, backOffMinRate:0.0166666667, retryDelay:1s)
Jul-02 14:39:35.763 [main] DEBUG n.cloud.aws.batch.AwsBatchExecutor - Creating parallel monitor for executor 'awsbatch' > pollInterval=10s; dumpInterval=5m
Jul-02 14:39:35.769 [main] DEBUG n.processor.TaskPollingMonitor - >>> barrier register (monitor: awsbatch)
Jul-02 14:39:35.773 [main] DEBUG nextflow.cloud.aws.AwsClientFactory - Merging AWS credentials file '/home/ec2-user/.aws/credentials' and config file '/home/ec2-user/.aws/config'
Jul-02 14:39:35.808 [main] DEBUG n.cloud.aws.batch.AwsBatchExecutor - [AWS BATCH] Executor options=AwsOptions(remoteBinDir:null, fetchInstanceType:false, region:us-east-1, jobRole:null, logsGroup:null, retryMode:standard, shareIdentifier:null, schedulingPriority:0, cliPath:null, volumes:[], maxParallelTransfers:4, maxTransferAttempts:5, maxSpotAttempts:5, delayBetweenAttempts:10s, storageClass:null, storageEncryption:null, storageKmsKeyId:null, s3Acl:null, debug:null, awsCli:aws --region us-east-1, fargateMode:false, s5cmdPath:null, executionRole:null)
Jul-02 14:39:35.880 [main] DEBUG nextflow.script.ProcessConfig - Config settings `withLabel:FASTQC` matches labels `FASTQC` for process with name RUN:RAW:QC:FASTQC
Jul-02 14:39:35.883 [main] DEBUG nextflow.executor.ExecutorFactory - << taskConfig executor: awsbatch
Jul-02 14:39:35.883 [main] DEBUG nextflow.executor.ExecutorFactory - >> processorType: 'awsbatch'
Jul-02 14:39:35.899 [main] DEBUG nextflow.script.ProcessConfig - Config settings `withLabel:MultiQC` matches labels `single,MultiQC` for process with name RUN:RAW:QC:MULTIQC
Jul-02 14:39:35.900 [main] DEBUG nextflow.script.ProcessConfig - Config settings `withLabel:single` matches labels `single,MultiQC` for process with name RUN:RAW:QC:MULTIQC
Jul-02 14:39:35.903 [main] DEBUG nextflow.executor.ExecutorFactory - << taskConfig executor: awsbatch
Jul-02 14:39:35.903 [main] DEBUG nextflow.executor.ExecutorFactory - >> processorType: 'awsbatch'
Jul-02 14:39:35.912 [main] DEBUG nextflow.script.ProcessConfig - Config settings `withLabel:R` matches labels `R,single` for process with name RUN:RAW:QC:SUMMARIZE_MULTIQC_SINGLE
Jul-02 14:39:35.913 [main] DEBUG nextflow.script.ProcessConfig - Config settings `withLabel:single` matches labels `R,single` for process with name RUN:RAW:QC:SUMMARIZE_MULTIQC_SINGLE
Jul-02 14:39:35.915 [main] DEBUG nextflow.executor.ExecutorFactory - << taskConfig executor: awsbatch
Jul-02 14:39:35.915 [main] DEBUG nextflow.executor.ExecutorFactory - >> processorType: 'awsbatch'
Jul-02 14:39:35.926 [main] DEBUG nextflow.script.ProcessConfig - Config settings `withLabel:fastp` matches labels `large,fastp` for process with name RUN:CLEAN:FASTP
Jul-02 14:39:35.927 [main] DEBUG nextflow.script.ProcessConfig - Config settings `withLabel:large` matches labels `large,fastp` for process with name RUN:CLEAN:FASTP
Jul-02 14:39:35.931 [main] DEBUG nextflow.executor.ExecutorFactory - << taskConfig executor: awsbatch
Jul-02 14:39:35.931 [main] DEBUG nextflow.executor.ExecutorFactory - >> processorType: 'awsbatch'
Jul-02 14:39:35.942 [main] DEBUG nextflow.script.ProcessConfig - Config settings `withLabel:FASTQC` matches labels `FASTQC` for process with name RUN:CLEAN:QC:FASTQC
Jul-02 14:39:35.946 [main] DEBUG nextflow.executor.ExecutorFactory - << taskConfig executor: awsbatch
Jul-02 14:39:35.946 [main] DEBUG nextflow.executor.ExecutorFactory - >> processorType: 'awsbatch'
Jul-02 14:39:35.959 [main] DEBUG nextflow.script.ProcessConfig - Config settings `withLabel:MultiQC` matches labels `single,MultiQC` for process with name RUN:CLEAN:QC:MULTIQC
Jul-02 14:39:35.960 [main] DEBUG nextflow.script.ProcessConfig - Config settings `withLabel:single` matches labels `single,MultiQC` for process with name RUN:CLEAN:QC:MULTIQC
Jul-02 14:39:35.964 [main] DEBUG nextflow.executor.ExecutorFactory - << taskConfig executor: awsbatch
Jul-02 14:39:35.964 [main] DEBUG nextflow.executor.ExecutorFactory - >> processorType: 'awsbatch'
Jul-02 14:39:35.973 [main] DEBUG nextflow.script.ProcessConfig - Config settings `withLabel:R` matches labels `R,single` for process with name RUN:CLEAN:QC:SUMMARIZE_MULTIQC_SINGLE
Jul-02 14:39:35.973 [main] DEBUG nextflow.script.ProcessConfig - Config settings `withLabel:single` matches labels `R,single` for process with name RUN:CLEAN:QC:SUMMARIZE_MULTIQC_SINGLE
Jul-02 14:39:35.976 [main] DEBUG nextflow.executor.ExecutorFactory - << taskConfig executor: awsbatch
Jul-02 14:39:35.976 [main] DEBUG nextflow.executor.ExecutorFactory - >> processorType: 'awsbatch'
Jul-02 14:39:35.984 [main] DEBUG nextflow.script.ProcessConfig - Config settings `withLabel:BBTools` matches labels `large,BBTools` for process with name RUN:DEDUP:CLUMPIFY_PAIRED
Jul-02 14:39:35.985 [main] DEBUG nextflow.script.ProcessConfig - Config settings `withLabel:large` matches labels `large,BBTools` for process with name RUN:DEDUP:CLUMPIFY_PAIRED
Jul-02 14:39:35.988 [main] DEBUG nextflow.executor.ExecutorFactory - << taskConfig executor: awsbatch
Jul-02 14:39:35.988 [main] DEBUG nextflow.executor.ExecutorFactory - >> processorType: 'awsbatch'
Jul-02 14:39:35.995 [main] DEBUG nextflow.script.ProcessConfig - Config settings `withLabel:FASTQC` matches labels `FASTQC` for process with name RUN:DEDUP:QC:FASTQC
Jul-02 14:39:35.998 [main] DEBUG nextflow.executor.ExecutorFactory - << taskConfig executor: awsbatch
Jul-02 14:39:35.998 [main] DEBUG nextflow.executor.ExecutorFactory - >> processorType: 'awsbatch'
Jul-02 14:39:36.007 [main] DEBUG nextflow.script.ProcessConfig - Config settings `withLabel:MultiQC` matches labels `single,MultiQC` for process with name RUN:DEDUP:QC:MULTIQC
Jul-02 14:39:36.008 [main] DEBUG nextflow.script.ProcessConfig - Config settings `withLabel:single` matches labels `single,MultiQC` for process with name RUN:DEDUP:QC:MULTIQC
Jul-02 14:39:36.011 [main] DEBUG nextflow.executor.ExecutorFactory - << taskConfig executor: awsbatch
Jul-02 14:39:36.011 [main] DEBUG nextflow.executor.ExecutorFactory - >> processorType: 'awsbatch'
Jul-02 14:39:36.020 [main] DEBUG nextflow.script.ProcessConfig - Config settings `withLabel:R` matches labels `R,single` for process with name RUN:DEDUP:QC:SUMMARIZE_MULTIQC_SINGLE
Jul-02 14:39:36.020 [main] DEBUG nextflow.script.ProcessConfig - Config settings `withLabel:single` matches labels `R,single` for process with name RUN:DEDUP:QC:SUMMARIZE_MULTIQC_SINGLE
Jul-02 14:39:36.022 [main] DEBUG nextflow.executor.ExecutorFactory - << taskConfig executor: awsbatch
Jul-02 14:39:36.023 [main] DEBUG nextflow.executor.ExecutorFactory - >> processorType: 'awsbatch'
Jul-02 14:39:36.033 [main] DEBUG nextflow.script.ProcessConfig - Config settings `withLabel:BBTools` matches labels `large,BBTools` for process with name RUN:RIBO_INITIAL:BBDUK
Jul-02 14:39:36.034 [main] DEBUG nextflow.script.ProcessConfig - Config settings `withLabel:large` matches labels `large,BBTools` for process with name RUN:RIBO_INITIAL:BBDUK
Jul-02 14:39:36.037 [main] DEBUG nextflow.executor.ExecutorFactory - << taskConfig executor: awsbatch
Jul-02 14:39:36.037 [main] DEBUG nextflow.executor.ExecutorFactory - >> processorType: 'awsbatch'
Jul-02 14:39:36.046 [main] DEBUG nextflow.script.ProcessConfig - Config settings `withLabel:FASTQC` matches labels `FASTQC` for process with name RUN:RIBO_INITIAL:QC:FASTQC
Jul-02 14:39:36.049 [main] DEBUG nextflow.executor.ExecutorFactory - << taskConfig executor: awsbatch
Jul-02 14:39:36.049 [main] DEBUG nextflow.executor.ExecutorFactory - >> processorType: 'awsbatch'
Jul-02 14:39:36.071 [main] DEBUG nextflow.script.ProcessConfig - Config settings `withLabel:MultiQC` matches labels `single,MultiQC` for process with name RUN:RIBO_INITIAL:QC:MULTIQC
Jul-02 14:39:36.072 [main] DEBUG nextflow.script.ProcessConfig - Config settings `withLabel:single` matches labels `single,MultiQC` for process with name RUN:RIBO_INITIAL:QC:MULTIQC
Jul-02 14:39:36.075 [main] DEBUG nextflow.executor.ExecutorFactory - << taskConfig executor: awsbatch
Jul-02 14:39:36.075 [main] DEBUG nextflow.executor.ExecutorFactory - >> processorType: 'awsbatch'
Jul-02 14:39:36.082 [main] DEBUG nextflow.script.ProcessConfig - Config settings `withLabel:R` matches labels `R,single` for process with name RUN:RIBO_INITIAL:QC:SUMMARIZE_MULTIQC_SINGLE
Jul-02 14:39:36.082 [main] DEBUG nextflow.script.ProcessConfig - Config settings `withLabel:single` matches labels `R,single` for process with name RUN:RIBO_INITIAL:QC:SUMMARIZE_MULTIQC_SINGLE
Jul-02 14:39:36.084 [main] DEBUG nextflow.executor.ExecutorFactory - << taskConfig executor: awsbatch
Jul-02 14:39:36.084 [main] DEBUG nextflow.executor.ExecutorFactory - >> processorType: 'awsbatch'
Jul-02 14:39:36.095 [main] DEBUG nextflow.script.ProcessConfig - Config settings `withLabel:BBTools` matches labels `large,BBTools` for process with name RUN:RIBO_SECONDARY:BBDUK
Jul-02 14:39:36.096 [main] DEBUG nextflow.script.ProcessConfig - Config settings `withLabel:large` matches labels `large,BBTools` for process with name RUN:RIBO_SECONDARY:BBDUK
Jul-02 14:39:36.099 [main] DEBUG nextflow.executor.ExecutorFactory - << taskConfig executor: awsbatch
Jul-02 14:39:36.099 [main] DEBUG nextflow.executor.ExecutorFactory - >> processorType: 'awsbatch'
Jul-02 14:39:36.107 [main] DEBUG nextflow.script.ProcessConfig - Config settings `withLabel:FASTQC` matches labels `FASTQC` for process with name RUN:RIBO_SECONDARY:QC:FASTQC
Jul-02 14:39:36.109 [main] DEBUG nextflow.executor.ExecutorFactory - << taskConfig executor: awsbatch
Jul-02 14:39:36.110 [main] DEBUG nextflow.executor.ExecutorFactory - >> processorType: 'awsbatch'
Jul-02 14:39:36.118 [main] DEBUG nextflow.script.ProcessConfig - Config settings `withLabel:MultiQC` matches labels `single,MultiQC` for process with name RUN:RIBO_SECONDARY:QC:MULTIQC
Jul-02 14:39:36.119 [main] DEBUG nextflow.script.ProcessConfig - Config settings `withLabel:single` matches labels `single,MultiQC` for process with name RUN:RIBO_SECONDARY:QC:MULTIQC
Jul-02 14:39:36.121 [main] DEBUG nextflow.executor.ExecutorFactory - << taskConfig executor: awsbatch
Jul-02 14:39:36.122 [main] DEBUG nextflow.executor.ExecutorFactory - >> processorType: 'awsbatch'
Jul-02 14:39:36.130 [main] DEBUG nextflow.script.ProcessConfig - Config settings `withLabel:R` matches labels `R,single` for process with name RUN:RIBO_SECONDARY:QC:SUMMARIZE_MULTIQC_SINGLE
Jul-02 14:39:36.130 [main] DEBUG nextflow.script.ProcessConfig - Config settings `withLabel:single` matches labels `R,single` for process with name RUN:RIBO_SECONDARY:QC:SUMMARIZE_MULTIQC_SINGLE
Jul-02 14:39:36.132 [main] DEBUG nextflow.executor.ExecutorFactory - << taskConfig executor: awsbatch
Jul-02 14:39:36.132 [main] DEBUG nextflow.executor.ExecutorFactory - >> processorType: 'awsbatch'
Jul-02 14:39:36.142 [main] DEBUG nextflow.script.ProcessConfig - Config settings `withLabel:BBTools` matches labels `BBTools,single` for process with name RUN:TAXONOMY_FULL:BBMERGE
Jul-02 14:39:36.142 [main] DEBUG nextflow.script.ProcessConfig - Config settings `withLabel:single` matches labels `BBTools,single` for process with name RUN:TAXONOMY_FULL:BBMERGE
Jul-02 14:39:36.144 [main] DEBUG nextflow.executor.ExecutorFactory - << taskConfig executor: awsbatch
Jul-02 14:39:36.144 [main] DEBUG nextflow.executor.ExecutorFactory - >> processorType: 'awsbatch'
Jul-02 14:39:36.150 [main] DEBUG nextflow.script.ProcessConfig - Config settings `withLabel:biopython` matches labels `biopython,single` for process with name RUN:TAXONOMY_FULL:JOIN_FASTQ
Jul-02 14:39:36.150 [main] DEBUG nextflow.script.ProcessConfig - Config settings `withLabel:single` matches labels `biopython,single` for process with name RUN:TAXONOMY_FULL:JOIN_FASTQ
Jul-02 14:39:36.152 [main] DEBUG nextflow.executor.ExecutorFactory - << taskConfig executor: awsbatch
Jul-02 14:39:36.152 [main] DEBUG nextflow.executor.ExecutorFactory - >> processorType: 'awsbatch'
Jul-02 14:39:36.160 [main] DEBUG nextflow.script.ProcessConfig - Config settings `withLabel:Kraken2` matches labels `Kraken2` for process with name RUN:TAXONOMY_FULL:KRAKEN
Jul-02 14:39:36.162 [main] DEBUG nextflow.executor.ExecutorFactory - << taskConfig executor: awsbatch
Jul-02 14:39:36.162 [main] DEBUG nextflow.executor.ExecutorFactory - >> processorType: 'awsbatch'
Jul-02 14:39:36.168 [main] DEBUG nextflow.script.ProcessConfig - Config settings `withLabel:tidyverse` matches labels `tidyverse,single` for process with name RUN:TAXONOMY_FULL:LABEL_KRAKEN_REPORTS
Jul-02 14:39:36.168 [main] DEBUG nextflow.script.ProcessConfig - Config settings `withLabel:single` matches labels `tidyverse,single` for process with name RUN:TAXONOMY_FULL:LABEL_KRAKEN_REPORTS
Jul-02 14:39:36.170 [main] DEBUG nextflow.executor.ExecutorFactory - << taskConfig executor: awsbatch
Jul-02 14:39:36.170 [main] DEBUG nextflow.executor.ExecutorFactory - >> processorType: 'awsbatch'
Jul-02 14:39:36.177 [main] DEBUG nextflow.script.ProcessConfig - Config settings `withLabel:tidyverse` matches labels `tidyverse,single` for process with name RUN:TAXONOMY_FULL:MERGE_KRAKEN_REPORTS
Jul-02 14:39:36.177 [main] DEBUG nextflow.script.ProcessConfig - Config settings `withLabel:single` matches labels `tidyverse,single` for process with name RUN:TAXONOMY_FULL:MERGE_KRAKEN_REPORTS
Jul-02 14:39:36.179 [main] DEBUG nextflow.executor.ExecutorFactory - << taskConfig executor: awsbatch
Jul-02 14:39:36.179 [main] DEBUG nextflow.executor.ExecutorFactory - >> processorType: 'awsbatch'
Jul-02 14:39:36.185 [main] DEBUG nextflow.script.ProcessConfig - Config settings `withLabel:Bracken` matches labels `Bracken,single` for process with name RUN:TAXONOMY_FULL:BRACKEN
Jul-02 14:39:36.186 [main] DEBUG nextflow.script.ProcessConfig - Config settings `withLabel:single` matches labels `Bracken,single` for process with name RUN:TAXONOMY_FULL:BRACKEN
Jul-02 14:39:36.188 [main] DEBUG nextflow.executor.ExecutorFactory - << taskConfig executor: awsbatch
Jul-02 14:39:36.188 [main] DEBUG nextflow.executor.ExecutorFactory - >> processorType: 'awsbatch'
Jul-02 14:39:36.195 [main] DEBUG nextflow.script.ProcessConfig - Config settings `withLabel:tidyverse` matches labels `tidyverse,single` for process with name RUN:TAXONOMY_FULL:LABEL_BRACKEN_REPORTS
Jul-02 14:39:36.195 [main] DEBUG nextflow.script.ProcessConfig - Config settings `withLabel:single` matches labels `tidyverse,single` for process with name RUN:TAXONOMY_FULL:LABEL_BRACKEN_REPORTS
Jul-02 14:39:36.197 [main] DEBUG nextflow.executor.ExecutorFactory - << taskConfig executor: awsbatch
Jul-02 14:39:36.197 [main] DEBUG nextflow.executor.ExecutorFactory - >> processorType: 'awsbatch'
Jul-02 14:39:36.204 [main] DEBUG nextflow.script.ProcessConfig - Config settings `withLabel:tidyverse` matches labels `tidyverse,single` for process with name RUN:TAXONOMY_FULL:MERGE_BRACKEN
Jul-02 14:39:36.205 [main] DEBUG nextflow.script.ProcessConfig - Config settings `withLabel:single` matches labels `tidyverse,single` for process with name RUN:TAXONOMY_FULL:MERGE_BRACKEN
Jul-02 14:39:36.206 [main] DEBUG nextflow.executor.ExecutorFactory - << taskConfig executor: awsbatch
Jul-02 14:39:36.206 [main] DEBUG nextflow.executor.ExecutorFactory - >> processorType: 'awsbatch'
Jul-02 14:39:36.216 [main] DEBUG nextflow.script.ProcessConfig - Config settings `withLabel:Bowtie2` matches labels `Bowtie2,large` for process with name RUN:HV:BOWTIE2_HV
Jul-02 14:39:36.217 [main] DEBUG nextflow.script.ProcessConfig - Config settings `withLabel:large` matches labels `Bowtie2,large` for process with name RUN:HV:BOWTIE2_HV
Jul-02 14:39:36.219 [main] DEBUG nextflow.executor.ExecutorFactory - << taskConfig executor: awsbatch
Jul-02 14:39:36.220 [main] DEBUG nextflow.executor.ExecutorFactory - >> processorType: 'awsbatch'
Jul-02 14:39:36.228 [main] DEBUG nextflow.script.ProcessConfig - Config settings `withLabel:pandas` matches labels `pandas,single` for process with name RUN:HV:PROCESS_BOWTIE2_SAM_PAIRED
Jul-02 14:39:36.228 [main] DEBUG nextflow.script.ProcessConfig - Config settings `withLabel:single` matches labels `pandas,single` for process with name RUN:HV:PROCESS_BOWTIE2_SAM_PAIRED
Jul-02 14:39:36.230 [main] DEBUG nextflow.executor.ExecutorFactory - << taskConfig executor: awsbatch
Jul-02 14:39:36.230 [main] DEBUG nextflow.executor.ExecutorFactory - >> processorType: 'awsbatch'
Jul-02 14:39:36.236 [main] DEBUG nextflow.script.ProcessConfig - Config settings `withLabel:biopython` matches labels `biopython,single` for process with name RUN:HV:EXTRACT_UNCONC_READ_IDS
Jul-02 14:39:36.236 [main] DEBUG nextflow.script.ProcessConfig - Config settings `withLabel:single` matches labels `biopython,single` for process with name RUN:HV:EXTRACT_UNCONC_READ_IDS
Jul-02 14:39:36.238 [main] DEBUG nextflow.executor.ExecutorFactory - << taskConfig executor: awsbatch
Jul-02 14:39:36.238 [main] DEBUG nextflow.executor.ExecutorFactory - >> processorType: 'awsbatch'
Jul-02 14:39:36.256 [main] DEBUG nextflow.script.ProcessConfig - Config settings `withLabel:seqtk` matches labels `seqtk,single` for process with name RUN:HV:EXTRACT_UNCONC_READS
Jul-02 14:39:36.256 [main] DEBUG nextflow.script.ProcessConfig - Config settings `withLabel:single` matches labels `seqtk,single` for process with name RUN:HV:EXTRACT_UNCONC_READS
Jul-02 14:39:36.258 [main] DEBUG nextflow.executor.ExecutorFactory - << taskConfig executor: awsbatch
Jul-02 14:39:36.258 [main] DEBUG nextflow.executor.ExecutorFactory - >> processorType: 'awsbatch'
Jul-02 14:39:36.267 [main] DEBUG nextflow.script.ProcessConfig - Config settings `withLabel:BBTools` matches labels `BBTools,single` for process with name RUN:HV:COMBINE_MAPPED_BOWTIE2_READS
Jul-02 14:39:36.268 [main] DEBUG nextflow.script.ProcessConfig - Config settings `withLabel:single` matches labels `BBTools,single` for process with name RUN:HV:COMBINE_MAPPED_BOWTIE2_READS
Jul-02 14:39:36.269 [main] DEBUG nextflow.executor.ExecutorFactory - << taskConfig executor: awsbatch
Jul-02 14:39:36.269 [main] DEBUG nextflow.executor.ExecutorFactory - >> processorType: 'awsbatch'
Jul-02 14:39:36.278 [main] DEBUG nextflow.script.ProcessConfig - Config settings `withLabel:Bowtie2` matches labels `Bowtie2,large` for process with name RUN:HV:BOWTIE2_HUMAN
Jul-02 14:39:36.278 [main] DEBUG nextflow.script.ProcessConfig - Config settings `withLabel:large` matches labels `Bowtie2,large` for process with name RUN:HV:BOWTIE2_HUMAN
Jul-02 14:39:36.281 [main] DEBUG nextflow.executor.ExecutorFactory - << taskConfig executor: awsbatch
Jul-02 14:39:36.281 [main] DEBUG nextflow.executor.ExecutorFactory - >> processorType: 'awsbatch'
Jul-02 14:39:36.293 [main] DEBUG nextflow.script.ProcessConfig - Config settings `withLabel:Bowtie2` matches labels `Bowtie2,large` for process with name RUN:HV:BOWTIE2_OTHER
Jul-02 14:39:36.293 [main] DEBUG nextflow.script.ProcessConfig - Config settings `withLabel:large` matches labels `Bowtie2,large` for process with name RUN:HV:BOWTIE2_OTHER
Jul-02 14:39:36.296 [main] DEBUG nextflow.executor.ExecutorFactory - << taskConfig executor: awsbatch
Jul-02 14:39:36.296 [main] DEBUG nextflow.executor.ExecutorFactory - >> processorType: 'awsbatch'
Jul-02 14:39:36.307 [main] DEBUG nextflow.script.ProcessConfig - Config settings `withLabel:BBTools` matches labels `max,BBTools` for process with name RUN:HV:BBMAP_HUMAN
Jul-02 14:39:36.308 [main] DEBUG nextflow.script.ProcessConfig - Config settings `withLabel:max` matches labels `max,BBTools` for process with name RUN:HV:BBMAP_HUMAN
Jul-02 14:39:36.310 [main] DEBUG nextflow.executor.ExecutorFactory - << taskConfig executor: awsbatch
Jul-02 14:39:36.310 [main] DEBUG nextflow.executor.ExecutorFactory - >> processorType: 'awsbatch'
Jul-02 14:39:36.320 [main] DEBUG nextflow.script.ProcessConfig - Config settings `withLabel:BBTools` matches labels `max,BBTools` for process with name RUN:HV:BBMAP_OTHER
Jul-02 14:39:36.321 [main] DEBUG nextflow.script.ProcessConfig - Config settings `withLabel:max` matches labels `max,BBTools` for process with name RUN:HV:BBMAP_OTHER
Jul-02 14:39:36.323 [main] DEBUG nextflow.executor.ExecutorFactory - << taskConfig executor: awsbatch
Jul-02 14:39:36.323 [main] DEBUG nextflow.executor.ExecutorFactory - >> processorType: 'awsbatch'
Jul-02 14:39:36.333 [main] DEBUG nextflow.script.ProcessConfig - Config settings `withLabel:BBTools` matches labels `BBTools,single` for process with name RUN:HV:TAXONOMY:BBMERGE
Jul-02 14:39:36.334 [main] DEBUG nextflow.script.ProcessConfig - Config settings `withLabel:single` matches labels `BBTools,single` for process with name RUN:HV:TAXONOMY:BBMERGE
Jul-02 14:39:36.336 [main] DEBUG nextflow.executor.ExecutorFactory - << taskConfig executor: awsbatch
Jul-02 14:39:36.336 [main] DEBUG nextflow.executor.ExecutorFactory - >> processorType: 'awsbatch'
Jul-02 14:39:36.344 [main] DEBUG nextflow.script.ProcessConfig - Config settings `withLabel:biopython` matches labels `biopython,single` for process with name RUN:HV:TAXONOMY:JOIN_FASTQ
Jul-02 14:39:36.344 [main] DEBUG nextflow.script.ProcessConfig - Config settings `withLabel:single` matches labels `biopython,single` for process with name RUN:HV:TAXONOMY:JOIN_FASTQ
Jul-02 14:39:36.346 [main] DEBUG nextflow.executor.ExecutorFactory - << taskConfig executor: awsbatch
Jul-02 14:39:36.346 [main] DEBUG nextflow.executor.ExecutorFactory - >> processorType: 'awsbatch'
Jul-02 14:39:36.355 [main] DEBUG nextflow.script.ProcessConfig - Config settings `withLabel:BBTools` matches labels `large,BBTools` for process with name RUN:HV:TAXONOMY:CLUMPIFY_SINGLE
Jul-02 14:39:36.355 [main] DEBUG nextflow.script.ProcessConfig - Config settings `withLabel:large` matches labels `large,BBTools` for process with name RUN:HV:TAXONOMY:CLUMPIFY_SINGLE
Jul-02 14:39:36.357 [main] DEBUG nextflow.executor.ExecutorFactory - << taskConfig executor: awsbatch
Jul-02 14:39:36.357 [main] DEBUG nextflow.executor.ExecutorFactory - >> processorType: 'awsbatch'
Jul-02 14:39:36.363 [main] DEBUG nextflow.script.ProcessConfig - Config settings `withLabel:Kraken2` matches labels `Kraken2` for process with name RUN:HV:TAXONOMY:KRAKEN
Jul-02 14:39:36.365 [main] DEBUG nextflow.executor.ExecutorFactory - << taskConfig executor: awsbatch
Jul-02 14:39:36.366 [main] DEBUG nextflow.executor.ExecutorFactory - >> processorType: 'awsbatch'
Jul-02 14:39:36.371 [main] DEBUG nextflow.script.ProcessConfig - Config settings `withLabel:tidyverse` matches labels `tidyverse,single` for process with name RUN:HV:TAXONOMY:LABEL_KRAKEN_REPORTS
Jul-02 14:39:36.372 [main] DEBUG nextflow.script.ProcessConfig - Config settings `withLabel:single` matches labels `tidyverse,single` for process with name RUN:HV:TAXONOMY:LABEL_KRAKEN_REPORTS
Jul-02 14:39:36.373 [main] DEBUG nextflow.executor.ExecutorFactory - << taskConfig executor: awsbatch
Jul-02 14:39:36.373 [main] DEBUG nextflow.executor.ExecutorFactory - >> processorType: 'awsbatch'
Jul-02 14:39:36.383 [main] DEBUG nextflow.script.ProcessConfig - Config settings `withLabel:tidyverse` matches labels `tidyverse,single` for process with name RUN:HV:TAXONOMY:MERGE_KRAKEN_REPORTS
Jul-02 14:39:36.383 [main] DEBUG nextflow.script.ProcessConfig - Config settings `withLabel:single` matches labels `tidyverse,single` for process with name RUN:HV:TAXONOMY:MERGE_KRAKEN_REPORTS
Jul-02 14:39:36.385 [main] DEBUG nextflow.executor.ExecutorFactory - << taskConfig executor: awsbatch
Jul-02 14:39:36.385 [main] DEBUG nextflow.executor.ExecutorFactory - >> processorType: 'awsbatch'
Jul-02 14:39:36.391 [main] DEBUG nextflow.script.ProcessConfig - Config settings `withLabel:Bracken` matches labels `Bracken,single` for process with name RUN:HV:TAXONOMY:BRACKEN
Jul-02 14:39:36.392 [main] DEBUG nextflow.script.ProcessConfig - Config settings `withLabel:single` matches labels `Bracken,single` for process with name RUN:HV:TAXONOMY:BRACKEN
Jul-02 14:39:36.393 [main] DEBUG nextflow.executor.ExecutorFactory - << taskConfig executor: awsbatch
Jul-02 14:39:36.394 [main] DEBUG nextflow.executor.ExecutorFactory - >> processorType: 'awsbatch'
Jul-02 14:39:36.400 [main] DEBUG nextflow.script.ProcessConfig - Config settings `withLabel:tidyverse` matches labels `tidyverse,single` for process with name RUN:HV:TAXONOMY:LABEL_BRACKEN_REPORTS
Jul-02 14:39:36.400 [main] DEBUG nextflow.script.ProcessConfig - Config settings `withLabel:single` matches labels `tidyverse,single` for process with name RUN:HV:TAXONOMY:LABEL_BRACKEN_REPORTS
Jul-02 14:39:36.401 [main] DEBUG nextflow.executor.ExecutorFactory - << taskConfig executor: awsbatch
Jul-02 14:39:36.402 [main] DEBUG nextflow.executor.ExecutorFactory - >> processorType: 'awsbatch'
Jul-02 14:39:36.409 [main] DEBUG nextflow.script.ProcessConfig - Config settings `withLabel:tidyverse` matches labels `tidyverse,single` for process with name RUN:HV:TAXONOMY:MERGE_BRACKEN
Jul-02 14:39:36.409 [main] DEBUG nextflow.script.ProcessConfig - Config settings `withLabel:single` matches labels `tidyverse,single` for process with name RUN:HV:TAXONOMY:MERGE_BRACKEN
Jul-02 14:39:36.411 [main] DEBUG nextflow.executor.ExecutorFactory - << taskConfig executor: awsbatch
Jul-02 14:39:36.411 [main] DEBUG nextflow.executor.ExecutorFactory - >> processorType: 'awsbatch'
Jul-02 14:39:36.418 [main] DEBUG nextflow.script.ProcessConfig - Config settings `withLabel:pandas` matches labels `pandas,single` for process with name RUN:HV:PROCESS_KRAKEN_HV
Jul-02 14:39:36.418 [main] DEBUG nextflow.script.ProcessConfig - Config settings `withLabel:single` matches labels `pandas,single` for process with name RUN:HV:PROCESS_KRAKEN_HV
Jul-02 14:39:36.420 [main] DEBUG nextflow.executor.ExecutorFactory - << taskConfig executor: awsbatch
Jul-02 14:39:36.420 [main] DEBUG nextflow.executor.ExecutorFactory - >> processorType: 'awsbatch'
Jul-02 14:39:36.429 [main] DEBUG nextflow.script.ProcessConfig - Config settings `withLabel:tidyverse` matches labels `tidyverse,single` for process with name RUN:HV:MERGE_SAM_KRAKEN
Jul-02 14:39:36.431 [main] DEBUG nextflow.script.ProcessConfig - Config settings `withLabel:single` matches labels `tidyverse,single` for process with name RUN:HV:MERGE_SAM_KRAKEN
Jul-02 14:39:36.432 [main] DEBUG nextflow.executor.ExecutorFactory - << taskConfig executor: awsbatch
Jul-02 14:39:36.432 [main] DEBUG nextflow.executor.ExecutorFactory - >> processorType: 'awsbatch'
Jul-02 14:39:36.440 [main] DEBUG nextflow.script.ProcessConfig - Config settings `withLabel:tidyverse` matches labels `tidyverse,single` for process with name RUN:HV:MERGE_TSVS
Jul-02 14:39:36.440 [main] DEBUG nextflow.script.ProcessConfig - Config settings `withLabel:single` matches labels `tidyverse,single` for process with name RUN:HV:MERGE_TSVS
Jul-02 14:39:36.442 [main] DEBUG nextflow.executor.ExecutorFactory - << taskConfig executor: awsbatch
Jul-02 14:39:36.442 [main] DEBUG nextflow.executor.ExecutorFactory - >> processorType: 'awsbatch'
Jul-02 14:39:36.447 [main] DEBUG nextflow.script.ProcessConfig - Config settings `withLabel:tidyverse` matches labels `tidyverse,single` for process with name RUN:HV:FILTER_HV
Jul-02 14:39:36.448 [main] DEBUG nextflow.script.ProcessConfig - Config settings `withLabel:single` matches labels `tidyverse,single` for process with name RUN:HV:FILTER_HV
Jul-02 14:39:36.449 [main] DEBUG nextflow.executor.ExecutorFactory - << taskConfig executor: awsbatch
Jul-02 14:39:36.449 [main] DEBUG nextflow.executor.ExecutorFactory - >> processorType: 'awsbatch'
Jul-02 14:39:36.454 [main] DEBUG nextflow.script.ProcessConfig - Config settings `withLabel:tidyverse` matches labels `tidyverse,single` for process with name RUN:HV:COLLAPSE_HV
Jul-02 14:39:36.454 [main] DEBUG nextflow.script.ProcessConfig - Config settings `withLabel:single` matches labels `tidyverse,single` for process with name RUN:HV:COLLAPSE_HV
Jul-02 14:39:36.455 [main] DEBUG nextflow.executor.ExecutorFactory - << taskConfig executor: awsbatch
Jul-02 14:39:36.455 [main] DEBUG nextflow.executor.ExecutorFactory - >> processorType: 'awsbatch'
Jul-02 14:39:36.459 [main] DEBUG nextflow.script.ProcessConfig - Config settings `withLabel:tidyverse` matches labels `tidyverse,single` for process with name RUN:HV:MAKE_HV_FASTA
Jul-02 14:39:36.459 [main] DEBUG nextflow.script.ProcessConfig - Config settings `withLabel:single` matches labels `tidyverse,single` for process with name RUN:HV:MAKE_HV_FASTA
Jul-02 14:39:36.460 [main] DEBUG nextflow.executor.ExecutorFactory - << taskConfig executor: awsbatch
Jul-02 14:39:36.460 [main] DEBUG nextflow.executor.ExecutorFactory - >> processorType: 'awsbatch'
Jul-02 14:39:36.464 [main] DEBUG nextflow.script.ProcessConfig - Config settings `withLabel:R` matches labels `R,large` for process with name RUN:HV:COUNT_HV_CLADES
Jul-02 14:39:36.464 [main] DEBUG nextflow.script.ProcessConfig - Config settings `withLabel:large` matches labels `R,large` for process with name RUN:HV:COUNT_HV_CLADES
Jul-02 14:39:36.466 [main] DEBUG nextflow.executor.ExecutorFactory - << taskConfig executor: awsbatch
Jul-02 14:39:36.466 [main] DEBUG nextflow.executor.ExecutorFactory - >> processorType: 'awsbatch'
Jul-02 14:39:36.498 [main] DEBUG nextflow.script.ProcessConfig - Config settings `withLabel:tidyverse` matches labels `tidyverse,single` for process with name RUN:PROCESS_OUTPUT:MERGE_MULTIQC_BASIC
Jul-02 14:39:36.498 [main] DEBUG nextflow.script.ProcessConfig - Config settings `withLabel:single` matches labels `tidyverse,single` for process with name RUN:PROCESS_OUTPUT:MERGE_MULTIQC_BASIC
Jul-02 14:39:36.500 [main] DEBUG nextflow.executor.ExecutorFactory - << taskConfig executor: awsbatch
Jul-02 14:39:36.500 [main] DEBUG nextflow.executor.ExecutorFactory - >> processorType: 'awsbatch'
Jul-02 14:39:36.505 [main] DEBUG nextflow.script.ProcessConfig - Config settings `withLabel:tidyverse` matches labels `tidyverse,single` for process with name RUN:PROCESS_OUTPUT:MERGE_MULTIQC_ADAPT
Jul-02 14:39:36.505 [main] DEBUG nextflow.script.ProcessConfig - Config settings `withLabel:single` matches labels `tidyverse,single` for process with name RUN:PROCESS_OUTPUT:MERGE_MULTIQC_ADAPT
Jul-02 14:39:36.506 [main] DEBUG nextflow.executor.ExecutorFactory - << taskConfig executor: awsbatch
Jul-02 14:39:36.506 [main] DEBUG nextflow.executor.ExecutorFactory - >> processorType: 'awsbatch'
Jul-02 14:39:36.511 [main] DEBUG nextflow.script.ProcessConfig - Config settings `withLabel:tidyverse` matches labels `tidyverse,single` for process with name RUN:PROCESS_OUTPUT:MERGE_MULTIQC_QBASE
Jul-02 14:39:36.511 [main] DEBUG nextflow.script.ProcessConfig - Config settings `withLabel:single` matches labels `tidyverse,single` for process with name RUN:PROCESS_OUTPUT:MERGE_MULTIQC_QBASE
Jul-02 14:39:36.512 [main] DEBUG nextflow.executor.ExecutorFactory - << taskConfig executor: awsbatch
Jul-02 14:39:36.512 [main] DEBUG nextflow.executor.ExecutorFactory - >> processorType: 'awsbatch'
Jul-02 14:39:36.516 [main] DEBUG nextflow.script.ProcessConfig - Config settings `withLabel:tidyverse` matches labels `tidyverse,single` for process with name RUN:PROCESS_OUTPUT:MERGE_MULTIQC_QSEQS
Jul-02 14:39:36.517 [main] DEBUG nextflow.script.ProcessConfig - Config settings `withLabel:single` matches labels `tidyverse,single` for process with name RUN:PROCESS_OUTPUT:MERGE_MULTIQC_QSEQS
Jul-02 14:39:36.518 [main] DEBUG nextflow.executor.ExecutorFactory - << taskConfig executor: awsbatch
Jul-02 14:39:36.518 [main] DEBUG nextflow.executor.ExecutorFactory - >> processorType: 'awsbatch'
Jul-02 14:39:36.525 [main] DEBUG nextflow.script.ProcessConfig - Config settings `withLabel:tidyverse` matches labels `tidyverse,single` for process with name RUN:PROCESS_OUTPUT:SUMMARIZE_COMPOSITION_FULL
Jul-02 14:39:36.525 [main] DEBUG nextflow.script.ProcessConfig - Config settings `withLabel:single` matches labels `tidyverse,single` for process with name RUN:PROCESS_OUTPUT:SUMMARIZE_COMPOSITION_FULL
Jul-02 14:39:36.527 [main] DEBUG nextflow.executor.ExecutorFactory - << taskConfig executor: awsbatch
Jul-02 14:39:36.527 [main] DEBUG nextflow.executor.ExecutorFactory - >> processorType: 'awsbatch'
Jul-02 14:39:36.731 [main] DEBUG nextflow.Session - Workflow process names [dsl2]: RUN:HV:BOWTIE2_HV, SUBSET_READS_PAIRED_MERGED, SUMMARIZE_COMPOSITION, RUN:PROCESS_OUTPUT:MERGE_MULTIQC_ADAPT, RUN:RIBO_INITIAL:QC:SUMMARIZE_MULTIQC_SINGLE, DUSTMASKER_FASTA_GZIPPED, RUN:PROCESS_OUTPUT:MERGE_MULTIQC_BASIC, FILTER_BLAST, RUN:TAXONOMY_FULL:JOIN_FASTQ, EXPAND_HUMAN_VIRUS_DB, RUN:RIBO_SECONDARY:QC:FASTQC, PAIR_BLAST, EXTRACT_BT2_INDEX_OTHER, RUN:RIBO_INITIAL:BBDUK, RUN:HV:BOWTIE2_HUMAN, RUN:HV:PROCESS_KRAKEN_HV, DOWNLOAD_BLAST_DB, RUN:HV:TAXONOMY:JOIN_FASTQ, RUN:HV:COMBINE_MAPPED_BOWTIE2_READS, CLUMPIFY_SINGLE, RUN:CLEAN:FASTP, RUN:PROCESS_OUTPUT:SUMMARIZE_COMPOSITION_FULL, RUN:HV:MAKE_HV_FASTA, FILTER_HUMAN_VIRUS_GENOMES, RUN:HV:COLLAPSE_HV, RUN:HV:TAXONOMY:BBMERGE, DOWNLOAD_GENOME, DOWNLOAD_MOUSE, RUN:DEDUP:QC:MULTIQC, DOWNLOAD_CARP, PROCESS_KRAKEN_HV, RUN:RAW:CONCAT_GZIPPED, COUNT_HV_CLADES, BBMAP, COMBINE_MAPPED_BOWTIE2_READS, FASTQC, RUN:RIBO_INITIAL:QC:MULTIQC, MULTIQC, CONCATENATE_FASTA_GZIPPED_DIR, RUN:HV:BBMAP_HUMAN, DOWNLOAD_NCBI_TAXONOMY, MAKE_HV_FASTA, RUN:RIBO_INITIAL:QC:FASTQC, RUN:HV:BBMAP_OTHER, RUN:HV:TAXONOMY:KRAKEN, SUMMARIZE_MULTIQC_SINGLE, BOWTIE2_HV, RUN:RAW:QC:SUMMARIZE_MULTIQC_SINGLE, RUN:RIBO_SECONDARY:BBDUK, BBDUK, EXTRACT_BT2_INDEX_HV, RUN:RAW:QC:FASTQC, MERGE_SAM_KRAKEN, SUMMARIZE_COMPOSITION_FULL, GET_HV_DESCENDENTS, PROCESS_BOWTIE2_SAM_PAIRED, BOWTIE2_OTHER, FINALIZE_HUMAN_VIRUS_DB, RUN:HV:TAXONOMY:LABEL_KRAKEN_REPORTS, BBMAP_INDEX, DOWNLOAD_HUMAN_VIRUS_DB, EXTRACT_UNCONC_READ_IDS, RUN:HV:TAXONOMY:MERGE_KRAKEN_REPORTS, JOIN_RIBO_REF, BOWTIE2, RUN:CLEAN:QC:FASTQC, RUN:CLEAN:QC:SUMMARIZE_MULTIQC_SINGLE, RUN:HV:TAXONOMY:CLUMPIFY_SINGLE, DOWNLOAD_COW, DOWNLOAD_PIG, RUN:HV:TAXONOMY:BRACKEN, BRACKEN, BBMERGE, BLAST_PAIRED_NT, MERGE_MULTIQC_QSEQS, EXTRACT_TARBALL, RUN:HV:MERGE_SAM_KRAKEN, RUN:HV:PROCESS_BOWTIE2_SAM_PAIRED, FASTP, RUN:TAXONOMY_FULL:BBMERGE, RUN:HV:MERGE_TSVS, RUN:HV:COUNT_HV_CLADES, CONCAT_GZIPPED, RUN:TAXONOMY_FULL:BRACKEN, RUN:HV:EXTRACT_UNCONC_READS, DOWNLOAD_ECOLI, LABEL_BRACKEN_REPORTS, TRUNCATE_CONCAT, EXTRACT_BT2_INDEX_HUMAN, MERGE_MULTIQC_QBASE, EXTRACT_UNCONC_READS, EXTRACT_BBM_INDEX_HUMAN, KRAKEN, RUN:DEDUP:QC:SUMMARIZE_MULTIQC_SINGLE, RUN:TAXONOMY_FULL:LABEL_BRACKEN_REPORTS, BOWTIE2_HUMAN, RUN:HV:BOWTIE2_OTHER, RUN:HV:FILTER_HV, SUBSET_READS_PAIRED, DOWNLOAD_HUMAN_VIRUS_GENOMES, RUN:RAW:QC:MULTIQC, RUN:DEDUP:QC:FASTQC, FILTER_HV, COLLAPSE_HV, MERGE_BRACKEN, RUN:RIBO_SECONDARY:QC:MULTIQC, RUN:TAXONOMY_FULL:MERGE_KRAKEN_REPORTS, BOWTIE2_INDEX, RUN:PROCESS_OUTPUT:MERGE_MULTIQC_QBASE, EXTRACT_NCBI_TAXONOMY, RUN:TAXONOMY_FULL:KRAKEN, MAKE_TOTAL_VIRUS_DB, RUN:HV:TAXONOMY:LABEL_BRACKEN_REPORTS, RUN:CLEAN:QC:MULTIQC, EXTRACT_KRAKEN_DB, MAKE_HUMAN_VIRUS_ID_MAPPING, MERGE_KRAKEN_REPORTS, BBMAP_OTHER, RUN:TAXONOMY_FULL:LABEL_KRAKEN_REPORTS, BBMAP_HUMAN, MERGE_MULTIQC_ADAPT, LABEL_KRAKEN_REPORTS, CONCATENATE_FASTA_GZIPPED, RUN:DEDUP:CLUMPIFY_PAIRED, RUN:PROCESS_OUTPUT:MERGE_MULTIQC_QSEQS, MERGE_TSVS, RUN:HV:EXTRACT_UNCONC_READ_IDS, JOIN_FASTQ, EXTRACT_BBM_INDEX_OTHER, CLUMPIFY_PAIRED, RUN:HV:TAXONOMY:MERGE_BRACKEN, RUN:RIBO_SECONDARY:QC:SUMMARIZE_MULTIQC_SINGLE, RUN:TAXONOMY_FULL:MERGE_BRACKEN, MERGE_MULTIQC_BASIC
Jul-02 14:39:36.731 [main] DEBUG nextflow.Session - Igniting dataflow network (66)
Jul-02 14:39:36.738 [main] DEBUG nextflow.processor.TaskProcessor - Starting process > RUN:RAW:CONCAT_GZIPPED
Jul-02 14:39:36.738 [main] DEBUG nextflow.processor.TaskProcessor - Starting process > RUN:RAW:QC:FASTQC
Jul-02 14:39:36.738 [main] DEBUG nextflow.processor.TaskProcessor - Starting process > RUN:RAW:QC:MULTIQC
Jul-02 14:39:36.738 [main] DEBUG nextflow.processor.TaskProcessor - Starting process > RUN:RAW:QC:SUMMARIZE_MULTIQC_SINGLE
Jul-02 14:39:36.738 [main] DEBUG nextflow.processor.TaskProcessor - Starting process > RUN:CLEAN:FASTP
Jul-02 14:39:36.738 [main] DEBUG nextflow.processor.TaskProcessor - Starting process > RUN:CLEAN:QC:FASTQC
Jul-02 14:39:36.740 [main] DEBUG nextflow.processor.TaskProcessor - Starting process > RUN:CLEAN:QC:MULTIQC
Jul-02 14:39:36.740 [main] DEBUG nextflow.processor.TaskProcessor - Starting process > RUN:CLEAN:QC:SUMMARIZE_MULTIQC_SINGLE
Jul-02 14:39:36.741 [main] DEBUG nextflow.processor.TaskProcessor - Starting process > RUN:DEDUP:CLUMPIFY_PAIRED
Jul-02 14:39:36.741 [main] DEBUG nextflow.processor.TaskProcessor - Starting process > RUN:DEDUP:QC:FASTQC
Jul-02 14:39:36.741 [main] DEBUG nextflow.processor.TaskProcessor - Starting process > RUN:DEDUP:QC:MULTIQC
Jul-02 14:39:36.741 [main] DEBUG nextflow.processor.TaskProcessor - Starting process > RUN:DEDUP:QC:SUMMARIZE_MULTIQC_SINGLE
Jul-02 14:39:36.741 [main] DEBUG nextflow.processor.TaskProcessor - Starting process > RUN:RIBO_INITIAL:BBDUK
Jul-02 14:39:36.742 [main] DEBUG nextflow.processor.TaskProcessor - Starting process > RUN:RIBO_INITIAL:QC:FASTQC
Jul-02 14:39:36.742 [main] DEBUG nextflow.processor.TaskProcessor - Starting process > RUN:RIBO_INITIAL:QC:MULTIQC
Jul-02 14:39:36.742 [main] DEBUG nextflow.processor.TaskProcessor - Starting process > RUN:RIBO_INITIAL:QC:SUMMARIZE_MULTIQC_SINGLE
Jul-02 14:39:36.742 [main] DEBUG nextflow.processor.TaskProcessor - Starting process > RUN:RIBO_SECONDARY:BBDUK
Jul-02 14:39:36.742 [main] DEBUG nextflow.processor.TaskProcessor - Starting process > RUN:RIBO_SECONDARY:QC:FASTQC
Jul-02 14:39:36.742 [main] DEBUG nextflow.processor.TaskProcessor - Starting process > RUN:RIBO_SECONDARY:QC:MULTIQC
Jul-02 14:39:36.742 [main] DEBUG nextflow.processor.TaskProcessor - Starting process > RUN:RIBO_SECONDARY:QC:SUMMARIZE_MULTIQC_SINGLE
Jul-02 14:39:36.743 [main] DEBUG nextflow.processor.TaskProcessor - Starting process > RUN:TAXONOMY_FULL:BBMERGE
Jul-02 14:39:36.743 [main] DEBUG nextflow.processor.TaskProcessor - Starting process > RUN:TAXONOMY_FULL:JOIN_FASTQ
Jul-02 14:39:36.743 [main] DEBUG nextflow.processor.TaskProcessor - Starting process > RUN:TAXONOMY_FULL:KRAKEN
Jul-02 14:39:36.743 [main] DEBUG nextflow.processor.TaskProcessor - Starting process > RUN:TAXONOMY_FULL:LABEL_KRAKEN_REPORTS
Jul-02 14:39:36.743 [main] DEBUG nextflow.processor.TaskProcessor - Starting process > RUN:TAXONOMY_FULL:MERGE_KRAKEN_REPORTS
Jul-02 14:39:36.743 [main] DEBUG nextflow.processor.TaskProcessor - Starting process > RUN:TAXONOMY_FULL:BRACKEN
Jul-02 14:39:36.743 [main] DEBUG nextflow.processor.TaskProcessor - Starting process > RUN:TAXONOMY_FULL:LABEL_BRACKEN_REPORTS
Jul-02 14:39:36.743 [main] DEBUG nextflow.processor.TaskProcessor - Starting process > RUN:TAXONOMY_FULL:MERGE_BRACKEN
Jul-02 14:39:36.743 [main] DEBUG nextflow.processor.TaskProcessor - Starting process > RUN:HV:BOWTIE2_HV
Jul-02 14:39:36.743 [main] DEBUG nextflow.processor.TaskProcessor - Starting process > RUN:HV:PROCESS_BOWTIE2_SAM_PAIRED
Jul-02 14:39:36.743 [main] DEBUG nextflow.processor.TaskProcessor - Starting process > RUN:HV:EXTRACT_UNCONC_READ_IDS
Jul-02 14:39:36.743 [main] DEBUG nextflow.processor.TaskProcessor - Starting process > RUN:HV:EXTRACT_UNCONC_READS
Jul-02 14:39:36.743 [main] DEBUG nextflow.processor.TaskProcessor - Starting process > RUN:HV:COMBINE_MAPPED_BOWTIE2_READS
Jul-02 14:39:36.743 [main] DEBUG nextflow.processor.TaskProcessor - Starting process > RUN:HV:BOWTIE2_HUMAN
Jul-02 14:39:36.744 [main] DEBUG nextflow.processor.TaskProcessor - Starting process > RUN:HV:BOWTIE2_OTHER
Jul-02 14:39:36.744 [main] DEBUG nextflow.processor.TaskProcessor - Starting process > RUN:HV:BBMAP_HUMAN
Jul-02 14:39:36.744 [main] DEBUG nextflow.processor.TaskProcessor - Starting process > RUN:HV:BBMAP_OTHER
Jul-02 14:39:36.744 [main] DEBUG nextflow.processor.TaskProcessor - Starting process > RUN:HV:TAXONOMY:BBMERGE
Jul-02 14:39:36.744 [main] DEBUG nextflow.processor.TaskProcessor - Starting process > RUN:HV:TAXONOMY:JOIN_FASTQ
Jul-02 14:39:36.744 [main] DEBUG nextflow.processor.TaskProcessor - Starting process > RUN:HV:TAXONOMY:CLUMPIFY_SINGLE
Jul-02 14:39:36.744 [main] DEBUG nextflow.processor.TaskProcessor - Starting process > RUN:HV:TAXONOMY:KRAKEN
Jul-02 14:39:36.744 [main] DEBUG nextflow.processor.TaskProcessor - Starting process > RUN:HV:TAXONOMY:LABEL_KRAKEN_REPORTS
Jul-02 14:39:36.744 [main] DEBUG nextflow.processor.TaskProcessor - Starting process > RUN:HV:TAXONOMY:MERGE_KRAKEN_REPORTS
Jul-02 14:39:36.744 [main] DEBUG nextflow.processor.TaskProcessor - Starting process > RUN:HV:TAXONOMY:BRACKEN
Jul-02 14:39:36.744 [main] DEBUG nextflow.processor.TaskProcessor - Starting process > RUN:HV:TAXONOMY:LABEL_BRACKEN_REPORTS
Jul-02 14:39:36.744 [main] DEBUG nextflow.processor.TaskProcessor - Starting process > RUN:HV:TAXONOMY:MERGE_BRACKEN
Jul-02 14:39:36.744 [main] DEBUG nextflow.processor.TaskProcessor - Starting process > RUN:HV:PROCESS_KRAKEN_HV
Jul-02 14:39:36.744 [main] DEBUG nextflow.processor.TaskProcessor - Starting process > RUN:HV:MERGE_SAM_KRAKEN
Jul-02 14:39:36.744 [main] DEBUG nextflow.processor.TaskProcessor - Starting process > RUN:HV:MERGE_TSVS
Jul-02 14:39:36.745 [main] DEBUG nextflow.processor.TaskProcessor - Starting process > RUN:HV:FILTER_HV
Jul-02 14:39:36.745 [main] DEBUG nextflow.processor.TaskProcessor - Starting process > RUN:HV:COLLAPSE_HV
Jul-02 14:39:36.745 [main] DEBUG nextflow.processor.TaskProcessor - Starting process > RUN:HV:MAKE_HV_FASTA
Jul-02 14:39:36.745 [main] DEBUG nextflow.processor.TaskProcessor - Starting process > RUN:HV:COUNT_HV_CLADES
Jul-02 14:39:36.745 [main] DEBUG nextflow.processor.TaskProcessor - Starting process > RUN:PROCESS_OUTPUT:MERGE_MULTIQC_BASIC
Jul-02 14:39:36.745 [main] DEBUG nextflow.processor.TaskProcessor - Starting process > RUN:PROCESS_OUTPUT:MERGE_MULTIQC_ADAPT
Jul-02 14:39:36.745 [main] DEBUG nextflow.processor.TaskProcessor - Starting process > RUN:PROCESS_OUTPUT:MERGE_MULTIQC_QBASE
Jul-02 14:39:36.745 [main] DEBUG nextflow.processor.TaskProcessor - Starting process > RUN:PROCESS_OUTPUT:MERGE_MULTIQC_QSEQS
Jul-02 14:39:36.745 [main] DEBUG nextflow.processor.TaskProcessor - Starting process > RUN:PROCESS_OUTPUT:SUMMARIZE_COMPOSITION_FULL
Jul-02 14:39:36.749 [PathVisitor-1] DEBUG nextflow.file.FileHelper - Creating a file system instance for provider: S3FileSystemProvider
Jul-02 14:39:36.750 [PathVisitor-1] DEBUG nextflow.cloud.aws.config.AwsConfig - AWS S3 config properties: {socket_timeout=0, max_connections=1000, connection_timeout=0, max_error_retry=10}
Jul-02 14:39:36.750 [PathVisitor-1] DEBUG nextflow.cloud.aws.AwsClientFactory - Merging AWS credentials file '/home/ec2-user/.aws/credentials' and config file '/home/ec2-user/.aws/config'
Jul-02 14:39:36.760 [main] DEBUG nextflow.script.ScriptRunner - Parsed script files:
  Script_60af4421b565f019: /home/ec2-user/nao-harmon/cebriamendoza2021/mgs-workflow/./workflows/../subworkflows/local/dedup/main.nf
  Script_a657cb898eaf5a5f: /home/ec2-user/nao-harmon/cebriamendoza2021/mgs-workflow/./workflows/../subworkflows/local/processOutput/main.nf
  Script_172186b2e1295138: /home/ec2-user/nao-harmon/cebriamendoza2021/mgs-workflow/./workflows/../subworkflows/local/blastHV/../../../modules/local/blast/main.nf
  Script_5fb50cd1a205cc57: /home/ec2-user/nao-harmon/cebriamendoza2021/mgs-workflow/./workflows/../subworkflows/local/makeHumanVirusIndex/../../../modules/local/dustmasker/main.nf
  Script_d76091c4b1e8105b: /home/ec2-user/nao-harmon/cebriamendoza2021/mgs-workflow/./workflows/../subworkflows/local/raw/../../../modules/local/concatGzipped/main.nf
  Script_84bc37e6aa7c6d6b: /home/ec2-user/nao-harmon/cebriamendoza2021/mgs-workflow/./workflows/../subworkflows/local/hv/../../../subworkflows/local/taxonomy/../../../modules/local/mergeTsvs/main.nf
  Script_12fececdc99ae95d: /home/ec2-user/nao-harmon/cebriamendoza2021/mgs-workflow/./workflows/../subworkflows/local/getNcbiTaxonomy/main.nf
  Script_8865ae22b8a4e6e7: /home/ec2-user/nao-harmon/cebriamendoza2021/mgs-workflow/./workflows/../subworkflows/local/hv/../../../modules/local/mergeSamKraken/main.nf
  Script_6538d4130d5c427e: /home/ec2-user/nao-harmon/cebriamendoza2021/mgs-workflow/./workflows/../subworkflows/local/hv/../../../modules/local/processBowtie2Sam/main.nf
  Script_7e89e381055479f9: /home/ec2-user/nao-harmon/cebriamendoza2021/mgs-workflow/./workflows/../subworkflows/local/blastHV/../../../modules/local/subsetReads/main.nf
  Script_638b1e3b5896f64b: /home/ec2-user/nao-harmon/cebriamendoza2021/mgs-workflow/./workflows/../subworkflows/local/hv/../../../subworkflows/local/taxonomy/main.nf
  Script_b8898727cf4ed13a: /home/ec2-user/nao-harmon/cebriamendoza2021/mgs-workflow/./workflows/../subworkflows/local/makeHumanVirusDB/../../../modules/local/expandHumanVirusDB/main.nf
  Script_c6761d1c14dba9b4: /home/ec2-user/nao-harmon/cebriamendoza2021/mgs-workflow/./workflows/../subworkflows/local/makeHumanVirusIndex/../../../modules/local/makeHumanVirusIdMapping/main.nf
  Script_f790ebd5de3ac718: /home/ec2-user/nao-harmon/cebriamendoza2021/mgs-workflow/./workflows/../subworkflows/local/makeHumanIndex/main.nf
  Script_be26732f1a44329c: /home/ec2-user/nao-harmon/cebriamendoza2021/mgs-workflow/./workflows/../subworkflows/local/blastHV/main.nf
  Script_ae003bf381c30734: /home/ec2-user/nao-harmon/cebriamendoza2021/mgs-workflow/./workflows/../subworkflows/local/hv/../../../modules/local/countHvClades/main.nf
  Script_0e343431f30a1d86: /home/ec2-user/nao-harmon/cebriamendoza2021/mgs-workflow/./workflows/../subworkflows/local/ribodepletion/../../../subworkflows/local/qc/main.nf
  Script_3b449dc557dfabd6: /home/ec2-user/nao-harmon/cebriamendoza2021/mgs-workflow/./workflows/../subworkflows/local/makeHumanVirusIndex/../../../modules/local/downloadHumanVirusGenomes/main.nf
  Script_0a594d4d981f0c36: /home/ec2-user/nao-harmon/cebriamendoza2021/mgs-workflow/./workflows/../subworkflows/local/taxonomy/../../../modules/local/bbmerge/main.nf
  Script_86d5f425dabb2c3c: /home/ec2-user/nao-harmon/cebriamendoza2021/mgs-workflow/./workflows/../subworkflows/local/raw/main.nf
  Script_0217e8de93d6f331: /home/ec2-user/nao-harmon/cebriamendoza2021/mgs-workflow/./workflows/../subworkflows/local/makeHumanVirusDB/../../../modules/local/getHvDescendents/main.nf
  Script_13b56875e785f126: /home/ec2-user/nao-harmon/cebriamendoza2021/mgs-workflow/./workflows/../subworkflows/local/makeHumanVirusDB/main.nf
  Script_39dae6525eb0f17f: /home/ec2-user/nao-harmon/cebriamendoza2021/mgs-workflow/./workflows/../subworkflows/local/hv/../../../modules/local/makeHvFasta/main.nf
  Script_668b27f2a92a9c0a: /home/ec2-user/nao-harmon/cebriamendoza2021/mgs-workflow/./workflows/../subworkflows/local/clean/../../../subworkflows/local/qc/../../../modules/local/multiqc/main.nf
  Script_d806d4949c378518: /home/ec2-user/nao-harmon/cebriamendoza2021/mgs-workflow/./workflows/../subworkflows/local/hv/../../../modules/local/combineMappedBowtie2Reads/main.nf
  Script_07bf828da2c1d9d7: /home/ec2-user/nao-harmon/cebriamendoza2021/mgs-workflow/./workflows/../subworkflows/local/blastHV/../../../modules/local/pairBlast/main.nf
  Script_77fd5bdb4ce9dc87: /home/ec2-user/nao-harmon/cebriamendoza2021/mgs-workflow/./workflows/../subworkflows/local/blastHV/../../../modules/local/filterBlast/main.nf
  Script_78cd07a30743b6fe: /home/ec2-user/nao-harmon/cebriamendoza2021/mgs-workflow/./workflows/../subworkflows/local/getNcbiTaxonomy/../../../modules/local/extractNcbiTaxonomy/main.nf
  Script_9ca3482a0a48237f: /home/ec2-user/nao-harmon/cebriamendoza2021/mgs-workflow/./workflows/../subworkflows/local/makeContaminantIndex/main.nf
  Script_70cfee0291a505cf: /home/ec2-user/nao-harmon/cebriamendoza2021/mgs-workflow/./workflows/../subworkflows/local/dedup/../../../subworkflows/local/qc/../../../modules/local/fastqc/main.nf
  Script_3f3ef519936a3103: /home/ec2-user/nao-harmon/cebriamendoza2021/mgs-workflow/./workflows/../subworkflows/local/makeHumanVirusIndex/main.nf
  Script_ffe96a45204d8208: /home/ec2-user/nao-harmon/cebriamendoza2021/mgs-workflow/./workflows/../subworkflows/local/hv/main.nf
  Script_865e7003c88fa44f: /home/ec2-user/nao-harmon/cebriamendoza2021/mgs-workflow/./workflows/../subworkflows/local/hv/../../../subworkflows/local/taxonomy/../../../modules/local/labelKrakenReports/main.nf
  Script_9185f7fb15b36e69: /home/ec2-user/nao-harmon/cebriamendoza2021/mgs-workflow/./workflows/../subworkflows/local/ribodepletion/../../../subworkflows/local/qc/../../../modules/local/summarizeMultiqcSingle/main.nf
  Script_d08fe058d16c5d27: /home/ec2-user/nao-harmon/cebriamendoza2021/mgs-workflow/./workflows/../subworkflows/local/hv/../../../subworkflows/local/taxonomy/../../../modules/local/bracken/main.nf
  Script_f4c9a5d912ae9281: /home/ec2-user/nao-harmon/cebriamendoza2021/mgs-workflow/./workflows/../modules/local/joinRiboRef/main.nf
  Script_aee3d516895d6e59: /home/ec2-user/nao-harmon/cebriamendoza2021/mgs-workflow/./workflows/../modules/local/makeTotalVirusDB/main.nf
  Script_ee8077a3e60a1a2b: /home/ec2-user/nao-harmon/cebriamendoza2021/mgs-workflow/./workflows/../subworkflows/local/dedup/../../../modules/local/clumpify/main.nf
  Script_41000d48160fadac: /home/ec2-user/nao-harmon/cebriamendoza2021/mgs-workflow/./workflows/../modules/local/downloadBlastDB/main.nf
  Script_538b53b4c729e676: /home/ec2-user/nao-harmon/cebriamendoza2021/mgs-workflow/./workflows/../subworkflows/local/makeHumanVirusIndex/../../../modules/local/concatenateFasta/main.nf
  Script_bd4977bdbc003380: /home/ec2-user/nao-harmon/cebriamendoza2021/mgs-workflow/./workflows/../subworkflows/local/hv/../../../modules/local/bbmap/main.nf
  Script_3aab582628346b32: /home/ec2-user/nao-harmon/cebriamendoza2021/mgs-workflow/./workflows/../subworkflows/local/hv/../../../subworkflows/local/taxonomy/../../../modules/local/joinFastq/main.nf
  Script_056f72d5ce3adcf9: /home/ec2-user/nao-harmon/cebriamendoza2021/mgs-workflow/./workflows/../subworkflows/local/hv/../../../modules/local/collapseHV/main.nf
  Script_16731353f0b23e94: /home/ec2-user/nao-harmon/cebriamendoza2021/mgs-workflow/./workflows/../subworkflows/local/makeHumanVirusIndex/../../../modules/local/filterHumanVirusGenomes/main.nf
  Script_2326a1be77dc0a39: /home/ec2-user/nao-harmon/cebriamendoza2021/mgs-workflow/./workflows/index.nf
  Script_244fbef344b730f8: /home/ec2-user/nao-harmon/cebriamendoza2021/mgs-workflow/./workflows/../subworkflows/local/makeHumanVirusDB/../../../modules/local/finalizeHumanVirusDB/main.nf
  Script_1f2e26979aabf9eb: /home/ec2-user/nao-harmon/cebriamendoza2021/mgs-workflow/./workflows/../subworkflows/local/taxonomy/../../../modules/local/kraken/main.nf
  Script_5436df11a38d3b59: /home/ec2-user/nao-harmon/cebriamendoza2021/mgs-workflow/./workflows/../subworkflows/local/ribodepletion/../../../modules/local/bbduk/main.nf
  Script_6f12b5b5f8fe2fa0: /home/ec2-user/nao-harmon/cebriamendoza2021/mgs-workflow/./workflows/../subworkflows/local/hv/../../../modules/local/filterHV/main.nf
  Script_f1837dc1ff801559: /home/ec2-user/nao-harmon/cebriamendoza2021/mgs-workflow/./workflows/../subworkflows/local/makeHumanVirusDB/../../../modules/local/downloadHumanVirusDB/main.nf
  Script_f1f908bd5a033978: /home/ec2-user/nao-harmon/cebriamendoza2021/mgs-workflow/main.nf
  Script_0c70fed698e5667e: /home/ec2-user/nao-harmon/cebriamendoza2021/mgs-workflow/./workflows/../subworkflows/local/hv/../../../modules/local/extractUnconcReadIDs/main.nf
  Script_213a53c5bff4dbd8: /home/ec2-user/nao-harmon/cebriamendoza2021/mgs-workflow/./workflows/../subworkflows/local/hv/../../../modules/local/extractUnconcReads/main.nf
  Script_7e406a86d8e7a87c: /home/ec2-user/nao-harmon/cebriamendoza2021/mgs-workflow/./workflows/../subworkflows/local/hv/../../../modules/local/extractTarball/main.nf
  Script_8a6306367b16d960: /home/ec2-user/nao-harmon/cebriamendoza2021/mgs-workflow/./workflows/../subworkflows/local/raw/../../../modules/local/truncateConcat/main.nf
  Script_a4277bd17897ad08: /home/ec2-user/nao-harmon/cebriamendoza2021/mgs-workflow/./workflows/run.nf
  Script_7ac9d8158af3209b: /home/ec2-user/nao-harmon/cebriamendoza2021/mgs-workflow/./workflows/../subworkflows/local/taxonomy/../../../modules/local/labelBrackenReports/main.nf
  Script_2593b8ffc2550189: /home/ec2-user/nao-harmon/cebriamendoza2021/mgs-workflow/./workflows/../subworkflows/local/ribodepletion/main.nf
  Script_d5749af87ee8718f: /home/ec2-user/nao-harmon/cebriamendoza2021/mgs-workflow/./workflows/../subworkflows/local/getNcbiTaxonomy/../../../modules/local/downloadNcbiTaxonomy/main.nf
  Script_f754ccea1855f97d: /home/ec2-user/nao-harmon/cebriamendoza2021/mgs-workflow/./workflows/../subworkflows/local/makeContaminantIndex/../../../modules/local/downloadGenome/main.nf
  Script_187bcaab26d7b654: /home/ec2-user/nao-harmon/cebriamendoza2021/mgs-workflow/./workflows/../subworkflows/local/clean/../../../modules/local/fastp/main.nf
  Script_ebb40894672f9e4f: /home/ec2-user/nao-harmon/cebriamendoza2021/mgs-workflow/./workflows/../subworkflows/local/makeHumanVirusIndex/../../../modules/local/bowtie2/main.nf
  Script_07815b3dca5c7483: /home/ec2-user/nao-harmon/cebriamendoza2021/mgs-workflow/./workflows/../subworkflows/local/hv/../../../modules/local/processKrakenHV/main.nf
  Script_c39c4ab82224f7b3: /home/ec2-user/nao-harmon/cebriamendoza2021/mgs-workflow/./workflows/../subworkflows/local/clean/main.nf
  Script_9324ba8fa1e429a7: /home/ec2-user/nao-harmon/cebriamendoza2021/mgs-workflow/./workflows/../subworkflows/local/processOutput/../../../modules/local/summarizeComposition/main.nf
Jul-02 14:39:36.761 [main] DEBUG nextflow.script.ScriptRunner - > Awaiting termination 
Jul-02 14:39:36.761 [main] DEBUG nextflow.Session - Session await
Jul-02 14:39:36.803 [Actor Thread 8] DEBUG nextflow.util.ThreadPoolBuilder - Creating thread pool 'PublishDir' minSize=10; maxSize=12; workQueue=LinkedBlockingQueue[10000]; allowCoreThreadTimeout=false
Jul-02 14:39:36.857 [PublishDir-4] DEBUG n.cloud.aws.nio.S3FileSystemProvider - S3 upload file from=/home/ec2-user/nao-harmon/cebriamendoza2021/mgs-workflow/pipeline-version.txt to=s3://nao-harmon/cebriamendoza2021/output/input/pipeline-version.txt
Jul-02 14:39:36.858 [PublishDir-4] DEBUG nextflow.cloud.aws.nio.S3Client - Creating S3 transfer manager pool - chunk-size=104857600; max-treads=10;
Jul-02 14:39:36.858 [PublishDir-4] DEBUG nextflow.util.ThreadPoolBuilder - Creating thread pool 'S3TransferManager' minSize=10; maxSize=10; workQueue=LinkedBlockingQueue[10000]; allowCoreThreadTimeout=false
Jul-02 14:39:36.892 [Actor Thread 1] DEBUG nextflow.sort.BigSort - Sort completed -- entries: 1; slices: 1; internal sort time: 0.006 s; external sort time: 0.045 s; total time: 0.051 s
Jul-02 14:39:36.896 [PublishDir-1] DEBUG n.cloud.aws.nio.S3FileSystemProvider - S3 upload file from=/home/ec2-user/nao-harmon/cebriamendoza2021/mgs-workflow/ref/adapters.fasta to=s3://nao-harmon/cebriamendoza2021/output/input/adapters.fasta
Jul-02 14:39:36.892 [Actor Thread 3] DEBUG nextflow.sort.BigSort - Sort completed -- entries: 1; slices: 1; internal sort time: 0.031 s; external sort time: 0.021 s; total time: 0.052 s
Jul-02 14:39:36.915 [PublishDir-2] DEBUG n.cloud.aws.nio.S3FileSystemProvider - S3 upload file from=/home/ec2-user/nao-harmon/cebriamendoza2021/launch/libraries.csv to=s3://nao-harmon/cebriamendoza2021/output/input/libraries.csv
Jul-02 14:39:36.959 [Actor Thread 6] DEBUG nextflow.sort.BigSort - Sort completed -- entries: 1; slices: 1; internal sort time: 0.0 s; external sort time: 0.001 s; total time: 0.001 s
Jul-02 14:39:36.966 [Actor Thread 7] DEBUG i.s.wave.plugin.config.WaveConfig - Wave strategy not specified - using default: [container, dockerfile, conda, spack]
Jul-02 14:39:36.974 [Actor Thread 7] DEBUG io.seqera.wave.plugin.WaveClient - Wave config: WaveConfig(enabled:true, endpoint:https://wave.seqera.io, containerConfigUrl:[], tokensCacheMaxDuration:30m, condaOpts:CondaOpts(mambaImage=mambaorg/micromamba:1.5.8-lunar; basePackages=conda-forge::procps-ng, commands=null), spackOpts:SpackOpts(basePackages=null, commands=null), strategy:[container, dockerfile, conda, spack], bundleProjectResources:true, buildRepository:null, cacheRepository:null, retryOpts:RetryOpts(delay:450ms, maxDelay:1m 30s, maxAttempts:10, jitter:0.25), httpClientOpts:HttpOpts(), freezeMode:null, preserveFileTimestamp:null)
Jul-02 14:39:36.995 [Actor Thread 1] DEBUG nextflow.file.FileCollector - Saved collect-files list to: /nao-harmon/cebriamendoza2021/work/collect-file/5a26c3c0f80e22d50918ed74c10c6b5e
Jul-02 14:39:37.006 [Actor Thread 1] DEBUG nextflow.file.FileCollector - Deleting file collector temp dir: /tmp/nxf-12289321928688716278
Jul-02 14:39:37.018 [Actor Thread 7] DEBUG io.seqera.wave.plugin.WaveClient - Wave assets bundle bin resources: /home/ec2-user/nao-harmon/cebriamendoza2021/mgs-workflow/bin
Jul-02 14:39:37.025 [Actor Thread 3] DEBUG nextflow.file.FileCollector - Saved collect-files list to: /nao-harmon/cebriamendoza2021/work/collect-file/c007afb8025290063988a90d880492bd
Jul-02 14:39:37.026 [Actor Thread 3] DEBUG nextflow.file.FileCollector - Deleting file collector temp dir: /tmp/nxf-10087496526861797069
Jul-02 14:39:37.055 [Actor Thread 7] DEBUG io.seqera.wave.plugin.WaveClient - Wave request container config: https://fusionfs.seqera.io/releases/v2.3-amd64.json
Jul-02 14:39:37.059 [Actor Thread 6] DEBUG nextflow.file.FileCollector - Saved collect-files list to: /nao-harmon/cebriamendoza2021/work/collect-file/e8cbb68bc0ec446e360514c94b89dfd6
Jul-02 14:39:37.060 [Actor Thread 6] DEBUG nextflow.file.FileCollector - Deleting file collector temp dir: /tmp/nxf-6139785088265939221
Jul-02 14:39:37.285 [Actor Thread 7] DEBUG io.seqera.wave.plugin.WaveClient - Wave container config response: [200] {
  "entrypoint": [ "/usr/bin/fusion" ],
  "env": [ "FUSION_CONFIG_PROFILE=nextflow", "FUSION_COMPACT_SYMLINKS=true" ],
  "layers": [
    {
      "location": "https://fusionfs.seqera.io/releases/pkg/2/3/2/fusion-amd64.tar.gz",
      "gzipDigest": "sha256:49489973bc39644b68e65ab7baacf0a89a073f9bf938a62e3bc6c51741aa633a",
      "gzipSize": 30907616,
      "tarDigest": "sha256:59eb3278527819e7592fa8f87b34b032a6e65175d234cfb27f34d1234189037c",
      "skipHashing": true
    }
  ]
}

Jul-02 14:39:37.345 [Actor Thread 7] DEBUG io.seqera.wave.plugin.WaveClient - Wave request: https://wave.seqera.io/v1alpha2/container; attempt=1 - request: SubmitContainerTokenRequest(towerAccessToken:null, towerRefreshToken:null, towerWorkspaceId:null, towerEndpoint:https://api.cloud.seqera.io, containerImage:staphb/seqtk:1.4, containerFile:null, containerConfig:ContainerConfig(entrypoint:[/usr/bin/fusion], cmd:null, env:[FUSION_CONFIG_PROFILE=nextflow, FUSION_COMPACT_SYMLINKS=true], workingDir:null, layers:[ContainerLayer[location=data:H4sIAAAAAAAA/+09+3vb...; tarDigest=sha256:7290b1a189eb28ce6c32442f916b0bce7e10ca7e254c8ed38426823564dc9abf; gzipDigest=sha256:1e40a914689d1c0fc7c65d873db7bd2639208b17b82b18e6ef7ed3a1870e731b; gzipSize=10290], ContainerLayer[location=https://fusionfs.seqera.io/releases/pkg/2/3/2/fusion-amd64.tar.gz; tarDigest=sha256:59eb3278527819e7592fa8f87b34b032a6e65175d234cfb27f34d1234189037c; gzipDigest=sha256:49489973bc39644b68e65ab7baacf0a89a073f9bf938a62e3bc6c51741aa633a; gzipSize=30907616]]), condaFile:null, spackFile:null, containerPlatform:linux/amd64, buildRepository:null, cacheRepository:null, timestamp:2024-07-02T14:39:37.343368422Z, fingerprint:976c498e27c52d6e86aa369ca4d5db84, freeze:false, format:null, dryRun:false, workflowId:null, containerIncludes:null, packages:null)
Jul-02 14:39:37.762 [Actor Thread 7] DEBUG io.seqera.wave.plugin.WaveClient - Wave response: statusCode=200; body={"containerToken":"fdc13a06f585","targetImage":"wave.seqera.io/wt/fdc13a06f585/staphb/seqtk:1.4","expiration":"2024-07-04T02:39:37.720334049Z","containerImage":"docker.io/staphb/seqtk:1.4","cached":true,"freeze":false}
Jul-02 14:39:38.457 [AWSBatch-executor-1] DEBUG n.c.aws.batch.AwsBatchTaskHandler - [AWS BATCH] [AWS BATCH] Created job definition name=nf-wave-seqera-io-wt-fdc13a06f585-staphb-seqtk-1-4:1; container=wave.seqera.io/wt/fdc13a06f585/staphb/seqtk:1.4
Jul-02 14:39:38.535 [AWSBatch-executor-1] DEBUG n.c.aws.batch.AwsBatchTaskHandler - [AWS BATCH] Process `RUN:RAW:CONCAT_GZIPPED (1)` submitted > job=ddd0ff55-ee39-400e-ada2-8a2642796c0e; work-dir=s3://nao-harmon/cebriamendoza2021/work/12/1295fd3cd391d26ec21defa0010fa3
Jul-02 14:39:38.535 [AWSBatch-executor-1] INFO  nextflow.Session - [12/1295fd] Submitted process > RUN:RAW:CONCAT_GZIPPED (1)
