Jun-21 20:20:51.808 [main] DEBUG nextflow.cli.Launcher - $> nextflow workflow.nf -resume
Jun-21 20:20:51.887 [main] DEBUG nextflow.cli.CmdRun - N E X T F L O W  ~  version 24.04.2
Jun-21 20:20:51.904 [main] DEBUG nextflow.plugin.PluginsFacade - Setting up plugin manager > mode=prod; embedded=false; plugins-dir=/home/ec2-user/.nextflow/plugins; core-plugins: nf-amazon@2.5.2,nf-azure@1.6.0,nf-cloudcache@0.4.1,nf-codecommit@0.2.0,nf-console@1.1.3,nf-ga4gh@1.3.0,nf-google@1.13.2,nf-tower@1.9.1,nf-wave@1.4.2
Jun-21 20:20:51.912 [main] INFO  o.pf4j.DefaultPluginStatusProvider - Enabled plugins: []
Jun-21 20:20:51.913 [main] INFO  o.pf4j.DefaultPluginStatusProvider - Disabled plugins: []
Jun-21 20:20:51.915 [main] INFO  org.pf4j.DefaultPluginManager - PF4J version 3.10.0 in 'deployment' mode
Jun-21 20:20:51.928 [main] INFO  org.pf4j.AbstractPluginManager - No plugins
Jun-21 20:20:51.947 [main] DEBUG nextflow.config.ConfigBuilder - Found config local: /home/ec2-user/nao-harmon/prussin2019/mgs-workflow/nextflow.config
Jun-21 20:20:51.949 [main] DEBUG nextflow.config.ConfigBuilder - Parsing config file: /home/ec2-user/nao-harmon/prussin2019/mgs-workflow/nextflow.config
Jun-21 20:20:51.973 [main] DEBUG n.secret.LocalSecretsProvider - Secrets store: /home/ec2-user/.nextflow/secrets/store.json
Jun-21 20:20:51.976 [main] DEBUG nextflow.secret.SecretsLoader - Discovered secrets providers: [nextflow.secret.LocalSecretsProvider@28952dea] - activable => nextflow.secret.LocalSecretsProvider@28952dea
Jun-21 20:20:51.996 [main] DEBUG nextflow.config.ConfigBuilder - Applying config profile: `standard`
Jun-21 20:20:52.546 [main] DEBUG nextflow.cli.CmdRun - Applied DSL=2 by global default
Jun-21 20:20:52.562 [main] DEBUG nextflow.cli.CmdRun - Launching `workflow.nf` [modest_ardinghelli] DSL2 - revision: c84ee4fdb4
Jun-21 20:20:52.563 [main] DEBUG nextflow.plugin.PluginsFacade - Plugins default=[nf-amazon@2.5.2]
Jun-21 20:20:52.564 [main] DEBUG nextflow.plugin.PluginsFacade - Plugins resolved requirement=[nf-amazon@2.5.2, nf-wave@1.4.2]
Jun-21 20:20:52.564 [main] DEBUG nextflow.plugin.PluginUpdater - Installing plugin nf-amazon version: 2.5.2
Jun-21 20:20:52.572 [main] INFO  org.pf4j.AbstractPluginManager - Plugin 'nf-amazon@2.5.2' resolved
Jun-21 20:20:52.572 [main] INFO  org.pf4j.AbstractPluginManager - Start plugin 'nf-amazon@2.5.2'
Jun-21 20:20:52.586 [main] DEBUG nextflow.plugin.BasePlugin - Plugin started nf-amazon@2.5.2
Jun-21 20:20:52.597 [main] DEBUG nextflow.file.FileHelper - > Added 'S3FileSystemProvider' to list of installed providers [s3]
Jun-21 20:20:52.597 [main] DEBUG nextflow.plugin.PluginUpdater - Installing plugin nf-wave version: 1.4.2
Jun-21 20:20:52.600 [main] INFO  org.pf4j.AbstractPluginManager - Plugin 'nf-wave@1.4.2' resolved
Jun-21 20:20:52.600 [main] INFO  org.pf4j.AbstractPluginManager - Start plugin 'nf-wave@1.4.2'
Jun-21 20:20:52.605 [main] DEBUG nextflow.plugin.BasePlugin - Plugin started nf-wave@1.4.2
Jun-21 20:20:52.669 [main] DEBUG nextflow.Session - Session UUID: abaa2d7e-681f-464b-9b57-2f29bb3fd643
Jun-21 20:20:52.669 [main] DEBUG nextflow.Session - Run name: modest_ardinghelli
Jun-21 20:20:52.669 [main] DEBUG nextflow.Session - Executor pool size: 4
Jun-21 20:20:52.680 [main] DEBUG nextflow.file.FileHelper - Creating a file system instance for provider: S3FileSystemProvider
Jun-21 20:20:52.690 [main] DEBUG nextflow.cloud.aws.config.AwsConfig - AWS S3 config properties: {socket_timeout=0, max_connections=1000, connection_timeout=0, max_error_retry=10}
Jun-21 20:20:52.850 [main] DEBUG nextflow.cloud.aws.AwsClientFactory - Merging AWS credentials file '/home/ec2-user/.aws/credentials' and config file '/home/ec2-user/.aws/config'
Jun-21 20:20:53.041 [main] DEBUG nextflow.file.FilePorter - File porter settings maxRetries=3; maxTransfers=50; pollTimeout=null
Jun-21 20:20:53.045 [main] DEBUG nextflow.util.ThreadPoolBuilder - Creating thread pool 'FileTransfer' minSize=10; maxSize=12; workQueue=LinkedBlockingQueue[10000]; allowCoreThreadTimeout=false
Jun-21 20:20:53.055 [main] DEBUG nextflow.cli.CmdRun - 
  Version: 24.04.2 build 5914
  Created: 29-05-2024 06:19 UTC 
  System: Linux 6.1.92-99.174.amzn2023.x86_64
  Runtime: Groovy 4.0.21 on OpenJDK 64-Bit Server VM 17.0.10+7
  Encoding: UTF-8 (UTF-8)
  Process: 5598@ip-172-31-2-212.ec2.internal [172.31.2.212]
  CPUs: 4 - Mem: 7.5 GB (6.7 GB) - Swap: 0 (0)
Jun-21 20:20:53.262 [main] DEBUG nextflow.file.FileHelper - Can't check if specified path is NFS (1): s3://nao-harmon/prussin2019/work

Jun-21 20:20:53.263 [main] DEBUG nextflow.Session - Work-dir: s3://nao-harmon/prussin2019/work [null]
Jun-21 20:20:53.263 [main] DEBUG nextflow.Session - Script base path does not exist or is not a directory: /home/ec2-user/nao-harmon/prussin2019/mgs-workflow/bin
Jun-21 20:20:53.278 [main] DEBUG nextflow.executor.ExecutorFactory - Extension executors providers=[AwsBatchExecutor]
Jun-21 20:20:53.286 [main] DEBUG nextflow.Session - Observer factory: DefaultObserverFactory
Jun-21 20:20:53.289 [main] DEBUG nextflow.Session - Observer factory: WaveFactory
Jun-21 20:20:53.289 [main] DEBUG io.seqera.wave.plugin.WaveFactory - Detected Fusion enabled -- Enabling bundle project resources -- Disabling upload of remote bin directory
Jun-21 20:20:53.310 [main] DEBUG nextflow.cache.CacheFactory - Using Nextflow cache factory: nextflow.cache.DefaultCacheFactory
Jun-21 20:20:53.317 [main] DEBUG nextflow.util.CustomThreadPool - Creating default thread pool > poolSize: 5; maxThreads: 1000
Jun-21 20:20:53.391 [main] DEBUG nextflow.Session - Session start
Jun-21 20:20:55.036 [main] DEBUG nextflow.script.ScriptRunner - > Launching execution
Jun-21 20:20:55.200 [main] DEBUG nextflow.script.ProcessConfig - Config settings `withLabel:single` matches labels `BBTools,single` for process with name PREPARE_REFERENCES:EXTRACT_HUMAN_BOWTIE2
Jun-21 20:20:55.202 [main] DEBUG nextflow.script.ProcessConfig - Config settings `withLabel:BBTools` matches labels `BBTools,single` for process with name PREPARE_REFERENCES:EXTRACT_HUMAN_BOWTIE2
Jun-21 20:20:55.208 [main] DEBUG nextflow.executor.ExecutorFactory - << taskConfig executor: awsbatch
Jun-21 20:20:55.209 [main] DEBUG nextflow.executor.ExecutorFactory - >> processorType: 'awsbatch'
Jun-21 20:20:55.211 [main] DEBUG nextflow.executor.Executor - [warm up] executor > awsbatch (fusion enabled)
Jun-21 20:20:55.219 [main] DEBUG nextflow.util.ThrottlingExecutor - Creating throttling executor with opts: nextflow.util.ThrottlingExecutor$Options(poolName:AWSBatch-executor, limiter:RateLimiter[stableRate=50.0qps], poolSize:20, maxPoolSize:20, queueSize:5000, maxRetries:10, keepAlive:1m, autoThrottle:true, errorBurstDelay:1s, rampUpInterval:100, rampUpFactor:1.2, rampUpMaxRate:1.7976931348623157E308, backOffFactor:2.0, backOffMinRate:0.0166666667, retryDelay:1s)
Jun-21 20:20:55.223 [main] DEBUG nextflow.util.ThrottlingExecutor - Creating throttling executor with opts: nextflow.util.ThrottlingExecutor$Options(poolName:AWSBatch-reaper, limiter:RateLimiter[stableRate=50.0qps], poolSize:20, maxPoolSize:20, queueSize:5000, maxRetries:10, keepAlive:1m, autoThrottle:true, errorBurstDelay:1s, rampUpInterval:100, rampUpFactor:1.2, rampUpMaxRate:1.7976931348623157E308, backOffFactor:2.0, backOffMinRate:0.0166666667, retryDelay:1s)
Jun-21 20:20:55.224 [main] DEBUG n.cloud.aws.batch.AwsBatchExecutor - Creating parallel monitor for executor 'awsbatch' > pollInterval=10s; dumpInterval=5m
Jun-21 20:20:55.228 [main] DEBUG n.processor.TaskPollingMonitor - >>> barrier register (monitor: awsbatch)
Jun-21 20:20:55.230 [main] DEBUG nextflow.cloud.aws.AwsClientFactory - Merging AWS credentials file '/home/ec2-user/.aws/credentials' and config file '/home/ec2-user/.aws/config'
Jun-21 20:20:55.254 [main] DEBUG n.cloud.aws.batch.AwsBatchExecutor - [AWS BATCH] Executor options=AwsOptions(remoteBinDir:null, fetchInstanceType:false, region:us-east-1, jobRole:null, logsGroup:null, retryMode:standard, shareIdentifier:null, schedulingPriority:0, cliPath:null, volumes:[], maxParallelTransfers:4, maxTransferAttempts:5, maxSpotAttempts:5, delayBetweenAttempts:10s, storageClass:null, storageEncryption:null, storageKmsKeyId:null, s3Acl:null, debug:null, awsCli:aws --region us-east-1, fargateMode:false, s5cmdPath:null, executionRole:null)
Jun-21 20:20:55.298 [main] DEBUG nextflow.script.ProcessConfig - Config settings `withLabel:single` matches labels `BBTools,single` for process with name PREPARE_REFERENCES:EXTRACT_OTHER_BOWTIE2
Jun-21 20:20:55.299 [main] DEBUG nextflow.script.ProcessConfig - Config settings `withLabel:BBTools` matches labels `BBTools,single` for process with name PREPARE_REFERENCES:EXTRACT_OTHER_BOWTIE2
Jun-21 20:20:55.300 [main] DEBUG nextflow.executor.ExecutorFactory - << taskConfig executor: awsbatch
Jun-21 20:20:55.300 [main] DEBUG nextflow.executor.ExecutorFactory - >> processorType: 'awsbatch'
Jun-21 20:20:55.304 [main] DEBUG nextflow.script.ProcessConfig - Config settings `withLabel:single` matches labels `BBTools,single` for process with name PREPARE_REFERENCES:EXTRACT_HUMAN_BBMAP
Jun-21 20:20:55.304 [main] DEBUG nextflow.script.ProcessConfig - Config settings `withLabel:BBTools` matches labels `BBTools,single` for process with name PREPARE_REFERENCES:EXTRACT_HUMAN_BBMAP
Jun-21 20:20:55.306 [main] DEBUG nextflow.executor.ExecutorFactory - << taskConfig executor: awsbatch
Jun-21 20:20:55.306 [main] DEBUG nextflow.executor.ExecutorFactory - >> processorType: 'awsbatch'
Jun-21 20:20:55.309 [main] DEBUG nextflow.script.ProcessConfig - Config settings `withLabel:single` matches labels `BBTools,single` for process with name PREPARE_REFERENCES:EXTRACT_OTHER_BBMAP
Jun-21 20:20:55.309 [main] DEBUG nextflow.script.ProcessConfig - Config settings `withLabel:BBTools` matches labels `BBTools,single` for process with name PREPARE_REFERENCES:EXTRACT_OTHER_BBMAP
Jun-21 20:20:55.311 [main] DEBUG nextflow.executor.ExecutorFactory - << taskConfig executor: awsbatch
Jun-21 20:20:55.311 [main] DEBUG nextflow.executor.ExecutorFactory - >> processorType: 'awsbatch'
Jun-21 20:20:55.314 [main] DEBUG nextflow.script.ProcessConfig - Config settings `withLabel:single` matches labels `BBTools,single` for process with name PREPARE_REFERENCES:EXTRACT_HV
Jun-21 20:20:55.314 [main] DEBUG nextflow.script.ProcessConfig - Config settings `withLabel:BBTools` matches labels `BBTools,single` for process with name PREPARE_REFERENCES:EXTRACT_HV
Jun-21 20:20:55.316 [main] DEBUG nextflow.executor.ExecutorFactory - << taskConfig executor: awsbatch
Jun-21 20:20:55.316 [main] DEBUG nextflow.executor.ExecutorFactory - >> processorType: 'awsbatch'
Jun-21 20:20:55.318 [main] DEBUG nextflow.script.ProcessConfig - Config settings `withLabel:single` matches labels `BBTools,single` for process with name PREPARE_REFERENCES:EXTRACT_KRAKEN
Jun-21 20:20:55.319 [main] DEBUG nextflow.script.ProcessConfig - Config settings `withLabel:BBTools` matches labels `BBTools,single` for process with name PREPARE_REFERENCES:EXTRACT_KRAKEN
Jun-21 20:20:55.321 [main] DEBUG nextflow.executor.ExecutorFactory - << taskConfig executor: awsbatch
Jun-21 20:20:55.321 [main] DEBUG nextflow.executor.ExecutorFactory - >> processorType: 'awsbatch'
Jun-21 20:20:55.324 [main] DEBUG nextflow.script.ProcessConfig - Config settings `withLabel:single` matches labels `BBTools,single` for process with name PREPARE_REFERENCES:COPY_RIBO
Jun-21 20:20:55.324 [main] DEBUG nextflow.script.ProcessConfig - Config settings `withLabel:BBTools` matches labels `BBTools,single` for process with name PREPARE_REFERENCES:COPY_RIBO
Jun-21 20:20:55.327 [main] DEBUG nextflow.executor.ExecutorFactory - << taskConfig executor: awsbatch
Jun-21 20:20:55.327 [main] DEBUG nextflow.executor.ExecutorFactory - >> processorType: 'awsbatch'
Jun-21 20:20:55.330 [main] DEBUG nextflow.script.ProcessConfig - Config settings `withLabel:single` matches labels `BBTools,single` for process with name PREPARE_REFERENCES:COPY_ADAPTERS
Jun-21 20:20:55.330 [main] DEBUG nextflow.script.ProcessConfig - Config settings `withLabel:BBTools` matches labels `BBTools,single` for process with name PREPARE_REFERENCES:COPY_ADAPTERS
Jun-21 20:20:55.332 [main] DEBUG nextflow.executor.ExecutorFactory - << taskConfig executor: awsbatch
Jun-21 20:20:55.332 [main] DEBUG nextflow.executor.ExecutorFactory - >> processorType: 'awsbatch'
Jun-21 20:20:55.336 [main] DEBUG nextflow.script.ProcessConfig - Config settings `withLabel:single` matches labels `BBTools,single` for process with name PREPARE_REFERENCES:COPY_TAXA
Jun-21 20:20:55.336 [main] DEBUG nextflow.script.ProcessConfig - Config settings `withLabel:BBTools` matches labels `BBTools,single` for process with name PREPARE_REFERENCES:COPY_TAXA
Jun-21 20:20:55.338 [main] DEBUG nextflow.executor.ExecutorFactory - << taskConfig executor: awsbatch
Jun-21 20:20:55.339 [main] DEBUG nextflow.executor.ExecutorFactory - >> processorType: 'awsbatch'
Jun-21 20:20:55.342 [main] DEBUG nextflow.script.ProcessConfig - Config settings `withLabel:single` matches labels `BBTools,single` for process with name PREPARE_REFERENCES:COPY_SAMPLE_METADATA
Jun-21 20:20:55.343 [main] DEBUG nextflow.script.ProcessConfig - Config settings `withLabel:BBTools` matches labels `BBTools,single` for process with name PREPARE_REFERENCES:COPY_SAMPLE_METADATA
Jun-21 20:20:55.344 [main] DEBUG nextflow.executor.ExecutorFactory - << taskConfig executor: awsbatch
Jun-21 20:20:55.344 [main] DEBUG nextflow.executor.ExecutorFactory - >> processorType: 'awsbatch'
Jun-21 20:20:55.359 [main] DEBUG nextflow.script.ProcessConfig - Config settings `withLabel:single` matches labels `single,seqtk` for process with name HANDLE_RAW_READS:CONCAT_GZIPPED
Jun-21 20:20:55.360 [main] DEBUG nextflow.script.ProcessConfig - Config settings `withLabel:seqtk` matches labels `single,seqtk` for process with name HANDLE_RAW_READS:CONCAT_GZIPPED
Jun-21 20:20:55.365 [main] DEBUG nextflow.executor.ExecutorFactory - << taskConfig executor: awsbatch
Jun-21 20:20:55.365 [main] DEBUG nextflow.executor.ExecutorFactory - >> processorType: 'awsbatch'
Jun-21 20:20:55.370 [main] DEBUG nextflow.script.ProcessConfig - Config settings `withLabel:FASTQC` matches labels `FASTQC` for process with name HANDLE_RAW_READS:FASTQC_CONCAT
Jun-21 20:20:55.372 [main] DEBUG nextflow.executor.ExecutorFactory - << taskConfig executor: awsbatch
Jun-21 20:20:55.372 [main] DEBUG nextflow.executor.ExecutorFactory - >> processorType: 'awsbatch'
Jun-21 20:20:55.380 [main] DEBUG nextflow.script.ProcessConfig - Config settings `withLabel:single` matches labels `single,MultiQC` for process with name HANDLE_RAW_READS:MULTIQC_CONCAT
Jun-21 20:20:55.381 [main] DEBUG nextflow.script.ProcessConfig - Config settings `withLabel:MultiQC` matches labels `single,MultiQC` for process with name HANDLE_RAW_READS:MULTIQC_CONCAT
Jun-21 20:20:55.382 [main] DEBUG nextflow.executor.ExecutorFactory - << taskConfig executor: awsbatch
Jun-21 20:20:55.383 [main] DEBUG nextflow.executor.ExecutorFactory - >> processorType: 'awsbatch'
Jun-21 20:20:55.389 [main] DEBUG nextflow.script.ProcessConfig - Config settings `withLabel:large` matches labels `cutadapt,large` for process with name CLEAN_READS:PREPROCESS_CUTADAPT
Jun-21 20:20:55.390 [main] DEBUG nextflow.script.ProcessConfig - Config settings `withLabel:cutadapt` matches labels `cutadapt,large` for process with name CLEAN_READS:PREPROCESS_CUTADAPT
Jun-21 20:20:55.391 [main] DEBUG nextflow.executor.ExecutorFactory - << taskConfig executor: awsbatch
Jun-21 20:20:55.391 [main] DEBUG nextflow.executor.ExecutorFactory - >> processorType: 'awsbatch'
Jun-21 20:20:55.397 [main] DEBUG nextflow.script.ProcessConfig - Config settings `withLabel:large` matches labels `trimmomatic,large` for process with name CLEAN_READS:PREPROCESS_TRIMMOMATIC
Jun-21 20:20:55.398 [main] DEBUG nextflow.script.ProcessConfig - Config settings `withLabel:trimmomatic` matches labels `trimmomatic,large` for process with name CLEAN_READS:PREPROCESS_TRIMMOMATIC
Jun-21 20:20:55.399 [main] DEBUG nextflow.executor.ExecutorFactory - << taskConfig executor: awsbatch
Jun-21 20:20:55.399 [main] DEBUG nextflow.executor.ExecutorFactory - >> processorType: 'awsbatch'
Jun-21 20:20:55.406 [main] DEBUG nextflow.script.ProcessConfig - Config settings `withLabel:large` matches labels `large` for process with name CLEAN_READS:PREPROCESS_FASTP
Jun-21 20:20:55.408 [main] DEBUG nextflow.executor.ExecutorFactory - << taskConfig executor: awsbatch
Jun-21 20:20:55.408 [main] DEBUG nextflow.executor.ExecutorFactory - >> processorType: 'awsbatch'
Jun-21 20:20:55.414 [main] DEBUG nextflow.script.ProcessConfig - Config settings `withLabel:FASTQC` matches labels `FASTQC` for process with name CLEAN_READS:FASTQC_CLEANED
Jun-21 20:20:55.416 [main] DEBUG nextflow.executor.ExecutorFactory - << taskConfig executor: awsbatch
Jun-21 20:20:55.416 [main] DEBUG nextflow.executor.ExecutorFactory - >> processorType: 'awsbatch'
Jun-21 20:20:55.422 [main] DEBUG nextflow.script.ProcessConfig - Config settings `withLabel:single` matches labels `single,MultiQC` for process with name CLEAN_READS:MULTIQC_CLEANED
Jun-21 20:20:55.422 [main] DEBUG nextflow.script.ProcessConfig - Config settings `withLabel:MultiQC` matches labels `single,MultiQC` for process with name CLEAN_READS:MULTIQC_CLEANED
Jun-21 20:20:55.424 [main] DEBUG nextflow.executor.ExecutorFactory - << taskConfig executor: awsbatch
Jun-21 20:20:55.424 [main] DEBUG nextflow.executor.ExecutorFactory - >> processorType: 'awsbatch'
Jun-21 20:20:55.428 [main] DEBUG nextflow.script.ProcessConfig - Config settings `withLabel:single` matches labels `biopython,single` for process with name CLEAN_READS:EXTRACT_ADAPTERS_SINGLE
Jun-21 20:20:55.428 [main] DEBUG nextflow.script.ProcessConfig - Config settings `withLabel:biopython` matches labels `biopython,single` for process with name CLEAN_READS:EXTRACT_ADAPTERS_SINGLE
Jun-21 20:20:55.429 [main] DEBUG nextflow.executor.ExecutorFactory - << taskConfig executor: awsbatch
Jun-21 20:20:55.429 [main] DEBUG nextflow.executor.ExecutorFactory - >> processorType: 'awsbatch'
Jun-21 20:20:55.434 [main] DEBUG nextflow.script.ProcessConfig - Config settings `withLabel:single` matches labels `biopython,single` for process with name CLEAN_READS:MERGE_ADAPTERS
Jun-21 20:20:55.435 [main] DEBUG nextflow.script.ProcessConfig - Config settings `withLabel:biopython` matches labels `biopython,single` for process with name CLEAN_READS:MERGE_ADAPTERS
Jun-21 20:20:55.436 [main] DEBUG nextflow.executor.ExecutorFactory - << taskConfig executor: awsbatch
Jun-21 20:20:55.436 [main] DEBUG nextflow.executor.ExecutorFactory - >> processorType: 'awsbatch'
Jun-21 20:20:55.441 [main] DEBUG nextflow.script.ProcessConfig - Config settings `withLabel:large` matches labels `large,BBTools` for process with name DEDUP_READS:DEDUP_CLUMPIFY
Jun-21 20:20:55.441 [main] DEBUG nextflow.script.ProcessConfig - Config settings `withLabel:BBTools` matches labels `large,BBTools` for process with name DEDUP_READS:DEDUP_CLUMPIFY
Jun-21 20:20:55.444 [main] DEBUG nextflow.executor.ExecutorFactory - << taskConfig executor: awsbatch
Jun-21 20:20:55.444 [main] DEBUG nextflow.executor.ExecutorFactory - >> processorType: 'awsbatch'
Jun-21 20:20:55.448 [main] DEBUG nextflow.script.ProcessConfig - Config settings `withLabel:FASTQC` matches labels `FASTQC` for process with name DEDUP_READS:FASTQC_DEDUP
Jun-21 20:20:55.449 [main] DEBUG nextflow.executor.ExecutorFactory - << taskConfig executor: awsbatch
Jun-21 20:20:55.449 [main] DEBUG nextflow.executor.ExecutorFactory - >> processorType: 'awsbatch'
Jun-21 20:20:55.454 [main] DEBUG nextflow.script.ProcessConfig - Config settings `withLabel:single` matches labels `single,MultiQC` for process with name DEDUP_READS:MULTIQC_DEDUP
Jun-21 20:20:55.454 [main] DEBUG nextflow.script.ProcessConfig - Config settings `withLabel:MultiQC` matches labels `single,MultiQC` for process with name DEDUP_READS:MULTIQC_DEDUP
Jun-21 20:20:55.455 [main] DEBUG nextflow.executor.ExecutorFactory - << taskConfig executor: awsbatch
Jun-21 20:20:55.455 [main] DEBUG nextflow.executor.ExecutorFactory - >> processorType: 'awsbatch'
Jun-21 20:20:55.461 [main] DEBUG nextflow.script.ProcessConfig - Config settings `withLabel:large` matches labels `large,BBTools` for process with name REMOVE_RIBO_INITIAL:BBDUK_RIBO_INITIAL
Jun-21 20:20:55.461 [main] DEBUG nextflow.script.ProcessConfig - Config settings `withLabel:BBTools` matches labels `large,BBTools` for process with name REMOVE_RIBO_INITIAL:BBDUK_RIBO_INITIAL
Jun-21 20:20:55.463 [main] DEBUG nextflow.executor.ExecutorFactory - << taskConfig executor: awsbatch
Jun-21 20:20:55.463 [main] DEBUG nextflow.executor.ExecutorFactory - >> processorType: 'awsbatch'
Jun-21 20:20:55.467 [main] DEBUG nextflow.script.ProcessConfig - Config settings `withLabel:FASTQC` matches labels `FASTQC` for process with name REMOVE_RIBO_INITIAL:FASTQC_RIBO_INITIAL
Jun-21 20:20:55.468 [main] DEBUG nextflow.executor.ExecutorFactory - << taskConfig executor: awsbatch
Jun-21 20:20:55.468 [main] DEBUG nextflow.executor.ExecutorFactory - >> processorType: 'awsbatch'
Jun-21 20:20:55.472 [main] DEBUG nextflow.script.ProcessConfig - Config settings `withLabel:single` matches labels `MultiQC,single` for process with name REMOVE_RIBO_INITIAL:MULTIQC_RIBO_INITIAL
Jun-21 20:20:55.473 [main] DEBUG nextflow.script.ProcessConfig - Config settings `withLabel:MultiQC` matches labels `MultiQC,single` for process with name REMOVE_RIBO_INITIAL:MULTIQC_RIBO_INITIAL
Jun-21 20:20:55.474 [main] DEBUG nextflow.executor.ExecutorFactory - << taskConfig executor: awsbatch
Jun-21 20:20:55.474 [main] DEBUG nextflow.executor.ExecutorFactory - >> processorType: 'awsbatch'
Jun-21 20:20:55.480 [main] DEBUG nextflow.script.ProcessConfig - Config settings `withLabel:large` matches labels `BBTools,large` for process with name REMOVE_RIBO_SECONDARY:BBDUK_RIBO_SECONDARY
Jun-21 20:20:55.480 [main] DEBUG nextflow.script.ProcessConfig - Config settings `withLabel:BBTools` matches labels `BBTools,large` for process with name REMOVE_RIBO_SECONDARY:BBDUK_RIBO_SECONDARY
Jun-21 20:20:55.482 [main] DEBUG nextflow.executor.ExecutorFactory - << taskConfig executor: awsbatch
Jun-21 20:20:55.482 [main] DEBUG nextflow.executor.ExecutorFactory - >> processorType: 'awsbatch'
Jun-21 20:20:55.486 [main] DEBUG nextflow.script.ProcessConfig - Config settings `withLabel:FASTQC` matches labels `FASTQC` for process with name REMOVE_RIBO_SECONDARY:FASTQC_RIBO_SECONDARY
Jun-21 20:20:55.487 [main] DEBUG nextflow.executor.ExecutorFactory - << taskConfig executor: awsbatch
Jun-21 20:20:55.487 [main] DEBUG nextflow.executor.ExecutorFactory - >> processorType: 'awsbatch'
Jun-21 20:20:55.492 [main] DEBUG nextflow.script.ProcessConfig - Config settings `withLabel:single` matches labels `MultiQC,single` for process with name REMOVE_RIBO_SECONDARY:MULTIQC_RIBO_SECONDARY
Jun-21 20:20:55.492 [main] DEBUG nextflow.script.ProcessConfig - Config settings `withLabel:MultiQC` matches labels `MultiQC,single` for process with name REMOVE_RIBO_SECONDARY:MULTIQC_RIBO_SECONDARY
Jun-21 20:20:55.493 [main] DEBUG nextflow.executor.ExecutorFactory - << taskConfig executor: awsbatch
Jun-21 20:20:55.493 [main] DEBUG nextflow.executor.ExecutorFactory - >> processorType: 'awsbatch'
Jun-21 20:20:55.503 [main] DEBUG nextflow.script.ProcessConfig - Config settings `withLabel:large` matches labels `Bowtie2,large` for process with name MAP_HUMAN_VIRUSES:RUN_BOWTIE2
Jun-21 20:20:55.503 [main] DEBUG nextflow.script.ProcessConfig - Config settings `withLabel:Bowtie2` matches labels `Bowtie2,large` for process with name MAP_HUMAN_VIRUSES:RUN_BOWTIE2
Jun-21 20:20:55.505 [main] DEBUG nextflow.executor.ExecutorFactory - << taskConfig executor: awsbatch
Jun-21 20:20:55.505 [main] DEBUG nextflow.executor.ExecutorFactory - >> processorType: 'awsbatch'
Jun-21 20:20:55.509 [main] DEBUG nextflow.script.ProcessConfig - Config settings `withLabel:single` matches labels `pandas,single` for process with name MAP_HUMAN_VIRUSES:PROCESS_BOWTIE_SAM
Jun-21 20:20:55.510 [main] DEBUG nextflow.script.ProcessConfig - Config settings `withLabel:pandas` matches labels `pandas,single` for process with name MAP_HUMAN_VIRUSES:PROCESS_BOWTIE_SAM
Jun-21 20:20:55.511 [main] DEBUG nextflow.executor.ExecutorFactory - << taskConfig executor: awsbatch
Jun-21 20:20:55.511 [main] DEBUG nextflow.executor.ExecutorFactory - >> processorType: 'awsbatch'
Jun-21 20:20:55.515 [main] DEBUG nextflow.script.ProcessConfig - Config settings `withLabel:single` matches labels `biopython,single` for process with name MAP_HUMAN_VIRUSES:GET_UNCONC_READ_IDS
Jun-21 20:20:55.516 [main] DEBUG nextflow.script.ProcessConfig - Config settings `withLabel:biopython` matches labels `biopython,single` for process with name MAP_HUMAN_VIRUSES:GET_UNCONC_READ_IDS
Jun-21 20:20:55.517 [main] DEBUG nextflow.executor.ExecutorFactory - << taskConfig executor: awsbatch
Jun-21 20:20:55.517 [main] DEBUG nextflow.executor.ExecutorFactory - >> processorType: 'awsbatch'
Jun-21 20:20:55.528 [main] DEBUG nextflow.script.ProcessConfig - Config settings `withLabel:single` matches labels `biopython,single` for process with name MAP_HUMAN_VIRUSES:EXTRACT_UNCONC_READS
Jun-21 20:20:55.528 [main] DEBUG nextflow.script.ProcessConfig - Config settings `withLabel:biopython` matches labels `biopython,single` for process with name MAP_HUMAN_VIRUSES:EXTRACT_UNCONC_READS
Jun-21 20:20:55.529 [main] DEBUG nextflow.executor.ExecutorFactory - << taskConfig executor: awsbatch
Jun-21 20:20:55.530 [main] DEBUG nextflow.executor.ExecutorFactory - >> processorType: 'awsbatch'
Jun-21 20:20:55.534 [main] DEBUG nextflow.script.ProcessConfig - Config settings `withLabel:single` matches labels `BBTools,single` for process with name MAP_HUMAN_VIRUSES:COMBINE_MAPPED_READS
Jun-21 20:20:55.535 [main] DEBUG nextflow.script.ProcessConfig - Config settings `withLabel:BBTools` matches labels `BBTools,single` for process with name MAP_HUMAN_VIRUSES:COMBINE_MAPPED_READS
Jun-21 20:20:55.536 [main] DEBUG nextflow.executor.ExecutorFactory - << taskConfig executor: awsbatch
Jun-21 20:20:55.536 [main] DEBUG nextflow.executor.ExecutorFactory - >> processorType: 'awsbatch'
Jun-21 20:20:55.540 [main] DEBUG nextflow.script.ProcessConfig - Config settings `withLabel:large` matches labels `large,Bowtie2` for process with name MAP_HUMAN_VIRUSES:BOWTIE2_HUMAN_DEPLETION
Jun-21 20:20:55.540 [main] DEBUG nextflow.script.ProcessConfig - Config settings `withLabel:Bowtie2` matches labels `large,Bowtie2` for process with name MAP_HUMAN_VIRUSES:BOWTIE2_HUMAN_DEPLETION
Jun-21 20:20:55.541 [main] DEBUG nextflow.executor.ExecutorFactory - << taskConfig executor: awsbatch
Jun-21 20:20:55.541 [main] DEBUG nextflow.executor.ExecutorFactory - >> processorType: 'awsbatch'
Jun-21 20:20:55.546 [main] DEBUG nextflow.script.ProcessConfig - Config settings `withLabel:large` matches labels `large,BBTools` for process with name MAP_HUMAN_VIRUSES:BBMAP_HUMAN_DEPLETION
Jun-21 20:20:55.546 [main] DEBUG nextflow.script.ProcessConfig - Config settings `withLabel:BBTools` matches labels `large,BBTools` for process with name MAP_HUMAN_VIRUSES:BBMAP_HUMAN_DEPLETION
Jun-21 20:20:55.547 [main] DEBUG nextflow.executor.ExecutorFactory - << taskConfig executor: awsbatch
Jun-21 20:20:55.548 [main] DEBUG nextflow.executor.ExecutorFactory - >> processorType: 'awsbatch'
Jun-21 20:20:55.552 [main] DEBUG nextflow.script.ProcessConfig - Config settings `withLabel:large` matches labels `large,Bowtie2` for process with name MAP_HUMAN_VIRUSES:BOWTIE2_REFERENCE_DEPLETION
Jun-21 20:20:55.553 [main] DEBUG nextflow.script.ProcessConfig - Config settings `withLabel:Bowtie2` matches labels `large,Bowtie2` for process with name MAP_HUMAN_VIRUSES:BOWTIE2_REFERENCE_DEPLETION
Jun-21 20:20:55.554 [main] DEBUG nextflow.executor.ExecutorFactory - << taskConfig executor: awsbatch
Jun-21 20:20:55.554 [main] DEBUG nextflow.executor.ExecutorFactory - >> processorType: 'awsbatch'
Jun-21 20:20:55.559 [main] DEBUG nextflow.script.ProcessConfig - Config settings `withLabel:large` matches labels `BBTools,large` for process with name MAP_HUMAN_VIRUSES:BBMAP_REFERENCE_DEPLETION
Jun-21 20:20:55.559 [main] DEBUG nextflow.script.ProcessConfig - Config settings `withLabel:BBTools` matches labels `BBTools,large` for process with name MAP_HUMAN_VIRUSES:BBMAP_REFERENCE_DEPLETION
Jun-21 20:20:55.560 [main] DEBUG nextflow.executor.ExecutorFactory - << taskConfig executor: awsbatch
Jun-21 20:20:55.560 [main] DEBUG nextflow.executor.ExecutorFactory - >> processorType: 'awsbatch'
Jun-21 20:20:55.564 [main] DEBUG nextflow.script.ProcessConfig - Config settings `withLabel:single` matches labels `BBTools,single` for process with name MAP_HUMAN_VIRUSES:BBMERGE_BOWTIE
Jun-21 20:20:55.565 [main] DEBUG nextflow.script.ProcessConfig - Config settings `withLabel:BBTools` matches labels `BBTools,single` for process with name MAP_HUMAN_VIRUSES:BBMERGE_BOWTIE
Jun-21 20:20:55.566 [main] DEBUG nextflow.executor.ExecutorFactory - << taskConfig executor: awsbatch
Jun-21 20:20:55.566 [main] DEBUG nextflow.executor.ExecutorFactory - >> processorType: 'awsbatch'
Jun-21 20:20:55.570 [main] DEBUG nextflow.script.ProcessConfig - Config settings `withLabel:single` matches labels `biopython,single` for process with name MAP_HUMAN_VIRUSES:JOIN_BOWTIE
Jun-21 20:20:55.570 [main] DEBUG nextflow.script.ProcessConfig - Config settings `withLabel:biopython` matches labels `biopython,single` for process with name MAP_HUMAN_VIRUSES:JOIN_BOWTIE
Jun-21 20:20:55.571 [main] DEBUG nextflow.executor.ExecutorFactory - << taskConfig executor: awsbatch
Jun-21 20:20:55.571 [main] DEBUG nextflow.executor.ExecutorFactory - >> processorType: 'awsbatch'
Jun-21 20:20:55.575 [main] DEBUG nextflow.script.ProcessConfig - Config settings `withLabel:large` matches labels `BBTools,large` for process with name MAP_HUMAN_VIRUSES:DEDUP_HV
Jun-21 20:20:55.575 [main] DEBUG nextflow.script.ProcessConfig - Config settings `withLabel:BBTools` matches labels `BBTools,large` for process with name MAP_HUMAN_VIRUSES:DEDUP_HV
Jun-21 20:20:55.576 [main] DEBUG nextflow.executor.ExecutorFactory - << taskConfig executor: awsbatch
Jun-21 20:20:55.576 [main] DEBUG nextflow.executor.ExecutorFactory - >> processorType: 'awsbatch'
Jun-21 20:20:55.580 [main] DEBUG nextflow.script.ProcessConfig - Config settings `withLabel:small` matches labels `Kraken2,small` for process with name MAP_HUMAN_VIRUSES:KRAKEN_BOWTIE
Jun-21 20:20:55.580 [main] DEBUG nextflow.script.ProcessConfig - Config settings `withLabel:Kraken2` matches labels `Kraken2,small` for process with name MAP_HUMAN_VIRUSES:KRAKEN_BOWTIE
Jun-21 20:20:55.581 [main] DEBUG nextflow.executor.ExecutorFactory - << taskConfig executor: awsbatch
Jun-21 20:20:55.582 [main] DEBUG nextflow.executor.ExecutorFactory - >> processorType: 'awsbatch'
Jun-21 20:20:55.585 [main] DEBUG nextflow.script.ProcessConfig - Config settings `withLabel:single` matches labels `pandas,single` for process with name MAP_HUMAN_VIRUSES:PROCESS_KRAKEN_BOWTIE
Jun-21 20:20:55.586 [main] DEBUG nextflow.script.ProcessConfig - Config settings `withLabel:pandas` matches labels `pandas,single` for process with name MAP_HUMAN_VIRUSES:PROCESS_KRAKEN_BOWTIE
Jun-21 20:20:55.587 [main] DEBUG nextflow.executor.ExecutorFactory - << taskConfig executor: awsbatch
Jun-21 20:20:55.587 [main] DEBUG nextflow.executor.ExecutorFactory - >> processorType: 'awsbatch'
Jun-21 20:20:55.593 [main] DEBUG nextflow.script.ProcessConfig - Config settings `withLabel:single` matches labels `tidyverse,single` for process with name MAP_HUMAN_VIRUSES:MERGE_SAM_KRAKEN
Jun-21 20:20:55.593 [main] DEBUG nextflow.script.ProcessConfig - Config settings `withLabel:tidyverse` matches labels `tidyverse,single` for process with name MAP_HUMAN_VIRUSES:MERGE_SAM_KRAKEN
Jun-21 20:20:55.594 [main] DEBUG nextflow.executor.ExecutorFactory - << taskConfig executor: awsbatch
Jun-21 20:20:55.594 [main] DEBUG nextflow.executor.ExecutorFactory - >> processorType: 'awsbatch'
Jun-21 20:20:55.598 [main] DEBUG nextflow.script.ProcessConfig - Config settings `withLabel:single` matches labels `tidyverse,single` for process with name MAP_HUMAN_VIRUSES:MERGE_SAMPLES_HV
Jun-21 20:20:55.599 [main] DEBUG nextflow.script.ProcessConfig - Config settings `withLabel:tidyverse` matches labels `tidyverse,single` for process with name MAP_HUMAN_VIRUSES:MERGE_SAMPLES_HV
Jun-21 20:20:55.599 [main] DEBUG nextflow.executor.ExecutorFactory - << taskConfig executor: awsbatch
Jun-21 20:20:55.599 [main] DEBUG nextflow.executor.ExecutorFactory - >> processorType: 'awsbatch'
Jun-21 20:20:55.602 [main] DEBUG nextflow.script.ProcessConfig - Config settings `withLabel:single` matches labels `tidyverse,single` for process with name MAP_HUMAN_VIRUSES:FILTER_HV
Jun-21 20:20:55.603 [main] DEBUG nextflow.script.ProcessConfig - Config settings `withLabel:tidyverse` matches labels `tidyverse,single` for process with name MAP_HUMAN_VIRUSES:FILTER_HV
Jun-21 20:20:55.603 [main] DEBUG nextflow.executor.ExecutorFactory - << taskConfig executor: awsbatch
Jun-21 20:20:55.604 [main] DEBUG nextflow.executor.ExecutorFactory - >> processorType: 'awsbatch'
Jun-21 20:20:55.607 [main] DEBUG nextflow.script.ProcessConfig - Config settings `withLabel:single` matches labels `tidyverse,single` for process with name MAP_HUMAN_VIRUSES:COLLAPSE_HV
Jun-21 20:20:55.608 [main] DEBUG nextflow.script.ProcessConfig - Config settings `withLabel:tidyverse` matches labels `tidyverse,single` for process with name MAP_HUMAN_VIRUSES:COLLAPSE_HV
Jun-21 20:20:55.609 [main] DEBUG nextflow.executor.ExecutorFactory - << taskConfig executor: awsbatch
Jun-21 20:20:55.609 [main] DEBUG nextflow.executor.ExecutorFactory - >> processorType: 'awsbatch'
Jun-21 20:20:55.611 [main] DEBUG nextflow.script.ProcessConfig - Config settings `withLabel:single` matches labels `tidyverse,single` for process with name MAP_HUMAN_VIRUSES:MAKE_HV_FASTA
Jun-21 20:20:55.612 [main] DEBUG nextflow.script.ProcessConfig - Config settings `withLabel:tidyverse` matches labels `tidyverse,single` for process with name MAP_HUMAN_VIRUSES:MAKE_HV_FASTA
Jun-21 20:20:55.613 [main] DEBUG nextflow.executor.ExecutorFactory - << taskConfig executor: awsbatch
Jun-21 20:20:55.613 [main] DEBUG nextflow.executor.ExecutorFactory - >> processorType: 'awsbatch'
Jun-21 20:20:55.616 [main] DEBUG nextflow.script.ProcessConfig - Config settings `withLabel:large` matches labels `R,large` for process with name MAP_HUMAN_VIRUSES:COUNT_HV_CLADES
Jun-21 20:20:55.616 [main] DEBUG nextflow.script.ProcessConfig - Config settings `withLabel:R` matches labels `R,large` for process with name MAP_HUMAN_VIRUSES:COUNT_HV_CLADES
Jun-21 20:20:55.617 [main] DEBUG nextflow.executor.ExecutorFactory - << taskConfig executor: awsbatch
Jun-21 20:20:55.617 [main] DEBUG nextflow.executor.ExecutorFactory - >> processorType: 'awsbatch'
Jun-21 20:20:55.623 [main] DEBUG nextflow.script.ProcessConfig - Config settings `withLabel:single` matches labels `BBTools,single` for process with name CLASSIFY_READS:BBMERGE
Jun-21 20:20:55.623 [main] DEBUG nextflow.script.ProcessConfig - Config settings `withLabel:BBTools` matches labels `BBTools,single` for process with name CLASSIFY_READS:BBMERGE
Jun-21 20:20:55.625 [main] DEBUG nextflow.executor.ExecutorFactory - << taskConfig executor: awsbatch
Jun-21 20:20:55.625 [main] DEBUG nextflow.executor.ExecutorFactory - >> processorType: 'awsbatch'
Jun-21 20:20:55.628 [main] DEBUG nextflow.script.ProcessConfig - Config settings `withLabel:single` matches labels `biopython,single` for process with name CLASSIFY_READS:JOIN
Jun-21 20:20:55.629 [main] DEBUG nextflow.script.ProcessConfig - Config settings `withLabel:biopython` matches labels `biopython,single` for process with name CLASSIFY_READS:JOIN
Jun-21 20:20:55.630 [main] DEBUG nextflow.executor.ExecutorFactory - << taskConfig executor: awsbatch
Jun-21 20:20:55.630 [main] DEBUG nextflow.executor.ExecutorFactory - >> processorType: 'awsbatch'
Jun-21 20:20:55.634 [main] DEBUG nextflow.script.ProcessConfig - Config settings `withLabel:large` matches labels `Kraken2,large` for process with name CLASSIFY_READS:KRAKEN
Jun-21 20:20:55.634 [main] DEBUG nextflow.script.ProcessConfig - Config settings `withLabel:Kraken2` matches labels `Kraken2,large` for process with name CLASSIFY_READS:KRAKEN
Jun-21 20:20:55.636 [main] DEBUG nextflow.executor.ExecutorFactory - << taskConfig executor: awsbatch
Jun-21 20:20:55.636 [main] DEBUG nextflow.executor.ExecutorFactory - >> processorType: 'awsbatch'
Jun-21 20:20:55.641 [main] DEBUG nextflow.script.ProcessConfig - Config settings `withLabel:single` matches labels `tidyverse,single` for process with name CLASSIFY_READS:LABEL_KRAKEN_REPORTS
Jun-21 20:20:55.641 [main] DEBUG nextflow.script.ProcessConfig - Config settings `withLabel:tidyverse` matches labels `tidyverse,single` for process with name CLASSIFY_READS:LABEL_KRAKEN_REPORTS
Jun-21 20:20:55.642 [main] DEBUG nextflow.executor.ExecutorFactory - << taskConfig executor: awsbatch
Jun-21 20:20:55.642 [main] DEBUG nextflow.executor.ExecutorFactory - >> processorType: 'awsbatch'
Jun-21 20:20:55.649 [main] DEBUG nextflow.script.ProcessConfig - Config settings `withLabel:single` matches labels `tidyverse,single` for process with name CLASSIFY_READS:MERGE_KRAKEN_REPORTS
Jun-21 20:20:55.650 [main] DEBUG nextflow.script.ProcessConfig - Config settings `withLabel:tidyverse` matches labels `tidyverse,single` for process with name CLASSIFY_READS:MERGE_KRAKEN_REPORTS
Jun-21 20:20:55.651 [main] DEBUG nextflow.executor.ExecutorFactory - << taskConfig executor: awsbatch
Jun-21 20:20:55.651 [main] DEBUG nextflow.executor.ExecutorFactory - >> processorType: 'awsbatch'
Jun-21 20:20:55.654 [main] DEBUG nextflow.script.ProcessConfig - Config settings `withLabel:single` matches labels `Bracken,single` for process with name CLASSIFY_READS:BRACKEN_DOMAINS
Jun-21 20:20:55.655 [main] DEBUG nextflow.script.ProcessConfig - Config settings `withLabel:Bracken` matches labels `Bracken,single` for process with name CLASSIFY_READS:BRACKEN_DOMAINS
Jun-21 20:20:55.656 [main] DEBUG nextflow.executor.ExecutorFactory - << taskConfig executor: awsbatch
Jun-21 20:20:55.656 [main] DEBUG nextflow.executor.ExecutorFactory - >> processorType: 'awsbatch'
Jun-21 20:20:55.659 [main] DEBUG nextflow.script.ProcessConfig - Config settings `withLabel:single` matches labels `tidyverse,single` for process with name CLASSIFY_READS:LABEL_BRACKEN
Jun-21 20:20:55.660 [main] DEBUG nextflow.script.ProcessConfig - Config settings `withLabel:tidyverse` matches labels `tidyverse,single` for process with name CLASSIFY_READS:LABEL_BRACKEN
Jun-21 20:20:55.661 [main] DEBUG nextflow.executor.ExecutorFactory - << taskConfig executor: awsbatch
Jun-21 20:20:55.661 [main] DEBUG nextflow.executor.ExecutorFactory - >> processorType: 'awsbatch'
Jun-21 20:20:55.666 [main] DEBUG nextflow.script.ProcessConfig - Config settings `withLabel:single` matches labels `tidyverse,single` for process with name CLASSIFY_READS:MERGE_BRACKEN
Jun-21 20:20:55.666 [main] DEBUG nextflow.script.ProcessConfig - Config settings `withLabel:tidyverse` matches labels `tidyverse,single` for process with name CLASSIFY_READS:MERGE_BRACKEN
Jun-21 20:20:55.667 [main] DEBUG nextflow.executor.ExecutorFactory - << taskConfig executor: awsbatch
Jun-21 20:20:55.667 [main] DEBUG nextflow.executor.ExecutorFactory - >> processorType: 'awsbatch'
Jun-21 20:20:55.678 [main] DEBUG nextflow.script.ProcessConfig - Config settings `withLabel:single` matches labels `R,single` for process with name PROCESS_OUTPUT:SUMMARIZE_MULTIQC_SINGLE
Jun-21 20:20:55.678 [main] DEBUG nextflow.script.ProcessConfig - Config settings `withLabel:R` matches labels `R,single` for process with name PROCESS_OUTPUT:SUMMARIZE_MULTIQC_SINGLE
Jun-21 20:20:55.679 [main] DEBUG nextflow.executor.ExecutorFactory - << taskConfig executor: awsbatch
Jun-21 20:20:55.679 [main] DEBUG nextflow.executor.ExecutorFactory - >> processorType: 'awsbatch'
Jun-21 20:20:55.694 [main] DEBUG nextflow.script.ProcessConfig - Config settings `withLabel:single` matches labels `tidyverse,single` for process with name PROCESS_OUTPUT:MERGE_MULTIQC
Jun-21 20:20:55.694 [main] DEBUG nextflow.script.ProcessConfig - Config settings `withLabel:tidyverse` matches labels `tidyverse,single` for process with name PROCESS_OUTPUT:MERGE_MULTIQC
Jun-21 20:20:55.696 [main] DEBUG nextflow.executor.ExecutorFactory - << taskConfig executor: awsbatch
Jun-21 20:20:55.696 [main] DEBUG nextflow.executor.ExecutorFactory - >> processorType: 'awsbatch'
Jun-21 20:20:55.701 [main] DEBUG nextflow.script.ProcessConfig - Config settings `withLabel:single` matches labels `tidyverse,single` for process with name PROCESS_OUTPUT:SUMMARIZE_COMPOSITION
Jun-21 20:20:55.701 [main] DEBUG nextflow.script.ProcessConfig - Config settings `withLabel:tidyverse` matches labels `tidyverse,single` for process with name PROCESS_OUTPUT:SUMMARIZE_COMPOSITION
Jun-21 20:20:55.702 [main] DEBUG nextflow.executor.ExecutorFactory - << taskConfig executor: awsbatch
Jun-21 20:20:55.702 [main] DEBUG nextflow.executor.ExecutorFactory - >> processorType: 'awsbatch'
Jun-21 20:20:55.705 [main] DEBUG nextflow.Session - Workflow process names [dsl2]: PREPARE_REFERENCES:EXTRACT_HUMAN_BBMAP, BBMERGE_BOWTIE, FASTQC_CONCAT, EXTRACT_KRAKEN, SUMMARIZE_COMPOSITION, MAP_HUMAN_VIRUSES:PROCESS_BOWTIE_SAM, PREPARE_REFERENCES:EXTRACT_HUMAN_BOWTIE2, MULTIQC_DEDUP, JOIN, KRAKEN_SUBSET, MERGE_SAMPLES_HV, CLASSIFY_READS:LABEL_KRAKEN_REPORTS, FILTER_BLAST, MERGE_ADAPTERS, MAP_HUMAN_VIRUSES:EXTRACT_UNCONC_READS, JOIN_SUBSET, EXTRACT_ADAPTERS_SINGLE, DEDUP_READS:MULTIQC_DEDUP, MAP_HUMAN_VIRUSES:FILTER_HV, PAIR_BLAST, REMOVE_RIBO_SECONDARY:MULTIQC_RIBO_SECONDARY, EXTRACT_HV, DEDUP_READS:FASTQC_DEDUP, MULTIQC_CONCAT, MULTIQC_RIBO_SECONDARY, DEDUP_READS:DEDUP_CLUMPIFY, BOWTIE2_REFERENCE_DEPLETION, BBMAP_HUMAN_DEPLETION, REMOVE_RIBO_SECONDARY:BBDUK_RIBO_SECONDARY, CLEAN_READS:PREPROCESS_FASTP, MAP_HUMAN_VIRUSES:BBMERGE_BOWTIE, EXTRACT_OTHER_BOWTIE2, COPY_TAXA, COUNT_HV_CLADES, MERGE_BRACKEN_SUBSET, CLEAN_READS:MERGE_ADAPTERS, EXTRACT_HUMAN_BOWTIE2, MAP_HUMAN_VIRUSES:RUN_BOWTIE2, PROCESS_OUTPUT:SUMMARIZE_COMPOSITION, DEDUP_CLUMPIFY, CLASSIFY_READS:LABEL_BRACKEN, FASTQC_RIBO_SECONDARY, MERGE_MULTIQC, REMOVE_RIBO_INITIAL:FASTQC_RIBO_INITIAL, FASTQC_CONCAT_TRUNC, JOIN_BOWTIE, PREPARE_REFERENCES:COPY_RIBO, MAP_HUMAN_VIRUSES:BBMAP_REFERENCE_DEPLETION, PROCESS_KRAKEN_BOWTIE, MAKE_HV_FASTA, HANDLE_RAW_READS:MULTIQC_CONCAT, SUMMARIZE_MULTIQC_SINGLE, REMOVE_RIBO_INITIAL:MULTIQC_RIBO_INITIAL, MAP_HUMAN_VIRUSES:PROCESS_KRAKEN_BOWTIE, KRAKEN_BOWTIE, PROCESS_OUTPUT:SUMMARIZE_MULTIQC_SINGLE, MERGE_SAM_KRAKEN, EXTRACT_OTHER_BBMAP, SUBSET_CLEANED, CLEAN_READS:FASTQC_CLEANED, HANDLE_RAW_READS:CONCAT_GZIPPED, MAP_HUMAN_VIRUSES:BBMAP_HUMAN_DEPLETION, REMOVE_RIBO_SECONDARY:FASTQC_RIBO_SECONDARY, BBDUK_RIBO_INITIAL, MAP_HUMAN_VIRUSES:DEDUP_HV, BBMERGE_SUBSET, REMOVE_RIBO_INITIAL:BBDUK_RIBO_INITIAL, COMBINE_MAPPED_READS, PREPARE_REFERENCES:COPY_ADAPTERS, MAP_HUMAN_VIRUSES:COUNT_HV_CLADES, GET_UNCONC_READ_IDS, BBMERGE, PREPARE_REFERENCES:EXTRACT_HV, BBDUK_RIBO_SECONDARY, LABEL_BRACKEN, FASTQC_RIBO_INITIAL, CLASSIFY_READS:MERGE_KRAKEN_REPORTS, CLASSIFY_READS:BBMERGE, PREPROCESS_CUTADAPT, CLEAN_READS:EXTRACT_ADAPTERS_SINGLE, CONCAT_GZIPPED, DEDUP_HV, MAP_HUMAN_VIRUSES:JOIN_BOWTIE, PREPROCESS_FASTP, PREPARE_REFERENCES:EXTRACT_KRAKEN, CLASSIFY_READS:KRAKEN, TRUNCATE_CONCAT, CLEAN_READS:MULTIQC_CLEANED, COPY_SAMPLE_METADATA, EXTRACT_UNCONC_READS, PROCESS_BOWTIE_SAM, KRAKEN, FASTQC_CLEANED, MULTIQC_CLEANED, BOWTIE2_HUMAN_DEPLETION, CLASSIFY_READS:BRACKEN_DOMAINS, MAP_HUMAN_VIRUSES:BOWTIE2_HUMAN_DEPLETION, RUN_BOWTIE2, LABEL_BRACKEN_SUBSET, BRACKEN_DOMAINS, PROCESS_OUTPUT:MERGE_MULTIQC, FILTER_HV, COLLAPSE_HV, MERGE_BRACKEN, SUBSET_BLAST, BRACKEN_DOMAINS_SUBSET, COPY_ADAPTERS, EXTRACT_HUMAN_BBMAP, MAP_HUMAN_VIRUSES:GET_UNCONC_READ_IDS, CLASSIFY_READS:MERGE_BRACKEN, HANDLE_RAW_READS:FASTQC_CONCAT, FASTQC_DEDUP, PREPARE_REFERENCES:EXTRACT_OTHER_BOWTIE2, MAP_HUMAN_VIRUSES:MAKE_HV_FASTA, MAP_HUMAN_VIRUSES:BOWTIE2_REFERENCE_DEPLETION, CLASSIFY_READS:JOIN, MAP_HUMAN_VIRUSES:KRAKEN_BOWTIE, COPY_RIBO, MAP_HUMAN_VIRUSES:MERGE_SAMPLES_HV, CLEAN_READS:PREPROCESS_TRIMMOMATIC, MAP_HUMAN_VIRUSES:COLLAPSE_HV, MERGE_KRAKEN_REPORTS, MULTIQC_RIBO_INITIAL, BLAST_HV, LABEL_KRAKEN_REPORTS, PREPARE_REFERENCES:EXTRACT_OTHER_BBMAP, PREPROCESS_TRIMMOMATIC, CLEAN_READS:PREPROCESS_CUTADAPT, MAP_HUMAN_VIRUSES:MERGE_SAM_KRAKEN, PREPARE_REFERENCES:COPY_SAMPLE_METADATA, MAP_HUMAN_VIRUSES:COMBINE_MAPPED_READS, BBMAP_REFERENCE_DEPLETION, PREPARE_REFERENCES:COPY_TAXA
Jun-21 20:20:55.705 [main] DEBUG nextflow.Session - Igniting dataflow network (61)
Jun-21 20:20:55.709 [main] DEBUG nextflow.processor.TaskProcessor - Starting process > PREPARE_REFERENCES:EXTRACT_HUMAN_BOWTIE2
Jun-21 20:20:55.709 [main] DEBUG nextflow.processor.TaskProcessor - Starting process > PREPARE_REFERENCES:EXTRACT_OTHER_BOWTIE2
Jun-21 20:20:55.709 [main] DEBUG nextflow.processor.TaskProcessor - Starting process > PREPARE_REFERENCES:EXTRACT_HUMAN_BBMAP
Jun-21 20:20:55.710 [main] DEBUG nextflow.processor.TaskProcessor - Starting process > PREPARE_REFERENCES:EXTRACT_OTHER_BBMAP
Jun-21 20:20:55.710 [main] DEBUG nextflow.processor.TaskProcessor - Starting process > PREPARE_REFERENCES:EXTRACT_HV
Jun-21 20:20:55.710 [main] DEBUG nextflow.processor.TaskProcessor - Starting process > PREPARE_REFERENCES:EXTRACT_KRAKEN
Jun-21 20:20:55.710 [main] DEBUG nextflow.processor.TaskProcessor - Starting process > PREPARE_REFERENCES:COPY_RIBO
Jun-21 20:20:55.710 [main] DEBUG nextflow.processor.TaskProcessor - Starting process > PREPARE_REFERENCES:COPY_ADAPTERS
Jun-21 20:20:55.711 [main] DEBUG nextflow.processor.TaskProcessor - Starting process > PREPARE_REFERENCES:COPY_TAXA
Jun-21 20:20:55.711 [main] DEBUG nextflow.processor.TaskProcessor - Starting process > PREPARE_REFERENCES:COPY_SAMPLE_METADATA
Jun-21 20:20:55.711 [main] DEBUG nextflow.processor.TaskProcessor - Starting process > HANDLE_RAW_READS:CONCAT_GZIPPED
Jun-21 20:20:55.712 [main] DEBUG nextflow.processor.TaskProcessor - Starting process > HANDLE_RAW_READS:FASTQC_CONCAT
Jun-21 20:20:55.712 [main] DEBUG nextflow.processor.TaskProcessor - Starting process > HANDLE_RAW_READS:MULTIQC_CONCAT
Jun-21 20:20:55.712 [main] DEBUG nextflow.processor.TaskProcessor - Starting process > CLEAN_READS:PREPROCESS_CUTADAPT
Jun-21 20:20:55.713 [main] DEBUG nextflow.processor.TaskProcessor - Starting process > CLEAN_READS:PREPROCESS_TRIMMOMATIC
Jun-21 20:20:55.713 [main] DEBUG nextflow.processor.TaskProcessor - Starting process > CLEAN_READS:PREPROCESS_FASTP
Jun-21 20:20:55.713 [main] DEBUG nextflow.processor.TaskProcessor - Starting process > CLEAN_READS:FASTQC_CLEANED
Jun-21 20:20:55.713 [main] DEBUG nextflow.processor.TaskProcessor - Starting process > CLEAN_READS:MULTIQC_CLEANED
Jun-21 20:20:55.713 [main] DEBUG nextflow.processor.TaskProcessor - Starting process > CLEAN_READS:EXTRACT_ADAPTERS_SINGLE
Jun-21 20:20:55.713 [main] DEBUG nextflow.processor.TaskProcessor - Starting process > CLEAN_READS:MERGE_ADAPTERS
Jun-21 20:20:55.714 [main] DEBUG nextflow.processor.TaskProcessor - Starting process > DEDUP_READS:DEDUP_CLUMPIFY
Jun-21 20:20:55.714 [main] DEBUG nextflow.processor.TaskProcessor - Starting process > DEDUP_READS:FASTQC_DEDUP
Jun-21 20:20:55.714 [main] DEBUG nextflow.processor.TaskProcessor - Starting process > DEDUP_READS:MULTIQC_DEDUP
Jun-21 20:20:55.714 [main] DEBUG nextflow.processor.TaskProcessor - Starting process > REMOVE_RIBO_INITIAL:BBDUK_RIBO_INITIAL
Jun-21 20:20:55.715 [main] DEBUG nextflow.processor.TaskProcessor - Starting process > REMOVE_RIBO_INITIAL:FASTQC_RIBO_INITIAL
Jun-21 20:20:55.715 [main] DEBUG nextflow.processor.TaskProcessor - Starting process > REMOVE_RIBO_INITIAL:MULTIQC_RIBO_INITIAL
Jun-21 20:20:55.715 [main] DEBUG nextflow.processor.TaskProcessor - Starting process > REMOVE_RIBO_SECONDARY:BBDUK_RIBO_SECONDARY
Jun-21 20:20:55.716 [main] DEBUG nextflow.processor.TaskProcessor - Starting process > REMOVE_RIBO_SECONDARY:FASTQC_RIBO_SECONDARY
Jun-21 20:20:55.716 [main] DEBUG nextflow.processor.TaskProcessor - Starting process > REMOVE_RIBO_SECONDARY:MULTIQC_RIBO_SECONDARY
Jun-21 20:20:55.717 [main] DEBUG nextflow.processor.TaskProcessor - Starting process > MAP_HUMAN_VIRUSES:RUN_BOWTIE2
Jun-21 20:20:55.717 [main] DEBUG nextflow.processor.TaskProcessor - Starting process > MAP_HUMAN_VIRUSES:PROCESS_BOWTIE_SAM
Jun-21 20:20:55.717 [main] DEBUG nextflow.processor.TaskProcessor - Starting process > MAP_HUMAN_VIRUSES:GET_UNCONC_READ_IDS
Jun-21 20:20:55.717 [main] DEBUG nextflow.processor.TaskProcessor - Starting process > MAP_HUMAN_VIRUSES:EXTRACT_UNCONC_READS
Jun-21 20:20:55.717 [main] DEBUG nextflow.processor.TaskProcessor - Starting process > MAP_HUMAN_VIRUSES:COMBINE_MAPPED_READS
Jun-21 20:20:55.717 [main] DEBUG nextflow.processor.TaskProcessor - Starting process > MAP_HUMAN_VIRUSES:BOWTIE2_HUMAN_DEPLETION
Jun-21 20:20:55.717 [main] DEBUG nextflow.processor.TaskProcessor - Starting process > MAP_HUMAN_VIRUSES:BBMAP_HUMAN_DEPLETION
Jun-21 20:20:55.717 [main] DEBUG nextflow.processor.TaskProcessor - Starting process > MAP_HUMAN_VIRUSES:BOWTIE2_REFERENCE_DEPLETION
Jun-21 20:20:55.717 [main] DEBUG nextflow.processor.TaskProcessor - Starting process > MAP_HUMAN_VIRUSES:BBMAP_REFERENCE_DEPLETION
Jun-21 20:20:55.717 [main] DEBUG nextflow.processor.TaskProcessor - Starting process > MAP_HUMAN_VIRUSES:BBMERGE_BOWTIE
Jun-21 20:20:55.735 [main] DEBUG nextflow.processor.TaskProcessor - Starting process > MAP_HUMAN_VIRUSES:JOIN_BOWTIE
Jun-21 20:20:55.735 [main] DEBUG nextflow.processor.TaskProcessor - Starting process > MAP_HUMAN_VIRUSES:DEDUP_HV
Jun-21 20:20:55.735 [main] DEBUG nextflow.processor.TaskProcessor - Starting process > MAP_HUMAN_VIRUSES:KRAKEN_BOWTIE
Jun-21 20:20:55.735 [main] DEBUG nextflow.processor.TaskProcessor - Starting process > MAP_HUMAN_VIRUSES:PROCESS_KRAKEN_BOWTIE
Jun-21 20:20:55.735 [main] DEBUG nextflow.processor.TaskProcessor - Starting process > MAP_HUMAN_VIRUSES:MERGE_SAM_KRAKEN
Jun-21 20:20:55.735 [main] DEBUG nextflow.processor.TaskProcessor - Starting process > MAP_HUMAN_VIRUSES:MERGE_SAMPLES_HV
Jun-21 20:20:55.735 [main] DEBUG nextflow.processor.TaskProcessor - Starting process > MAP_HUMAN_VIRUSES:FILTER_HV
Jun-21 20:20:55.735 [main] DEBUG nextflow.processor.TaskProcessor - Starting process > MAP_HUMAN_VIRUSES:COLLAPSE_HV
Jun-21 20:20:55.736 [main] DEBUG nextflow.processor.TaskProcessor - Starting process > MAP_HUMAN_VIRUSES:MAKE_HV_FASTA
Jun-21 20:20:55.739 [main] DEBUG nextflow.processor.TaskProcessor - Starting process > MAP_HUMAN_VIRUSES:COUNT_HV_CLADES
Jun-21 20:20:55.739 [main] DEBUG nextflow.processor.TaskProcessor - Starting process > CLASSIFY_READS:BBMERGE
Jun-21 20:20:55.739 [main] DEBUG nextflow.processor.TaskProcessor - Starting process > CLASSIFY_READS:JOIN
Jun-21 20:20:55.739 [main] DEBUG nextflow.processor.TaskProcessor - Starting process > CLASSIFY_READS:KRAKEN
Jun-21 20:20:55.739 [main] DEBUG nextflow.processor.TaskProcessor - Starting process > CLASSIFY_READS:LABEL_KRAKEN_REPORTS
Jun-21 20:20:55.739 [main] DEBUG nextflow.processor.TaskProcessor - Starting process > CLASSIFY_READS:MERGE_KRAKEN_REPORTS
Jun-21 20:20:55.739 [main] DEBUG nextflow.processor.TaskProcessor - Starting process > CLASSIFY_READS:BRACKEN_DOMAINS
Jun-21 20:20:55.739 [main] DEBUG nextflow.processor.TaskProcessor - Starting process > CLASSIFY_READS:LABEL_BRACKEN
Jun-21 20:20:55.739 [main] DEBUG nextflow.processor.TaskProcessor - Starting process > CLASSIFY_READS:MERGE_BRACKEN
Jun-21 20:20:55.739 [main] DEBUG nextflow.processor.TaskProcessor - Starting process > PROCESS_OUTPUT:SUMMARIZE_MULTIQC_SINGLE
Jun-21 20:20:55.739 [main] DEBUG nextflow.processor.TaskProcessor - Starting process > PROCESS_OUTPUT:MERGE_MULTIQC
Jun-21 20:20:55.739 [main] DEBUG nextflow.processor.TaskProcessor - Starting process > PROCESS_OUTPUT:SUMMARIZE_COMPOSITION
Jun-21 20:20:55.742 [main] DEBUG nextflow.script.ScriptRunner - Parsed script files:
  Script_298c08336ad104d7: /home/ec2-user/nao-harmon/prussin2019/mgs-workflow/workflow.nf
Jun-21 20:20:55.742 [main] DEBUG nextflow.script.ScriptRunner - > Awaiting termination 
Jun-21 20:20:55.742 [main] DEBUG nextflow.Session - Session await
Jun-21 20:20:55.778 [Actor Thread 20] DEBUG nextflow.file.FileHelper - Creating a file system instance for provider: S3FileSystemProvider
Jun-21 20:20:55.779 [Actor Thread 20] DEBUG nextflow.cloud.aws.config.AwsConfig - AWS S3 config properties: {socket_timeout=0, max_connections=1000, connection_timeout=0, max_error_retry=10}
Jun-21 20:20:55.779 [Actor Thread 20] DEBUG nextflow.cloud.aws.AwsClientFactory - Merging AWS credentials file '/home/ec2-user/.aws/credentials' and config file '/home/ec2-user/.aws/config'
Jun-21 20:20:55.854 [Actor Thread 13] DEBUG i.s.wave.plugin.config.WaveConfig - Wave strategy not specified - using default: [container, dockerfile, conda, spack]
Jun-21 20:20:55.861 [Actor Thread 13] DEBUG io.seqera.wave.plugin.WaveClient - Wave config: WaveConfig(enabled:true, endpoint:https://wave.seqera.io, containerConfigUrl:[], tokensCacheMaxDuration:30m, condaOpts:CondaOpts(mambaImage=mambaorg/micromamba:1.5.8-lunar; basePackages=conda-forge::procps-ng, commands=null), spackOpts:SpackOpts(basePackages=null, commands=null), strategy:[container, dockerfile, conda, spack], bundleProjectResources:true, buildRepository:null, cacheRepository:null, retryOpts:RetryOpts(delay:450ms, maxDelay:1m 30s, maxAttempts:10, jitter:0.25), httpClientOpts:HttpOpts(), freezeMode:null, preserveFileTimestamp:null)
Jun-21 20:20:55.885 [Actor Thread 16] DEBUG io.seqera.wave.plugin.WaveClient - Wave request container config: https://fusionfs.seqera.io/releases/v2.3-amd64.json
Jun-21 20:20:55.916 [FileTransfer-2] DEBUG nextflow.file.FilePorter - Copying foreign file /home/ec2-user/nao-harmon/prussin2019/mgs-workflow/libraries.csv to work dir: s3://nao-harmon/prussin2019/work/stage-abaa2d7e-681f-464b-9b57-2f29bb3fd643/eb/c2078f238734303c2502d79b3817ae/libraries.csv
Jun-21 20:20:55.931 [FileTransfer-2] DEBUG n.cloud.aws.nio.S3FileSystemProvider - S3 upload file from=/home/ec2-user/nao-harmon/prussin2019/mgs-workflow/libraries.csv to=s3://nao-harmon/prussin2019/work/stage-abaa2d7e-681f-464b-9b57-2f29bb3fd643/eb/c2078f238734303c2502d79b3817ae/libraries.csv
Jun-21 20:20:55.931 [FileTransfer-2] DEBUG nextflow.cloud.aws.nio.S3Client - Creating S3 transfer manager pool - chunk-size=104857600; max-treads=10;
Jun-21 20:20:55.931 [FileTransfer-2] DEBUG nextflow.util.ThreadPoolBuilder - Creating thread pool 'S3TransferManager' minSize=10; maxSize=10; workQueue=LinkedBlockingQueue[10000]; allowCoreThreadTimeout=false
Jun-21 20:20:55.954 [FileTransfer-1] DEBUG nextflow.file.FilePorter - Local cache found for foreign file /home/ec2-user/nao-harmon/prussin2019/mgs-workflow/ref/adapters.fasta at s3://nao-harmon/prussin2019/work/stage-abaa2d7e-681f-464b-9b57-2f29bb3fd643/96/3176609a643915e71b5c930b52f3f4/adapters.fasta
Jun-21 20:20:56.025 [Actor Thread 16] DEBUG io.seqera.wave.plugin.WaveClient - Wave container config response: [200] {
  "entrypoint": [ "/usr/bin/fusion" ],
  "env": [ "FUSION_CONFIG_PROFILE=nextflow", "FUSION_COMPACT_SYMLINKS=true" ],
  "layers": [
    {
      "location": "https://fusionfs.seqera.io/releases/pkg/2/3/2/fusion-amd64.tar.gz",
      "gzipDigest": "sha256:49489973bc39644b68e65ab7baacf0a89a073f9bf938a62e3bc6c51741aa633a",
      "gzipSize": 30907616,
      "tarDigest": "sha256:59eb3278527819e7592fa8f87b34b032a6e65175d234cfb27f34d1234189037c",
      "skipHashing": true
    }
  ]
}

Jun-21 20:20:56.059 [Actor Thread 23] DEBUG io.seqera.wave.plugin.WaveClient - Wave request: https://wave.seqera.io/v1alpha2/container; attempt=1 - request: SubmitContainerTokenRequest(towerAccessToken:null, towerRefreshToken:null, towerWorkspaceId:null, towerEndpoint:https://api.cloud.seqera.io, containerImage:staphb/bbtools:39.01, containerFile:null, containerConfig:ContainerConfig(entrypoint:[/usr/bin/fusion], cmd:null, env:[FUSION_CONFIG_PROFILE=nextflow, FUSION_COMPACT_SYMLINKS=true], workingDir:null, layers:[ContainerLayer[location=https://fusionfs.seqera.io/releases/pkg/2/3/2/fusion-amd64.tar.gz; tarDigest=sha256:59eb3278527819e7592fa8f87b34b032a6e65175d234cfb27f34d1234189037c; gzipDigest=sha256:49489973bc39644b68e65ab7baacf0a89a073f9bf938a62e3bc6c51741aa633a; gzipSize=30907616]]), condaFile:null, spackFile:null, containerPlatform:linux/amd64, buildRepository:null, cacheRepository:null, timestamp:2024-06-21T20:20:56.053416053Z, fingerprint:9de7b9d8c9f442fe519df7760351e8f1, freeze:false, format:null, dryRun:false, workflowId:null, containerIncludes:null, packages:null)
Jun-21 20:20:56.059 [Actor Thread 27] DEBUG io.seqera.wave.plugin.WaveClient - Wave request: https://wave.seqera.io/v1alpha2/container; attempt=1 - request: SubmitContainerTokenRequest(towerAccessToken:null, towerRefreshToken:null, towerWorkspaceId:null, towerEndpoint:https://api.cloud.seqera.io, containerImage:staphb/seqtk:latest, containerFile:null, containerConfig:ContainerConfig(entrypoint:[/usr/bin/fusion], cmd:null, env:[FUSION_CONFIG_PROFILE=nextflow, FUSION_COMPACT_SYMLINKS=true], workingDir:null, layers:[ContainerLayer[location=https://fusionfs.seqera.io/releases/pkg/2/3/2/fusion-amd64.tar.gz; tarDigest=sha256:59eb3278527819e7592fa8f87b34b032a6e65175d234cfb27f34d1234189037c; gzipDigest=sha256:49489973bc39644b68e65ab7baacf0a89a073f9bf938a62e3bc6c51741aa633a; gzipSize=30907616]]), condaFile:null, spackFile:null, containerPlatform:linux/amd64, buildRepository:null, cacheRepository:null, timestamp:2024-06-21T20:20:56.053416083Z, fingerprint:7ca301b58e237e298b32ab15c54c9b7b, freeze:false, format:null, dryRun:false, workflowId:null, containerIncludes:null, packages:null)
Jun-21 20:20:56.392 [Actor Thread 23] DEBUG io.seqera.wave.plugin.WaveClient - Wave response: statusCode=200; body={"containerToken":"01fe2dcf1eca","targetImage":"wave.seqera.io/wt/01fe2dcf1eca/staphb/bbtools:39.01","expiration":"2024-06-23T08:20:56.351968075Z","containerImage":"docker.io/staphb/bbtools:39.01","cached":true,"freeze":false}
Jun-21 20:20:56.395 [Actor Thread 27] DEBUG io.seqera.wave.plugin.WaveClient - Wave response: statusCode=200; body={"containerToken":"a3a3839d3757","targetImage":"wave.seqera.io/wt/a3a3839d3757/staphb/seqtk:latest","expiration":"2024-06-23T08:20:56.352090084Z","containerImage":"docker.io/staphb/seqtk:latest","cached":true,"freeze":false}
Jun-21 20:20:56.591 [Actor Thread 23] INFO  nextflow.processor.TaskProcessor - [d1/b612df] Cached process > PREPARE_REFERENCES:EXTRACT_OTHER_BOWTIE2
Jun-21 20:20:56.593 [Actor Thread 20] INFO  nextflow.processor.TaskProcessor - [c4/e17ce4] Cached process > PREPARE_REFERENCES:EXTRACT_HV
Jun-21 20:20:56.598 [Actor Thread 16] INFO  nextflow.processor.TaskProcessor - [68/715382] Cached process > PREPARE_REFERENCES:EXTRACT_KRAKEN
Jun-21 20:20:56.602 [Actor Thread 25] INFO  nextflow.processor.TaskProcessor - [ef/abf8e5] Cached process > PREPARE_REFERENCES:EXTRACT_HUMAN_BBMAP
Jun-21 20:20:56.607 [Actor Thread 19] INFO  nextflow.processor.TaskProcessor - [b3/681c15] Cached process > PREPARE_REFERENCES:COPY_RIBO
Jun-21 20:20:56.624 [Actor Thread 17] INFO  nextflow.processor.TaskProcessor - [a5/2a87a5] Cached process > PREPARE_REFERENCES:COPY_TAXA
Jun-21 20:20:56.625 [Actor Thread 27] INFO  nextflow.processor.TaskProcessor - [15/333574] Cached process > HANDLE_RAW_READS:CONCAT_GZIPPED (1)
Jun-21 20:20:56.628 [Actor Thread 22] INFO  nextflow.processor.TaskProcessor - [b7/8f28d4] Cached process > PREPARE_REFERENCES:COPY_ADAPTERS
Jun-21 20:20:56.628 [Actor Thread 26] INFO  nextflow.processor.TaskProcessor - [b7/c58d96] Cached process > HANDLE_RAW_READS:CONCAT_GZIPPED (3)
Jun-21 20:20:56.638 [Actor Thread 13] INFO  nextflow.processor.TaskProcessor - [4b/990f9e] Cached process > HANDLE_RAW_READS:CONCAT_GZIPPED (4)
Jun-21 20:20:56.639 [Actor Thread 28] INFO  nextflow.processor.TaskProcessor - [7c/7b9c1d] Cached process > PREPARE_REFERENCES:EXTRACT_OTHER_BBMAP
Jun-21 20:20:56.642 [Actor Thread 12] INFO  nextflow.processor.TaskProcessor - [e8/5c519e] Cached process > HANDLE_RAW_READS:CONCAT_GZIPPED (2)
Jun-21 20:20:56.643 [Actor Thread 15] INFO  nextflow.processor.TaskProcessor - [0a/c3e8a4] Cached process > PREPARE_REFERENCES:EXTRACT_HUMAN_BOWTIE2
Jun-21 20:20:56.682 [Actor Thread 8] DEBUG io.seqera.wave.plugin.WaveClient - Wave request: https://wave.seqera.io/v1alpha2/container; attempt=1 - request: SubmitContainerTokenRequest(towerAccessToken:null, towerRefreshToken:null, towerWorkspaceId:null, towerEndpoint:https://api.cloud.seqera.io, containerImage:staphb/fastqc:latest, containerFile:null, containerConfig:ContainerConfig(entrypoint:[/usr/bin/fusion], cmd:null, env:[FUSION_CONFIG_PROFILE=nextflow, FUSION_COMPACT_SYMLINKS=true], workingDir:null, layers:[ContainerLayer[location=https://fusionfs.seqera.io/releases/pkg/2/3/2/fusion-amd64.tar.gz; tarDigest=sha256:59eb3278527819e7592fa8f87b34b032a6e65175d234cfb27f34d1234189037c; gzipDigest=sha256:49489973bc39644b68e65ab7baacf0a89a073f9bf938a62e3bc6c51741aa633a; gzipSize=30907616]]), condaFile:null, spackFile:null, containerPlatform:linux/amd64, buildRepository:null, cacheRepository:null, timestamp:2024-06-21T20:20:56.681950809Z, fingerprint:9402c6a8212d9ba5529bf166f819a7d9, freeze:false, format:null, dryRun:false, workflowId:null, containerIncludes:null, packages:null)
Jun-21 20:20:56.695 [Actor Thread 6] DEBUG io.seqera.wave.plugin.WaveClient - Wave request: https://wave.seqera.io/v1alpha2/container; attempt=1 - request: SubmitContainerTokenRequest(towerAccessToken:null, towerRefreshToken:null, towerWorkspaceId:null, towerEndpoint:https://api.cloud.seqera.io, containerImage:pipecraft/cutadapt:0, containerFile:null, containerConfig:ContainerConfig(entrypoint:[/usr/bin/fusion], cmd:null, env:[FUSION_CONFIG_PROFILE=nextflow, FUSION_COMPACT_SYMLINKS=true], workingDir:null, layers:[ContainerLayer[location=https://fusionfs.seqera.io/releases/pkg/2/3/2/fusion-amd64.tar.gz; tarDigest=sha256:59eb3278527819e7592fa8f87b34b032a6e65175d234cfb27f34d1234189037c; gzipDigest=sha256:49489973bc39644b68e65ab7baacf0a89a073f9bf938a62e3bc6c51741aa633a; gzipSize=30907616]]), condaFile:null, spackFile:null, containerPlatform:linux/amd64, buildRepository:null, cacheRepository:null, timestamp:2024-06-21T20:20:56.694369027Z, fingerprint:ec6a3fd87b4610c260e27faf825cd928, freeze:false, format:null, dryRun:false, workflowId:null, containerIncludes:null, packages:null)
Jun-21 20:20:56.740 [Actor Thread 7] INFO  nextflow.processor.TaskProcessor - [45/4cf3f4] Cached process > HANDLE_RAW_READS:CONCAT_GZIPPED (5)
Jun-21 20:20:56.759 [Actor Thread 21] INFO  nextflow.processor.TaskProcessor - [37/7162ab] Cached process > HANDLE_RAW_READS:CONCAT_GZIPPED (6)
Jun-21 20:20:56.769 [Actor Thread 8] DEBUG io.seqera.wave.plugin.WaveClient - Wave response: statusCode=200; body={"containerToken":"930e5c78b839","targetImage":"wave.seqera.io/wt/930e5c78b839/staphb/fastqc:latest","expiration":"2024-06-23T08:20:56.724547726Z","containerImage":"docker.io/staphb/fastqc:latest","cached":true,"freeze":false}
Jun-21 20:20:56.776 [Actor Thread 6] DEBUG io.seqera.wave.plugin.WaveClient - Wave response: statusCode=200; body={"containerToken":"c796bf29993b","targetImage":"wave.seqera.io/wt/c796bf29993b/pipecraft/cutadapt:0","expiration":"2024-06-23T08:20:56.735322117Z","containerImage":"docker.io/pipecraft/cutadapt:0","cached":true,"freeze":false}
Jun-21 20:20:56.778 [Actor Thread 3] INFO  nextflow.processor.TaskProcessor - [f9/d46740] Cached process > HANDLE_RAW_READS:CONCAT_GZIPPED (8)
Jun-21 20:20:56.780 [Actor Thread 12] INFO  nextflow.processor.TaskProcessor - [2e/71a1b0] Cached process > HANDLE_RAW_READS:CONCAT_GZIPPED (7)
Jun-21 20:20:56.861 [Actor Thread 13] INFO  nextflow.processor.TaskProcessor - [e7/1bf396] Cached process > HANDLE_RAW_READS:CONCAT_GZIPPED (9)
Jun-21 20:20:56.871 [Actor Thread 25] INFO  nextflow.processor.TaskProcessor - [92/abce2a] Cached process > HANDLE_RAW_READS:FASTQC_CONCAT (3)
Jun-21 20:20:56.871 [Actor Thread 9] INFO  nextflow.processor.TaskProcessor - [94/2507ce] Cached process > HANDLE_RAW_READS:FASTQC_CONCAT (4)
Jun-21 20:20:56.876 [Actor Thread 28] INFO  nextflow.processor.TaskProcessor - [ef/47bbe7] Cached process > HANDLE_RAW_READS:CONCAT_GZIPPED (10)
Jun-21 20:20:56.877 [Actor Thread 19] INFO  nextflow.processor.TaskProcessor - [e0/ad56b9] Cached process > HANDLE_RAW_READS:FASTQC_CONCAT (1)
Jun-21 20:20:56.881 [Actor Thread 21] INFO  nextflow.processor.TaskProcessor - [14/63cb90] Cached process > HANDLE_RAW_READS:CONCAT_GZIPPED (12)
Jun-21 20:20:56.889 [Actor Thread 7] INFO  nextflow.processor.TaskProcessor - [a8/efa3f7] Cached process > HANDLE_RAW_READS:CONCAT_GZIPPED (11)
Jun-21 20:20:56.896 [Actor Thread 8] INFO  nextflow.processor.TaskProcessor - [dc/7bc23d] Cached process > HANDLE_RAW_READS:FASTQC_CONCAT (2)
Jun-21 20:20:56.949 [Actor Thread 13] INFO  nextflow.processor.TaskProcessor - [a5/9d464b] Cached process > HANDLE_RAW_READS:CONCAT_GZIPPED (13)
Jun-21 20:20:56.976 [Actor Thread 25] INFO  nextflow.processor.TaskProcessor - [eb/e0dab4] Cached process > HANDLE_RAW_READS:FASTQC_CONCAT (5)
Jun-21 20:20:56.979 [Actor Thread 28] INFO  nextflow.processor.TaskProcessor - [c0/e0f281] Cached process > HANDLE_RAW_READS:CONCAT_GZIPPED (14)
Jun-21 20:20:56.985 [Actor Thread 2] INFO  nextflow.processor.TaskProcessor - [7f/ae9c0e] Cached process > HANDLE_RAW_READS:CONCAT_GZIPPED (15)
Jun-21 20:20:57.003 [Actor Thread 3] INFO  nextflow.processor.TaskProcessor - [db/09cf1f] Cached process > HANDLE_RAW_READS:CONCAT_GZIPPED (16)
Jun-21 20:20:57.011 [Actor Thread 12] INFO  nextflow.processor.TaskProcessor - [39/0ed818] Cached process > HANDLE_RAW_READS:FASTQC_CONCAT (6)
Jun-21 20:20:57.014 [Actor Thread 19] INFO  nextflow.processor.TaskProcessor - [62/287904] Cached process > HANDLE_RAW_READS:FASTQC_CONCAT (7)
Jun-21 20:20:57.035 [Actor Thread 8] INFO  nextflow.processor.TaskProcessor - [1e/c0746e] Cached process > HANDLE_RAW_READS:FASTQC_CONCAT (8)
Jun-21 20:20:57.044 [Actor Thread 13] INFO  nextflow.processor.TaskProcessor - [48/1c6423] Cached process > HANDLE_RAW_READS:CONCAT_GZIPPED (17)
Jun-21 20:20:57.051 [AWSBatch-executor-1] DEBUG n.c.aws.batch.AwsBatchTaskHandler - [AWS BATCH] [AWS BATCH] Created job definition name=nf-wave-seqera-io-wt-01fe2dcf1eca-staphb-bbtools-39-01:1; container=wave.seqera.io/wt/01fe2dcf1eca/staphb/bbtools:39.01
Jun-21 20:20:57.077 [Actor Thread 28] INFO  nextflow.processor.TaskProcessor - [f2/308bf9] Cached process > HANDLE_RAW_READS:CONCAT_GZIPPED (18)
Jun-21 20:20:57.087 [Actor Thread 2] INFO  nextflow.processor.TaskProcessor - [28/9eef39] Cached process > HANDLE_RAW_READS:CONCAT_GZIPPED (19)
Jun-21 20:20:57.112 [Actor Thread 25] INFO  nextflow.processor.TaskProcessor - [4f/e0151a] Cached process > HANDLE_RAW_READS:FASTQC_CONCAT (9)
Jun-21 20:20:57.116 [Actor Thread 3] INFO  nextflow.processor.TaskProcessor - [fe/ee0d5c] Cached process > HANDLE_RAW_READS:CONCAT_GZIPPED (20)
Jun-21 20:20:57.132 [Actor Thread 26] INFO  nextflow.processor.TaskProcessor - [cf/b93481] Cached process > HANDLE_RAW_READS:FASTQC_CONCAT (10)
Jun-21 20:20:57.133 [Actor Thread 19] INFO  nextflow.processor.TaskProcessor - [07/cd0158] Cached process > HANDLE_RAW_READS:FASTQC_CONCAT (11)
Jun-21 20:20:57.145 [Actor Thread 13] INFO  nextflow.processor.TaskProcessor - [45/d4cda3] Cached process > HANDLE_RAW_READS:CONCAT_GZIPPED (21)
Jun-21 20:20:57.146 [Actor Thread 9] INFO  nextflow.processor.TaskProcessor - [59/42b421] Cached process > HANDLE_RAW_READS:FASTQC_CONCAT (12)
Jun-21 20:20:57.157 [AWSBatch-executor-1] DEBUG n.c.aws.batch.AwsBatchTaskHandler - [AWS BATCH] Process `PREPARE_REFERENCES:COPY_SAMPLE_METADATA` submitted > job=866f1c19-deb9-4da5-a0e1-bc60f299b277; work-dir=s3://nao-harmon/prussin2019/work/b7/c8e22f932d23c88d534737da22cad6
Jun-21 20:20:57.157 [AWSBatch-executor-1] INFO  nextflow.Session - [b7/c8e22f] Submitted process > PREPARE_REFERENCES:COPY_SAMPLE_METADATA
Jun-21 20:20:57.189 [Actor Thread 17] INFO  nextflow.processor.TaskProcessor - [04/24799c] Cached process > HANDLE_RAW_READS:CONCAT_GZIPPED (22)
Jun-21 20:20:57.208 [Actor Thread 7] INFO  nextflow.processor.TaskProcessor - [db/0d1cd8] Cached process > HANDLE_RAW_READS:CONCAT_GZIPPED (23)
Jun-21 20:20:57.232 [Actor Thread 25] INFO  nextflow.processor.TaskProcessor - [91/54972d] Cached process > HANDLE_RAW_READS:FASTQC_CONCAT (13)
Jun-21 20:20:57.237 [Actor Thread 21] INFO  nextflow.processor.TaskProcessor - [b1/42a5d6] Cached process > HANDLE_RAW_READS:FASTQC_CONCAT (15)
Jun-21 20:20:57.245 [Actor Thread 3] INFO  nextflow.processor.TaskProcessor - [28/4a1c23] Cached process > HANDLE_RAW_READS:FASTQC_CONCAT (16)
Jun-21 20:20:57.246 [Actor Thread 2] INFO  nextflow.processor.TaskProcessor - [aa/aae112] Cached process > HANDLE_RAW_READS:CONCAT_GZIPPED (24)
Jun-21 20:20:57.249 [Actor Thread 13] INFO  nextflow.processor.TaskProcessor - [ac/bdb22b] Cached process > HANDLE_RAW_READS:CONCAT_GZIPPED (25)
Jun-21 20:20:57.275 [Actor Thread 17] INFO  nextflow.processor.TaskProcessor - [41/20409d] Cached process > HANDLE_RAW_READS:CONCAT_GZIPPED (26)
Jun-21 20:20:57.287 [Actor Thread 28] INFO  nextflow.processor.TaskProcessor - [46/c7901b] Cached process > HANDLE_RAW_READS:FASTQC_CONCAT (14)
Jun-21 20:20:57.303 [Actor Thread 9] INFO  nextflow.processor.TaskProcessor - [c7/ddbdfe] Cached process > HANDLE_RAW_READS:CONCAT_GZIPPED (27)
Jun-21 20:20:57.320 [AWSBatch-executor-2] DEBUG n.c.aws.batch.AwsBatchTaskHandler - [AWS BATCH] [AWS BATCH] Created job definition name=nf-wave-seqera-io-wt-c796bf29993b-pipecraft-cutadapt-0:1; container=wave.seqera.io/wt/c796bf29993b/pipecraft/cutadapt:0
Jun-21 20:20:57.338 [Actor Thread 19] INFO  nextflow.processor.TaskProcessor - [5b/9732c3] Cached process > HANDLE_RAW_READS:CONCAT_GZIPPED (28)
Jun-21 20:20:57.345 [Actor Thread 7] INFO  nextflow.processor.TaskProcessor - [ac/e4b708] Cached process > HANDLE_RAW_READS:FASTQC_CONCAT (18)
Jun-21 20:20:57.350 [Actor Thread 15] INFO  nextflow.processor.TaskProcessor - [86/913916] Cached process > HANDLE_RAW_READS:CONCAT_GZIPPED (29)
Jun-21 20:20:57.354 [Actor Thread 25] INFO  nextflow.processor.TaskProcessor - [45/62d8d5] Cached process > HANDLE_RAW_READS:FASTQC_CONCAT (17)
Jun-21 20:20:57.370 [Actor Thread 3] INFO  nextflow.processor.TaskProcessor - [71/983fb5] Cached process > HANDLE_RAW_READS:FASTQC_CONCAT (19)
Jun-21 20:20:57.380 [Actor Thread 17] INFO  nextflow.processor.TaskProcessor - [5f/8f7c9b] Cached process > HANDLE_RAW_READS:CONCAT_GZIPPED (30)
Jun-21 20:20:57.386 [AWSBatch-executor-13] DEBUG n.c.aws.batch.AwsBatchTaskHandler - [AWS BATCH] Process `CLEAN_READS:PREPROCESS_CUTADAPT (11)` submitted > job=41a67b28-ecd9-41a7-a03c-d01e34ef1ccf; work-dir=s3://nao-harmon/prussin2019/work/c8/5a1147ab51d07b194cd565f1bd7336
Jun-21 20:20:57.386 [AWSBatch-executor-13] INFO  nextflow.Session - [c8/5a1147] Submitted process > CLEAN_READS:PREPROCESS_CUTADAPT (11)
Jun-21 20:20:57.394 [Actor Thread 2] INFO  nextflow.processor.TaskProcessor - [c8/9fb849] Cached process > HANDLE_RAW_READS:FASTQC_CONCAT (20)
Jun-21 20:20:57.394 [AWSBatch-executor-2] DEBUG n.c.aws.batch.AwsBatchTaskHandler - [AWS BATCH] Process `CLEAN_READS:PREPROCESS_CUTADAPT (3)` submitted > job=f11b3f1e-5f6e-46a2-b50b-d68aae795681; work-dir=s3://nao-harmon/prussin2019/work/9a/2cc06a2f09d6cc0dc660c975a475fa
Jun-21 20:20:57.394 [AWSBatch-executor-2] INFO  nextflow.Session - [9a/2cc06a] Submitted process > CLEAN_READS:PREPROCESS_CUTADAPT (3)
Jun-21 20:20:57.397 [AWSBatch-executor-4] DEBUG n.c.aws.batch.AwsBatchTaskHandler - [AWS BATCH] Process `CLEAN_READS:PREPROCESS_CUTADAPT (4)` submitted > job=ccfed24e-d685-4b39-922e-f4ec8794faf2; work-dir=s3://nao-harmon/prussin2019/work/4d/7b3b47c46da08e103fc1e21d48ebae
Jun-21 20:20:57.397 [AWSBatch-executor-4] INFO  nextflow.Session - [4d/7b3b47] Submitted process > CLEAN_READS:PREPROCESS_CUTADAPT (4)
Jun-21 20:20:57.406 [AWSBatch-executor-10] DEBUG n.c.aws.batch.AwsBatchTaskHandler - [AWS BATCH] Process `CLEAN_READS:PREPROCESS_CUTADAPT (9)` submitted > job=d41ea103-248e-4c87-9d88-14bbaf3952dc; work-dir=s3://nao-harmon/prussin2019/work/18/652c3fec09b236108d69420d5c6169
Jun-21 20:20:57.406 [AWSBatch-executor-10] INFO  nextflow.Session - [18/652c3f] Submitted process > CLEAN_READS:PREPROCESS_CUTADAPT (9)
Jun-21 20:20:57.416 [AWSBatch-executor-12] DEBUG n.c.aws.batch.AwsBatchTaskHandler - [AWS BATCH] Process `CLEAN_READS:PREPROCESS_CUTADAPT (12)` submitted > job=f23ebb41-89b4-486f-a103-7ed5353e5df7; work-dir=s3://nao-harmon/prussin2019/work/53/e84c92f83db2beed3a6455f9716cc1
Jun-21 20:20:57.416 [AWSBatch-executor-6] DEBUG n.c.aws.batch.AwsBatchTaskHandler - [AWS BATCH] Process `CLEAN_READS:PREPROCESS_CUTADAPT (6)` submitted > job=b2e108af-f43f-43e2-bcd0-cc947f5ac733; work-dir=s3://nao-harmon/prussin2019/work/29/86400a51d82119cd5dd32c9f507c4b
Jun-21 20:20:57.416 [AWSBatch-executor-12] INFO  nextflow.Session - [53/e84c92] Submitted process > CLEAN_READS:PREPROCESS_CUTADAPT (12)
Jun-21 20:20:57.416 [AWSBatch-executor-6] INFO  nextflow.Session - [29/86400a] Submitted process > CLEAN_READS:PREPROCESS_CUTADAPT (6)
Jun-21 20:20:57.416 [AWSBatch-executor-8] DEBUG n.c.aws.batch.AwsBatchTaskHandler - [AWS BATCH] Process `CLEAN_READS:PREPROCESS_CUTADAPT (7)` submitted > job=74b8984a-c39d-4f54-b9d4-77d6a28cf602; work-dir=s3://nao-harmon/prussin2019/work/59/c7195c70ee601c95fa1f02b90451c4
Jun-21 20:20:57.416 [AWSBatch-executor-8] INFO  nextflow.Session - [59/c7195c] Submitted process > CLEAN_READS:PREPROCESS_CUTADAPT (7)
Jun-21 20:20:57.418 [AWSBatch-executor-7] DEBUG n.c.aws.batch.AwsBatchTaskHandler - [AWS BATCH] Process `CLEAN_READS:PREPROCESS_CUTADAPT (5)` submitted > job=b695053b-938f-4a6f-9a24-fca7bbf56649; work-dir=s3://nao-harmon/prussin2019/work/95/8c43a841b6c08742a9742a8be8b174
Jun-21 20:20:57.418 [AWSBatch-executor-7] INFO  nextflow.Session - [95/8c43a8] Submitted process > CLEAN_READS:PREPROCESS_CUTADAPT (5)
Jun-21 20:20:57.419 [AWSBatch-executor-14] DEBUG n.c.aws.batch.AwsBatchTaskHandler - [AWS BATCH] Process `CLEAN_READS:PREPROCESS_CUTADAPT (13)` submitted > job=c79b4eed-b409-45fc-b025-38e1f7117ce0; work-dir=s3://nao-harmon/prussin2019/work/cd/009a7bf295924bc90f05fba793cfd2
Jun-21 20:20:57.419 [AWSBatch-executor-14] INFO  nextflow.Session - [cd/009a7b] Submitted process > CLEAN_READS:PREPROCESS_CUTADAPT (13)
Jun-21 20:20:57.424 [AWSBatch-executor-3] DEBUG n.c.aws.batch.AwsBatchTaskHandler - [AWS BATCH] Process `CLEAN_READS:PREPROCESS_CUTADAPT (2)` submitted > job=5844ad3a-8e64-4440-8df9-b6b54310bb7c; work-dir=s3://nao-harmon/prussin2019/work/27/5165c377af0834c3269469f883a1a3
Jun-21 20:20:57.425 [AWSBatch-executor-3] INFO  nextflow.Session - [27/5165c3] Submitted process > CLEAN_READS:PREPROCESS_CUTADAPT (2)
Jun-21 20:20:57.428 [AWSBatch-executor-5] DEBUG n.c.aws.batch.AwsBatchTaskHandler - [AWS BATCH] Process `CLEAN_READS:PREPROCESS_CUTADAPT (1)` submitted > job=f4c931f3-e1f4-4405-8174-c90e0b1ce866; work-dir=s3://nao-harmon/prussin2019/work/d7/ec5beb6b03d36e2ca7c50e602a5058
Jun-21 20:20:57.428 [AWSBatch-executor-5] INFO  nextflow.Session - [d7/ec5beb] Submitted process > CLEAN_READS:PREPROCESS_CUTADAPT (1)
Jun-21 20:20:57.433 [AWSBatch-executor-11] DEBUG n.c.aws.batch.AwsBatchTaskHandler - [AWS BATCH] Process `CLEAN_READS:PREPROCESS_CUTADAPT (10)` submitted > job=bcd1ede7-b379-40a6-a986-4384855343eb; work-dir=s3://nao-harmon/prussin2019/work/10/0744e3832d9e3624d878686f325a41
Jun-21 20:20:57.433 [AWSBatch-executor-11] INFO  nextflow.Session - [10/0744e3] Submitted process > CLEAN_READS:PREPROCESS_CUTADAPT (10)
Jun-21 20:20:57.454 [AWSBatch-executor-9] DEBUG n.c.aws.batch.AwsBatchTaskHandler - [AWS BATCH] Process `CLEAN_READS:PREPROCESS_CUTADAPT (8)` submitted > job=7f1be792-a10e-4dd9-973f-d987fc2054d0; work-dir=s3://nao-harmon/prussin2019/work/fc/48e5b59461bf0d7907ee84365317bc
Jun-21 20:20:57.454 [AWSBatch-executor-9] INFO  nextflow.Session - [fc/48e5b5] Submitted process > CLEAN_READS:PREPROCESS_CUTADAPT (8)
Jun-21 20:20:57.463 [Actor Thread 8] INFO  nextflow.processor.TaskProcessor - [d7/332757] Cached process > HANDLE_RAW_READS:FASTQC_CONCAT (22)
Jun-21 20:20:57.465 [Actor Thread 28] INFO  nextflow.processor.TaskProcessor - [88/5476ca] Cached process > HANDLE_RAW_READS:FASTQC_CONCAT (21)
Jun-21 20:20:57.467 [Actor Thread 7] INFO  nextflow.processor.TaskProcessor - [ee/5c347d] Cached process > HANDLE_RAW_READS:FASTQC_CONCAT (23)
Jun-21 20:20:57.494 [Actor Thread 26] INFO  nextflow.processor.TaskProcessor - [b3/2da3ea] Cached process > HANDLE_RAW_READS:FASTQC_CONCAT (24)
Jun-21 20:20:57.509 [AWSBatch-executor-17] DEBUG n.c.aws.batch.AwsBatchTaskHandler - [AWS BATCH] Process `CLEAN_READS:PREPROCESS_CUTADAPT (16)` submitted > job=57d3b50b-bf35-4de6-baf6-bf1c86609948; work-dir=s3://nao-harmon/prussin2019/work/be/faed344a4ba47d2f83b41df4390a59
Jun-21 20:20:57.509 [AWSBatch-executor-17] INFO  nextflow.Session - [be/faed34] Submitted process > CLEAN_READS:PREPROCESS_CUTADAPT (16)
Jun-21 20:20:57.531 [AWSBatch-executor-1] DEBUG n.c.aws.batch.AwsBatchTaskHandler - [AWS BATCH] Process `CLEAN_READS:PREPROCESS_CUTADAPT (18)` submitted > job=46b9f886-cf1b-4aa0-9e7a-b5d84427fbe1; work-dir=s3://nao-harmon/prussin2019/work/82/8de2460f0e483c9f21ff25ebbdd226
Jun-21 20:20:57.531 [AWSBatch-executor-1] INFO  nextflow.Session - [82/8de246] Submitted process > CLEAN_READS:PREPROCESS_CUTADAPT (18)
Jun-21 20:20:57.533 [AWSBatch-executor-16] DEBUG n.c.aws.batch.AwsBatchTaskHandler - [AWS BATCH] Process `CLEAN_READS:PREPROCESS_CUTADAPT (15)` submitted > job=4197a05b-a32e-4ae7-ad59-1c88653522bd; work-dir=s3://nao-harmon/prussin2019/work/38/410ec17b88e3420c1c043ff734144d
Jun-21 20:20:57.533 [AWSBatch-executor-16] INFO  nextflow.Session - [38/410ec1] Submitted process > CLEAN_READS:PREPROCESS_CUTADAPT (15)
Jun-21 20:20:57.539 [AWSBatch-executor-15] DEBUG n.c.aws.batch.AwsBatchTaskHandler - [AWS BATCH] Process `CLEAN_READS:PREPROCESS_CUTADAPT (14)` submitted > job=54973e6f-f053-4fe8-b7ed-ef7dc05f4094; work-dir=s3://nao-harmon/prussin2019/work/30/4548d975ed7c70f4ae782cf8a8f849
Jun-21 20:20:57.539 [AWSBatch-executor-15] INFO  nextflow.Session - [30/4548d9] Submitted process > CLEAN_READS:PREPROCESS_CUTADAPT (14)
Jun-21 20:20:57.551 [AWSBatch-executor-19] DEBUG n.c.aws.batch.AwsBatchTaskHandler - [AWS BATCH] Process `CLEAN_READS:PREPROCESS_CUTADAPT (17)` submitted > job=795d3fec-37df-4e09-b5ef-f213e636d7a7; work-dir=s3://nao-harmon/prussin2019/work/d8/95414260407b6931afc57c2499a33e
Jun-21 20:20:57.551 [AWSBatch-executor-19] INFO  nextflow.Session - [d8/954142] Submitted process > CLEAN_READS:PREPROCESS_CUTADAPT (17)
Jun-21 20:20:57.558 [Actor Thread 17] INFO  nextflow.processor.TaskProcessor - [5d/d8fabb] Cached process > HANDLE_RAW_READS:FASTQC_CONCAT (26)
Jun-21 20:20:57.570 [Actor Thread 2] INFO  nextflow.processor.TaskProcessor - [ac/94d488] Cached process > HANDLE_RAW_READS:FASTQC_CONCAT (25)
Jun-21 20:20:57.574 [Actor Thread 28] INFO  nextflow.processor.TaskProcessor - [72/50e52c] Cached process > HANDLE_RAW_READS:FASTQC_CONCAT (27)
Jun-21 20:20:57.598 [Actor Thread 26] INFO  nextflow.processor.TaskProcessor - [72/7cc85f] Cached process > HANDLE_RAW_READS:FASTQC_CONCAT (28)
Jun-21 20:20:57.628 [AWSBatch-executor-2] DEBUG n.c.aws.batch.AwsBatchTaskHandler - [AWS BATCH] Process `CLEAN_READS:PREPROCESS_CUTADAPT (19)` submitted > job=cf41fbc7-b97f-420b-868b-2850a8c7976e; work-dir=s3://nao-harmon/prussin2019/work/49/e95a9647ee02da069db4eb3efc0e56
Jun-21 20:20:57.628 [AWSBatch-executor-2] INFO  nextflow.Session - [49/e95a96] Submitted process > CLEAN_READS:PREPROCESS_CUTADAPT (19)
Jun-21 20:20:57.650 [AWSBatch-executor-10] DEBUG n.c.aws.batch.AwsBatchTaskHandler - [AWS BATCH] Process `CLEAN_READS:PREPROCESS_CUTADAPT (22)` submitted > job=e40daaaf-4c02-44eb-b19d-d9570f6cd2d7; work-dir=s3://nao-harmon/prussin2019/work/21/69596a7b0b0382f56954f4cc67fad6
Jun-21 20:20:57.650 [AWSBatch-executor-10] INFO  nextflow.Session - [21/69596a] Submitted process > CLEAN_READS:PREPROCESS_CUTADAPT (22)
Jun-21 20:20:57.659 [AWSBatch-executor-4] DEBUG n.c.aws.batch.AwsBatchTaskHandler - [AWS BATCH] Process `CLEAN_READS:PREPROCESS_CUTADAPT (21)` submitted > job=15cceff9-4a6e-4093-9266-1c9d9d94d769; work-dir=s3://nao-harmon/prussin2019/work/05/83b564066543d271a8e79984f2b986
Jun-21 20:20:57.659 [AWSBatch-executor-4] INFO  nextflow.Session - [05/83b564] Submitted process > CLEAN_READS:PREPROCESS_CUTADAPT (21)
Jun-21 20:20:57.661 [Actor Thread 13] INFO  nextflow.processor.TaskProcessor - [6a/194717] Cached process > HANDLE_RAW_READS:FASTQC_CONCAT (29)
Jun-21 20:20:57.665 [AWSBatch-executor-13] DEBUG n.c.aws.batch.AwsBatchTaskHandler - [AWS BATCH] Process `CLEAN_READS:PREPROCESS_CUTADAPT (20)` submitted > job=983df0e0-6a0a-4c2c-aa3f-7798b540fbb9; work-dir=s3://nao-harmon/prussin2019/work/79/be7dc8dbaa3e16cba7275b25ee71dd
Jun-21 20:20:57.665 [AWSBatch-executor-13] INFO  nextflow.Session - [79/be7dc8] Submitted process > CLEAN_READS:PREPROCESS_CUTADAPT (20)
Jun-21 20:20:57.680 [AWSBatch-executor-18] DEBUG n.c.aws.batch.AwsBatchTaskHandler - [AWS BATCH] [AWS BATCH] Created job definition name=nf-wave-seqera-io-wt-a3a3839d3757-staphb-seqtk-latest:1; container=wave.seqera.io/wt/a3a3839d3757/staphb/seqtk:latest
Jun-21 20:20:57.685 [Actor Thread 17] INFO  nextflow.processor.TaskProcessor - [b0/b35bfe] Cached process > HANDLE_RAW_READS:FASTQC_CONCAT (30)
Jun-21 20:20:57.726 [AWSBatch-executor-18] DEBUG n.c.aws.batch.AwsBatchTaskHandler - [AWS BATCH] Process `HANDLE_RAW_READS:CONCAT_GZIPPED (31)` submitted > job=62090afa-180c-4e6c-800e-4f581bfc6135; work-dir=s3://nao-harmon/prussin2019/work/ba/14ebe619748a706c59646e66e4b268
Jun-21 20:20:57.727 [AWSBatch-executor-18] INFO  nextflow.Session - [ba/14ebe6] Submitted process > HANDLE_RAW_READS:CONCAT_GZIPPED (31)
Jun-21 20:20:57.734 [AWSBatch-executor-20] DEBUG n.c.aws.batch.AwsBatchTaskHandler - [AWS BATCH] Process `HANDLE_RAW_READS:CONCAT_GZIPPED (32)` submitted > job=3a371de2-99ee-451c-ab91-10a846da19eb; work-dir=s3://nao-harmon/prussin2019/work/a0/04ef6e394935ef84ee822143b243b1
Jun-21 20:20:57.734 [AWSBatch-executor-20] INFO  nextflow.Session - [a0/04ef6e] Submitted process > HANDLE_RAW_READS:CONCAT_GZIPPED (32)
Jun-21 20:20:57.745 [AWSBatch-executor-12] DEBUG n.c.aws.batch.AwsBatchTaskHandler - [AWS BATCH] Process `CLEAN_READS:PREPROCESS_CUTADAPT (25)` submitted > job=13b0f80c-d2b8-4551-8025-ed0713bad6e4; work-dir=s3://nao-harmon/prussin2019/work/ba/259b9c06408b798635fcd87a59da04
Jun-21 20:20:57.745 [AWSBatch-executor-12] INFO  nextflow.Session - [ba/259b9c] Submitted process > CLEAN_READS:PREPROCESS_CUTADAPT (25)
Jun-21 20:20:57.749 [AWSBatch-executor-8] DEBUG n.c.aws.batch.AwsBatchTaskHandler - [AWS BATCH] Process `CLEAN_READS:PREPROCESS_CUTADAPT (24)` submitted > job=9afe03ec-e257-41ac-a485-6c60a39cff3b; work-dir=s3://nao-harmon/prussin2019/work/bb/661ae79a7e66428d0dc1538c86ef6c
Jun-21 20:20:57.750 [AWSBatch-executor-8] INFO  nextflow.Session - [bb/661ae7] Submitted process > CLEAN_READS:PREPROCESS_CUTADAPT (24)
Jun-21 20:20:57.754 [AWSBatch-executor-6] DEBUG n.c.aws.batch.AwsBatchTaskHandler - [AWS BATCH] Process `CLEAN_READS:PREPROCESS_CUTADAPT (23)` submitted > job=2a7b5b8e-1385-49bf-a560-123f1ff598d7; work-dir=s3://nao-harmon/prussin2019/work/ad/066daab9b0917786c531dc729f1c0c
Jun-21 20:20:57.754 [AWSBatch-executor-6] INFO  nextflow.Session - [ad/066daa] Submitted process > CLEAN_READS:PREPROCESS_CUTADAPT (23)
Jun-21 20:20:57.827 [AWSBatch-executor-14] DEBUG n.c.aws.batch.AwsBatchTaskHandler - [AWS BATCH] Process `CLEAN_READS:PREPROCESS_CUTADAPT (26)` submitted > job=1b09e547-2091-4e63-bf0c-6074bfd3eadd; work-dir=s3://nao-harmon/prussin2019/work/29/587870f2a37ad3aafbb087dcf1a7f0
Jun-21 20:20:57.828 [AWSBatch-executor-14] INFO  nextflow.Session - [29/587870] Submitted process > CLEAN_READS:PREPROCESS_CUTADAPT (26)
Jun-21 20:20:57.833 [AWSBatch-executor-7] DEBUG n.c.aws.batch.AwsBatchTaskHandler - [AWS BATCH] Process `CLEAN_READS:PREPROCESS_CUTADAPT (27)` submitted > job=3e92cdcb-cafb-43b3-a326-0a37ec50be37; work-dir=s3://nao-harmon/prussin2019/work/6a/48d2bb4fd894d40dc0fc42e6e562fd
Jun-21 20:20:57.833 [AWSBatch-executor-7] INFO  nextflow.Session - [6a/48d2bb] Submitted process > CLEAN_READS:PREPROCESS_CUTADAPT (27)
Jun-21 20:20:57.857 [AWSBatch-executor-3] DEBUG n.c.aws.batch.AwsBatchTaskHandler - [AWS BATCH] Process `CLEAN_READS:PREPROCESS_CUTADAPT (28)` submitted > job=7084c67c-b55f-4209-9c7c-fa0efd9f4b26; work-dir=s3://nao-harmon/prussin2019/work/2f/a5c0c7bf29b7109b19c37ae45657b0
Jun-21 20:20:57.858 [AWSBatch-executor-3] INFO  nextflow.Session - [2f/a5c0c7] Submitted process > CLEAN_READS:PREPROCESS_CUTADAPT (28)
Jun-21 20:20:57.927 [AWSBatch-executor-5] DEBUG n.c.aws.batch.AwsBatchTaskHandler - [AWS BATCH] Process `CLEAN_READS:PREPROCESS_CUTADAPT (29)` submitted > job=f828fabb-62e0-458c-896d-216d7e6be785; work-dir=s3://nao-harmon/prussin2019/work/32/a3e1e28245c889a5a46c120743a15b
Jun-21 20:20:57.928 [AWSBatch-executor-5] INFO  nextflow.Session - [32/a3e1e2] Submitted process > CLEAN_READS:PREPROCESS_CUTADAPT (29)
Jun-21 20:20:57.970 [AWSBatch-executor-11] DEBUG n.c.aws.batch.AwsBatchTaskHandler - [AWS BATCH] Process `CLEAN_READS:PREPROCESS_CUTADAPT (30)` submitted > job=9126e713-3a0b-4d21-97db-fbd570bc5de0; work-dir=s3://nao-harmon/prussin2019/work/ee/195257be16cd5548ba0bdabf0c465c
Jun-21 20:20:57.970 [AWSBatch-executor-11] INFO  nextflow.Session - [ee/195257] Submitted process > CLEAN_READS:PREPROCESS_CUTADAPT (30)
